{"meta": {"format": 3, "version": "7.13.4", "timestamp": "2026-03-30T10:47:23.942916", "branch_coverage": false, "show_contexts": false}, "files": {"backend/src/api/advanced_events.py": {"executed_lines": [], "summary": {"covered_lines": 0, "num_statements": 97, "percent_covered": 0.0, "percent_covered_display": "0.00", "missing_lines": 97, "excluded_lines": 181, "percent_statements_covered": 0.0, "percent_statements_covered_display": "0.00"}, "missing_lines": [1, 2, 3, 4, 5, 6, 7, 8, 9, 11, 14, 17, 18, 19, 20, 21, 22, 23, 24, 25, 28, 31, 32, 33, 34, 35, 38, 41, 42, 43, 44, 45, 46, 47, 48, 49, 53, 57, 58, 61, 65, 66, 69, 73, 74, 75, 78, 82, 83, 84, 85, 88, 95, 96, 97, 98, 99, 100, 103, 109, 110, 111, 112, 115, 118, 119, 120, 121, 122, 123, 124, 125, 128, 132, 133, 136, 142, 143, 144, 148, 248, 251, 255, 271, 274, 278, 290, 293, 297, 313, 318, 322, 483, 487, 490, 498, 499], "excluded_lines": [56, 64, 72, 81, 91, 92, 93, 94, 106, 107, 108, 131, 139, 140, 141, 339, 340, 341, 342, 343, 344, 345, 346, 347, 348, 349, 350, 351, 352, 353, 354, 355, 356, 357, 358, 359, 360, 361, 362, 363, 364, 365, 366, 367, 368, 369, 370, 371, 372, 373, 374, 375, 376, 377, 378, 379, 380, 381, 382, 383, 384, 385, 386, 387, 388, 389, 390, 391, 392, 393, 396, 397, 398, 399, 400, 401, 402, 403, 404, 405, 406, 407, 408, 409, 410, 411, 412, 413, 414, 417, 418, 419, 420, 421, 422, 423, 424, 425, 426, 427, 428, 429, 430, 431, 432, 433, 434, 435, 436, 437, 438, 439, 440, 441, 442, 443, 444, 445, 446, 447, 448, 449, 450, 451, 452, 453, 454, 455, 456, 459, 460, 461, 462, 463, 464, 465, 466, 467, 468, 469, 470, 471, 472, 473, 474, 475, 476, 477, 478, 479, 480, 502, 503, 504, 505, 506, 507, 508, 509, 510, 511, 512, 513, 514, 515, 516, 517, 518, 519, 520, 521, 522, 523, 524, 525, 526, 527, 528, 529, 530, 531], "functions": {"get_event_types": {"executed_lines": [], "summary": {"covered_lines": 0, "num_statements": 1, "percent_covered": 0.0, "percent_covered_display": "0.00", "missing_lines": 1, "excluded_lines": 0, "percent_statements_covered": 0.0, "percent_statements_covered_display": "0.00"}, "missing_lines": [255], "excluded_lines": [], "start_line": 251}, "get_trigger_types": {"executed_lines": [], "summary": {"covered_lines": 0, "num_statements": 1, "percent_covered": 0.0, "percent_covered_display": "0.00", "missing_lines": 1, "excluded_lines": 0, "percent_statements_covered": 0.0, "percent_statements_covered_display": "0.00"}, "missing_lines": [278], "excluded_lines": [], "start_line": 274}, "get_action_types": {"executed_lines": [], "summary": {"covered_lines": 0, "num_statements": 1, "percent_covered": 0.0, "percent_covered_display": "0.00", "missing_lines": 1, "excluded_lines": 0, "percent_statements_covered": 0.0, "percent_statements_covered_display": "0.00"}, "missing_lines": [297], "excluded_lines": [], "start_line": 293}, "get_event_templates": {"executed_lines": [], "summary": {"covered_lines": 0, "num_statements": 1, "percent_covered": 0.0, "percent_covered_display": "0.00", "missing_lines": 1, "excluded_lines": 0, "percent_statements_covered": 0.0, "percent_statements_covered_display": "0.00"}, "missing_lines": [322], "excluded_lines": [], "start_line": 318}, "create_event_system": {"executed_lines": [], "summary": {"covered_lines": 0, "num_statements": 0, "percent_covered": 100.0, "percent_covered_display": "100.00", "missing_lines": 0, "excluded_lines": 44, "percent_statements_covered": 100.0, "percent_statements_covered_display": "100.00"}, "missing_lines": [], "excluded_lines": [350, 351, 352, 353, 354, 355, 356, 357, 358, 359, 360, 361, 362, 363, 364, 365, 366, 367, 368, 369, 370, 371, 372, 373, 374, 375, 376, 377, 378, 379, 380, 381, 382, 383, 384, 385, 386, 387, 388, 389, 390, 391, 392, 393], "start_line": 345}, "get_event_system": {"executed_lines": [], "summary": {"covered_lines": 0, "num_statements": 0, "percent_covered": 100.0, "percent_covered_display": "100.00", "missing_lines": 0, "excluded_lines": 11, "percent_statements_covered": 100.0, "percent_statements_covered_display": "100.00"}, "missing_lines": [], "excluded_lines": [404, 405, 406, 407, 408, 409, 410, 411, 412, 413, 414], "start_line": 401}, "test_event_system": {"executed_lines": [], "summary": {"covered_lines": 0, "num_statements": 0, "percent_covered": 100.0, "percent_covered_display": "100.00", "missing_lines": 0, "excluded_lines": 30, "percent_statements_covered": 100.0, "percent_statements_covered_display": "100.00"}, "missing_lines": [], "excluded_lines": [427, 428, 429, 430, 431, 432, 433, 434, 435, 436, 437, 438, 439, 440, 441, 442, 443, 444, 445, 446, 447, 448, 449, 450, 451, 452, 453, 454, 455, 456], "start_line": 422}, "generate_event_system_functions": {"executed_lines": [], "summary": {"covered_lines": 0, "num_statements": 0, "percent_covered": 100.0, "percent_covered_display": "100.00", "missing_lines": 0, "excluded_lines": 12, "percent_statements_covered": 100.0, "percent_statements_covered_display": "100.00"}, "missing_lines": [], "excluded_lines": [469, 470, 471, 472, 473, 474, 475, 476, 477, 478, 479, 480], "start_line": 464}, "generate_event_functions_background": {"executed_lines": [], "summary": {"covered_lines": 0, "num_statements": 4, "percent_covered": 0.0, "percent_covered_display": "0.00", "missing_lines": 4, "excluded_lines": 0, "percent_statements_covered": 0.0, "percent_statements_covered_display": "0.00"}, "missing_lines": [487, 490, 498, 499], "excluded_lines": [], "start_line": 483}, "get_event_system_debug": {"executed_lines": [], "summary": {"covered_lines": 0, "num_statements": 0, "percent_covered": 100.0, "percent_covered_display": "100.00", "missing_lines": 0, "excluded_lines": 26, "percent_statements_covered": 100.0, "percent_statements_covered_display": "100.00"}, "missing_lines": [], "excluded_lines": [506, 507, 508, 509, 510, 511, 512, 513, 514, 515, 516, 517, 518, 519, 520, 521, 522, 523, 524, 525, 526, 527, 528, 529, 530, 531], "start_line": 503}, "": {"executed_lines": [], "summary": {"covered_lines": 0, "num_statements": 89, "percent_covered": 0.0, "percent_covered_display": "0.00", "missing_lines": 89, "excluded_lines": 58, "percent_statements_covered": 0.0, "percent_statements_covered_display": "0.00"}, "missing_lines": [1, 2, 3, 4, 5, 6, 7, 8, 9, 11, 14, 17, 18, 19, 20, 21, 22, 23, 24, 25, 28, 31, 32, 33, 34, 35, 38, 41, 42, 43, 44, 45, 46, 47, 48, 49, 53, 57, 58, 61, 65, 66, 69, 73, 74, 75, 78, 82, 83, 84, 85, 88, 95, 96, 97, 98, 99, 100, 103, 109, 110, 111, 112, 115, 118, 119, 120, 121, 122, 123, 124, 125, 128, 132, 133, 136, 142, 143, 144, 148, 248, 251, 271, 274, 290, 293, 313, 318, 483], "excluded_lines": [56, 64, 72, 81, 91, 92, 93, 94, 106, 107, 108, 131, 139, 140, 141, 339, 340, 341, 342, 343, 344, 345, 346, 347, 348, 349, 396, 397, 398, 399, 400, 401, 402, 403, 417, 418, 419, 420, 421, 422, 423, 424, 425, 426, 459, 460, 461, 462, 463, 464, 465, 466, 467, 468, 502, 503, 504, 505], "start_line": 1}}, "classes": {"EventType": {"executed_lines": [], "summary": {"covered_lines": 0, "num_statements": 0, "percent_covered": 100.0, "percent_covered_display": "100.00", "missing_lines": 0, "excluded_lines": 0, "percent_statements_covered": 100.0, "percent_statements_covered_display": "100.00"}, "missing_lines": [], "excluded_lines": [], "start_line": 14}, "EventTriggerType": {"executed_lines": [], "summary": {"covered_lines": 0, "num_statements": 0, "percent_covered": 100.0, "percent_covered_display": "100.00", "missing_lines": 0, "excluded_lines": 0, "percent_statements_covered": 100.0, "percent_statements_covered_display": "100.00"}, "missing_lines": [], "excluded_lines": [], "start_line": 28}, "EventActionType": {"executed_lines": [], "summary": {"covered_lines": 0, "num_statements": 0, "percent_covered": 100.0, "percent_covered_display": "100.00", "missing_lines": 0, "excluded_lines": 0, "percent_statements_covered": 100.0, "percent_statements_covered_display": "100.00"}, "missing_lines": [], "excluded_lines": [], "start_line": 38}, "EventCondition": {"executed_lines": [], "summary": {"covered_lines": 0, "num_statements": 0, "percent_covered": 100.0, "percent_covered_display": "100.00", "missing_lines": 0, "excluded_lines": 0, "percent_statements_covered": 100.0, "percent_statements_covered_display": "100.00"}, "missing_lines": [], "excluded_lines": [], "start_line": 53}, "EventTrigger": {"executed_lines": [], "summary": {"covered_lines": 0, "num_statements": 0, "percent_covered": 100.0, "percent_covered_display": "100.00", "missing_lines": 0, "excluded_lines": 0, "percent_statements_covered": 100.0, "percent_statements_covered_display": "100.00"}, "missing_lines": [], "excluded_lines": [], "start_line": 61}, "EventAction": {"executed_lines": [], "summary": {"covered_lines": 0, "num_statements": 0, "percent_covered": 100.0, "percent_covered_display": "100.00", "missing_lines": 0, "excluded_lines": 0, "percent_statements_covered": 100.0, "percent_statements_covered_display": "100.00"}, "missing_lines": [], "excluded_lines": [], "start_line": 69}, "EventSystemConfig": {"executed_lines": [], "summary": {"covered_lines": 0, "num_statements": 0, "percent_covered": 100.0, "percent_covered_display": "100.00", "missing_lines": 0, "excluded_lines": 0, "percent_statements_covered": 100.0, "percent_statements_covered_display": "100.00"}, "missing_lines": [], "excluded_lines": [], "start_line": 78}, "AdvancedEventSystem": {"executed_lines": [], "summary": {"covered_lines": 0, "num_statements": 0, "percent_covered": 100.0, "percent_covered_display": "100.00", "missing_lines": 0, "excluded_lines": 0, "percent_statements_covered": 100.0, "percent_statements_covered_display": "100.00"}, "missing_lines": [], "excluded_lines": [], "start_line": 88}, "AdvancedEventSystemCreate": {"executed_lines": [], "summary": {"covered_lines": 0, "num_statements": 0, "percent_covered": 100.0, "percent_covered_display": "100.00", "missing_lines": 0, "excluded_lines": 0, "percent_statements_covered": 100.0, "percent_statements_covered_display": "100.00"}, "missing_lines": [], "excluded_lines": [], "start_line": 103}, "AdvancedEventSystemUpdate": {"executed_lines": [], "summary": {"covered_lines": 0, "num_statements": 0, "percent_covered": 100.0, "percent_covered_display": "100.00", "missing_lines": 0, "excluded_lines": 0, "percent_statements_covered": 100.0, "percent_statements_covered_display": "100.00"}, "missing_lines": [], "excluded_lines": [], "start_line": 115}, "EventSystemTest": {"executed_lines": [], "summary": {"covered_lines": 0, "num_statements": 0, "percent_covered": 100.0, "percent_covered_display": "100.00", "missing_lines": 0, "excluded_lines": 0, "percent_statements_covered": 100.0, "percent_statements_covered_display": "100.00"}, "missing_lines": [], "excluded_lines": [], "start_line": 128}, "EventSystemTestResult": {"executed_lines": [], "summary": {"covered_lines": 0, "num_statements": 0, "percent_covered": 100.0, "percent_covered_display": "100.00", "missing_lines": 0, "excluded_lines": 0, "percent_statements_covered": 100.0, "percent_statements_covered_display": "100.00"}, "missing_lines": [], "excluded_lines": [], "start_line": 136}, "": {"executed_lines": [], "summary": {"covered_lines": 0, "num_statements": 97, "percent_covered": 0.0, "percent_covered_display": "0.00", "missing_lines": 97, "excluded_lines": 181, "percent_statements_covered": 0.0, "percent_statements_covered_display": "0.00"}, "missing_lines": [1, 2, 3, 4, 5, 6, 7, 8, 9, 11, 14, 17, 18, 19, 20, 21, 22, 23, 24, 25, 28, 31, 32, 33, 34, 35, 38, 41, 42, 43, 44, 45, 46, 47, 48, 49, 53, 57, 58, 61, 65, 66, 69, 73, 74, 75, 78, 82, 83, 84, 85, 88, 95, 96, 97, 98, 99, 100, 103, 109, 110, 111, 112, 115, 118, 119, 120, 121, 122, 123, 124, 125, 128, 132, 133, 136, 142, 143, 144, 148, 248, 251, 255, 271, 274, 278, 290, 293, 297, 313, 318, 322, 483, 487, 490, 498, 499], "excluded_lines": [56, 64, 72, 81, 91, 92, 93, 94, 106, 107, 108, 131, 139, 140, 141, 339, 340, 341, 342, 343, 344, 345, 346, 347, 348, 349, 350, 351, 352, 353, 354, 355, 356, 357, 358, 359, 360, 361, 362, 363, 364, 365, 366, 367, 368, 369, 370, 371, 372, 373, 374, 375, 376, 377, 378, 379, 380, 381, 382, 383, 384, 385, 386, 387, 388, 389, 390, 391, 392, 393, 396, 397, 398, 399, 400, 401, 402, 403, 404, 405, 406, 407, 408, 409, 410, 411, 412, 413, 414, 417, 418, 419, 420, 421, 422, 423, 424, 425, 426, 427, 428, 429, 430, 431, 432, 433, 434, 435, 436, 437, 438, 439, 440, 441, 442, 443, 444, 445, 446, 447, 448, 449, 450, 451, 452, 453, 454, 455, 456, 459, 460, 461, 462, 463, 464, 465, 466, 467, 468, 469, 470, 471, 472, 473, 474, 475, 476, 477, 478, 479, 480, 502, 503, 504, 505, 506, 507, 508, 509, 510, 511, 512, 513, 514, 515, 516, 517, 518, 519, 520, 521, 522, 523, 524, 525, 526, 527, 528, 529, 530, 531], "start_line": 1}}}, "backend/src/api/analytics.py": {"executed_lines": [], "summary": {"covered_lines": 0, "num_statements": 142, "percent_covered": 0.0, "percent_covered_display": "0.00", "missing_lines": 142, "excluded_lines": 0, "percent_statements_covered": 0.0, "percent_statements_covered_display": "0.00"}, "missing_lines": [5, 6, 7, 8, 9, 10, 11, 13, 14, 17, 19, 22, 25, 26, 27, 28, 29, 30, 32, 57, 60, 61, 62, 63, 64, 65, 66, 67, 70, 73, 74, 75, 76, 77, 78, 79, 80, 81, 84, 87, 88, 89, 90, 93, 94, 105, 108, 109, 110, 113, 114, 115, 116, 117, 118, 121, 123, 124, 136, 147, 148, 150, 152, 155, 156, 174, 175, 176, 177, 178, 179, 180, 181, 182, 183, 184, 185, 188, 189, 190, 191, 192, 193, 195, 197, 198, 210, 224, 225, 226, 228, 231, 232, 245, 246, 251, 253, 255, 256, 259, 268, 275, 280, 287, 288, 289, 291, 295, 296, 308, 309, 310, 311, 313, 315, 316, 325, 327, 328, 329, 331, 334, 335, 351, 359, 360, 366, 367, 368, 369, 371, 373, 375, 376, 386, 388, 389, 390, 392, 395, 396, 403], "excluded_lines": [], "functions": {"track_event": {"executed_lines": [], "summary": {"covered_lines": 0, "num_statements": 18, "percent_covered": 0.0, "percent_covered_display": "0.00", "missing_lines": 18, "excluded_lines": 0, "percent_statements_covered": 0.0, "percent_statements_covered_display": "0.00"}, "missing_lines": [105, 108, 109, 110, 113, 114, 115, 116, 117, 118, 121, 123, 124, 136, 147, 148, 150, 152], "excluded_lines": [], "start_line": 94}, "get_events": {"executed_lines": [], "summary": {"covered_lines": 0, "num_statements": 26, "percent_covered": 0.0, "percent_covered_display": "0.00", "missing_lines": 26, "excluded_lines": 0, "percent_statements_covered": 0.0, "percent_statements_covered_display": "0.00"}, "missing_lines": [174, 175, 176, 177, 178, 179, 180, 181, 182, 183, 184, 185, 188, 189, 190, 191, 192, 193, 195, 197, 198, 210, 224, 225, 226, 228], "excluded_lines": [], "start_line": 156}, "get_analytics_stats": {"executed_lines": [], "summary": {"covered_lines": 0, "num_statements": 14, "percent_covered": 0.0, "percent_covered_display": "0.00", "missing_lines": 14, "excluded_lines": 0, "percent_statements_covered": 0.0, "percent_statements_covered_display": "0.00"}, "missing_lines": [245, 246, 251, 253, 255, 256, 259, 268, 275, 280, 287, 288, 289, 291], "excluded_lines": [], "start_line": 232}, "track_page_view": {"executed_lines": [], "summary": {"covered_lines": 0, "num_statements": 12, "percent_covered": 0.0, "percent_covered_display": "0.00", "missing_lines": 12, "excluded_lines": 0, "percent_statements_covered": 0.0, "percent_statements_covered_display": "0.00"}, "missing_lines": [308, 309, 310, 311, 313, 315, 316, 325, 327, 328, 329, 331], "excluded_lines": [], "start_line": 296}, "track_conversion_event": {"executed_lines": [], "summary": {"covered_lines": 0, "num_statements": 16, "percent_covered": 0.0, "percent_covered_display": "0.00", "missing_lines": 16, "excluded_lines": 0, "percent_statements_covered": 0.0, "percent_statements_covered_display": "0.00"}, "missing_lines": [351, 359, 360, 366, 367, 368, 369, 371, 373, 375, 376, 386, 388, 389, 390, 392], "excluded_lines": [], "start_line": 335}, "get_event_types": {"executed_lines": [], "summary": {"covered_lines": 0, "num_statements": 1, "percent_covered": 0.0, "percent_covered_display": "0.00", "missing_lines": 1, "excluded_lines": 0, "percent_statements_covered": 0.0, "percent_statements_covered_display": "0.00"}, "missing_lines": [403], "excluded_lines": [], "start_line": 396}, "": {"executed_lines": [], "summary": {"covered_lines": 0, "num_statements": 55, "percent_covered": 0.0, "percent_covered_display": "0.00", "missing_lines": 55, "excluded_lines": 0, "percent_statements_covered": 0.0, "percent_statements_covered_display": "0.00"}, "missing_lines": [5, 6, 7, 8, 9, 10, 11, 13, 14, 17, 19, 22, 25, 26, 27, 28, 29, 30, 32, 57, 60, 61, 62, 63, 64, 65, 66, 67, 70, 73, 74, 75, 76, 77, 78, 79, 80, 81, 84, 87, 88, 89, 90, 93, 94, 155, 156, 231, 232, 295, 296, 334, 335, 395, 396], "excluded_lines": [], "start_line": 1}}, "classes": {"AnalyticsEventRequest": {"executed_lines": [], "summary": {"covered_lines": 0, "num_statements": 0, "percent_covered": 100.0, "percent_covered_display": "100.00", "missing_lines": 0, "excluded_lines": 0, "percent_statements_covered": 100.0, "percent_statements_covered_display": "100.00"}, "missing_lines": [], "excluded_lines": [], "start_line": 22}, "AnalyticsEventResponse": {"executed_lines": [], "summary": {"covered_lines": 0, "num_statements": 0, "percent_covered": 100.0, "percent_covered_display": "100.00", "missing_lines": 0, "excluded_lines": 0, "percent_statements_covered": 100.0, "percent_statements_covered_display": "100.00"}, "missing_lines": [], "excluded_lines": [], "start_line": 57}, "AnalyticsQueryRequest": {"executed_lines": [], "summary": {"covered_lines": 0, "num_statements": 0, "percent_covered": 100.0, "percent_covered_display": "100.00", "missing_lines": 0, "excluded_lines": 0, "percent_statements_covered": 100.0, "percent_statements_covered_display": "100.00"}, "missing_lines": [], "excluded_lines": [], "start_line": 70}, "AnalyticsStatsResponse": {"executed_lines": [], "summary": {"covered_lines": 0, "num_statements": 0, "percent_covered": 100.0, "percent_covered_display": "100.00", "missing_lines": 0, "excluded_lines": 0, "percent_statements_covered": 100.0, "percent_statements_covered_display": "100.00"}, "missing_lines": [], "excluded_lines": [], "start_line": 84}, "": {"executed_lines": [], "summary": {"covered_lines": 0, "num_statements": 142, "percent_covered": 0.0, "percent_covered_display": "0.00", "missing_lines": 142, "excluded_lines": 0, "percent_statements_covered": 0.0, "percent_statements_covered_display": "0.00"}, "missing_lines": [5, 6, 7, 8, 9, 10, 11, 13, 14, 17, 19, 22, 25, 26, 27, 28, 29, 30, 32, 57, 60, 61, 62, 63, 64, 65, 66, 67, 70, 73, 74, 75, 76, 77, 78, 79, 80, 81, 84, 87, 88, 89, 90, 93, 94, 105, 108, 109, 110, 113, 114, 115, 116, 117, 118, 121, 123, 124, 136, 147, 148, 150, 152, 155, 156, 174, 175, 176, 177, 178, 179, 180, 181, 182, 183, 184, 185, 188, 189, 190, 191, 192, 193, 195, 197, 198, 210, 224, 225, 226, 228, 231, 232, 245, 246, 251, 253, 255, 256, 259, 268, 275, 280, 287, 288, 289, 291, 295, 296, 308, 309, 310, 311, 313, 315, 316, 325, 327, 328, 329, 331, 334, 335, 351, 359, 360, 366, 367, 368, 369, 371, 373, 375, 376, 386, 388, 389, 390, 392, 395, 396, 403], "excluded_lines": [], "start_line": 1}}}, "backend/src/api/assets.py": {"executed_lines": [], "summary": {"covered_lines": 0, "num_statements": 38, "percent_covered": 0.0, "percent_covered_display": "0.00", "missing_lines": 38, "excluded_lines": 272, "percent_statements_covered": 0.0, "percent_statements_covered_display": "0.00"}, "missing_lines": [5, 6, 7, 8, 9, 10, 11, 13, 14, 15, 18, 20, 23, 24, 27, 28, 29, 30, 31, 32, 33, 34, 35, 36, 37, 38, 39, 40, 43, 44, 45, 47, 57, 58, 59, 60, 63, 65], "excluded_lines": [82, 83, 84, 85, 86, 87, 88, 89, 90, 91, 92, 93, 94, 95, 96, 97, 98, 99, 100, 101, 102, 103, 104, 105, 106, 107, 108, 109, 110, 111, 112, 113, 114, 117, 118, 119, 120, 121, 122, 123, 124, 125, 126, 127, 128, 129, 130, 131, 132, 133, 134, 135, 136, 137, 138, 139, 140, 141, 142, 143, 144, 145, 146, 147, 148, 149, 150, 151, 152, 153, 154, 155, 156, 157, 158, 159, 160, 161, 162, 163, 164, 165, 166, 167, 168, 169, 170, 171, 172, 173, 174, 175, 176, 177, 178, 179, 180, 181, 182, 183, 184, 185, 186, 187, 188, 189, 190, 191, 192, 193, 194, 197, 198, 199, 200, 201, 202, 203, 204, 205, 206, 207, 208, 209, 210, 213, 214, 215, 216, 217, 218, 219, 220, 221, 222, 223, 224, 225, 226, 227, 228, 229, 230, 231, 232, 233, 234, 235, 236, 237, 238, 241, 242, 243, 244, 245, 246, 247, 248, 249, 250, 251, 252, 253, 254, 255, 256, 257, 258, 261, 262, 263, 264, 265, 266, 267, 268, 269, 270, 271, 272, 273, 274, 275, 276, 277, 278, 279, 280, 281, 282, 283, 284, 285, 286, 287, 288, 289, 290, 291, 292, 293, 294, 295, 299, 300, 301, 302, 303, 304, 305, 306, 307, 308, 309, 310, 311, 312, 313, 314, 315, 316, 317, 318, 319, 320, 321, 322, 323, 324, 325, 326, 327, 328, 329, 330, 331, 332, 333, 334, 335, 336, 337, 341, 342, 343, 344, 345, 346, 347, 348, 349, 350, 351, 352, 353, 354, 355, 356, 357, 358, 359, 360, 361, 362, 363, 364, 365, 366, 367, 368, 369], "functions": {"_asset_to_response": {"executed_lines": [], "summary": {"covered_lines": 0, "num_statements": 1, "percent_covered": 0.0, "percent_covered_display": "0.00", "missing_lines": 1, "excluded_lines": 0, "percent_statements_covered": 0.0, "percent_statements_covered_display": "0.00"}, "missing_lines": [65], "excluded_lines": [], "start_line": 63}, "list_conversion_assets": {"executed_lines": [], "summary": {"covered_lines": 0, "num_statements": 0, "percent_covered": 100.0, "percent_covered_display": "100.00", "missing_lines": 0, "excluded_lines": 22, "percent_statements_covered": 100.0, "percent_statements_covered_display": "100.00"}, "missing_lines": [], "excluded_lines": [93, 94, 95, 96, 97, 98, 99, 100, 101, 102, 103, 104, 105, 106, 107, 108, 109, 110, 111, 112, 113, 114], "start_line": 85}, "upload_asset": {"executed_lines": [], "summary": {"covered_lines": 0, "num_statements": 0, "percent_covered": 100.0, "percent_covered_display": "100.00", "missing_lines": 0, "excluded_lines": 71, "percent_statements_covered": 100.0, "percent_statements_covered_display": "100.00"}, "missing_lines": [], "excluded_lines": [124, 125, 126, 127, 128, 129, 130, 131, 132, 133, 134, 135, 136, 137, 138, 139, 140, 141, 142, 143, 144, 145, 146, 147, 148, 149, 150, 151, 152, 153, 154, 155, 156, 157, 158, 159, 160, 161, 162, 163, 164, 165, 166, 167, 168, 169, 170, 171, 172, 173, 174, 175, 176, 177, 178, 179, 180, 181, 182, 183, 184, 185, 186, 187, 188, 189, 190, 191, 192, 193, 194], "start_line": 118}, "get_asset": {"executed_lines": [], "summary": {"covered_lines": 0, "num_statements": 0, "percent_covered": 100.0, "percent_covered_display": "100.00", "missing_lines": 0, "excluded_lines": 10, "percent_statements_covered": 100.0, "percent_statements_covered_display": "100.00"}, "missing_lines": [], "excluded_lines": [201, 202, 203, 204, 205, 206, 207, 208, 209, 210], "start_line": 198}, "update_asset_status": {"executed_lines": [], "summary": {"covered_lines": 0, "num_statements": 0, "percent_covered": 100.0, "percent_covered_display": "100.00", "missing_lines": 0, "excluded_lines": 20, "percent_statements_covered": 100.0, "percent_statements_covered_display": "100.00"}, "missing_lines": [], "excluded_lines": [219, 220, 221, 222, 223, 224, 225, 226, 227, 228, 229, 230, 231, 232, 233, 234, 235, 236, 237, 238], "start_line": 214}, "update_asset_metadata": {"executed_lines": [], "summary": {"covered_lines": 0, "num_statements": 0, "percent_covered": 100.0, "percent_covered_display": "100.00", "missing_lines": 0, "excluded_lines": 12, "percent_statements_covered": 100.0, "percent_statements_covered_display": "100.00"}, "missing_lines": [], "excluded_lines": [247, 248, 249, 250, 251, 252, 253, 254, 255, 256, 257, 258], "start_line": 242}, "delete_asset": {"executed_lines": [], "summary": {"covered_lines": 0, "num_statements": 0, "percent_covered": 100.0, "percent_covered_display": "100.00", "missing_lines": 0, "excluded_lines": 31, "percent_statements_covered": 100.0, "percent_statements_covered_display": "100.00"}, "missing_lines": [], "excluded_lines": [265, 266, 267, 268, 269, 270, 271, 272, 273, 274, 275, 276, 277, 278, 279, 280, 281, 282, 283, 284, 285, 286, 287, 288, 289, 290, 291, 292, 293, 294, 295], "start_line": 262}, "trigger_asset_conversion": {"executed_lines": [], "summary": {"covered_lines": 0, "num_statements": 0, "percent_covered": 100.0, "percent_covered_display": "100.00", "missing_lines": 0, "excluded_lines": 34, "percent_statements_covered": 100.0, "percent_statements_covered_display": "100.00"}, "missing_lines": [], "excluded_lines": [304, 305, 306, 307, 308, 309, 310, 311, 312, 313, 314, 315, 316, 317, 318, 319, 320, 321, 322, 323, 324, 325, 326, 327, 328, 329, 330, 331, 332, 333, 334, 335, 336, 337], "start_line": 300}, "convert_all_conversion_assets": {"executed_lines": [], "summary": {"covered_lines": 0, "num_statements": 0, "percent_covered": 100.0, "percent_covered_display": "100.00", "missing_lines": 0, "excluded_lines": 24, "percent_statements_covered": 100.0, "percent_statements_covered_display": "100.00"}, "missing_lines": [], "excluded_lines": [346, 347, 348, 349, 350, 351, 352, 353, 354, 355, 356, 357, 358, 359, 360, 361, 362, 363, 364, 365, 366, 367, 368, 369], "start_line": 342}, "": {"executed_lines": [], "summary": {"covered_lines": 0, "num_statements": 37, "percent_covered": 0.0, "percent_covered_display": "0.00", "missing_lines": 37, "excluded_lines": 48, "percent_statements_covered": 0.0, "percent_statements_covered_display": "0.00"}, "missing_lines": [5, 6, 7, 8, 9, 10, 11, 13, 14, 15, 18, 20, 23, 24, 27, 28, 29, 30, 31, 32, 33, 34, 35, 36, 37, 38, 39, 40, 43, 44, 45, 47, 57, 58, 59, 60, 63], "excluded_lines": [82, 83, 84, 85, 86, 87, 88, 89, 90, 91, 92, 117, 118, 119, 120, 121, 122, 123, 197, 198, 199, 200, 213, 214, 215, 216, 217, 218, 241, 242, 243, 244, 245, 246, 261, 262, 263, 264, 299, 300, 301, 302, 303, 341, 342, 343, 344, 345], "start_line": 1}}, "classes": {"AssetResponse": {"executed_lines": [], "summary": {"covered_lines": 0, "num_statements": 0, "percent_covered": 100.0, "percent_covered_display": "100.00", "missing_lines": 0, "excluded_lines": 0, "percent_statements_covered": 100.0, "percent_statements_covered_display": "100.00"}, "missing_lines": [], "excluded_lines": [], "start_line": 27}, "AssetUploadRequest": {"executed_lines": [], "summary": {"covered_lines": 0, "num_statements": 0, "percent_covered": 100.0, "percent_covered_display": "100.00", "missing_lines": 0, "excluded_lines": 0, "percent_statements_covered": 100.0, "percent_statements_covered_display": "100.00"}, "missing_lines": [], "excluded_lines": [], "start_line": 43}, "AssetStatusUpdate": {"executed_lines": [], "summary": {"covered_lines": 0, "num_statements": 0, "percent_covered": 100.0, "percent_covered_display": "100.00", "missing_lines": 0, "excluded_lines": 0, "percent_statements_covered": 100.0, "percent_statements_covered_display": "100.00"}, "missing_lines": [], "excluded_lines": [], "start_line": 57}, "": {"executed_lines": [], "summary": {"covered_lines": 0, "num_statements": 38, "percent_covered": 0.0, "percent_covered_display": "0.00", "missing_lines": 38, "excluded_lines": 272, "percent_statements_covered": 0.0, "percent_statements_covered_display": "0.00"}, "missing_lines": [5, 6, 7, 8, 9, 10, 11, 13, 14, 15, 18, 20, 23, 24, 27, 28, 29, 30, 31, 32, 33, 34, 35, 36, 37, 38, 39, 40, 43, 44, 45, 47, 57, 58, 59, 60, 63, 65], "excluded_lines": [82, 83, 84, 85, 86, 87, 88, 89, 90, 91, 92, 93, 94, 95, 96, 97, 98, 99, 100, 101, 102, 103, 104, 105, 106, 107, 108, 109, 110, 111, 112, 113, 114, 117, 118, 119, 120, 121, 122, 123, 124, 125, 126, 127, 128, 129, 130, 131, 132, 133, 134, 135, 136, 137, 138, 139, 140, 141, 142, 143, 144, 145, 146, 147, 148, 149, 150, 151, 152, 153, 154, 155, 156, 157, 158, 159, 160, 161, 162, 163, 164, 165, 166, 167, 168, 169, 170, 171, 172, 173, 174, 175, 176, 177, 178, 179, 180, 181, 182, 183, 184, 185, 186, 187, 188, 189, 190, 191, 192, 193, 194, 197, 198, 199, 200, 201, 202, 203, 204, 205, 206, 207, 208, 209, 210, 213, 214, 215, 216, 217, 218, 219, 220, 221, 222, 223, 224, 225, 226, 227, 228, 229, 230, 231, 232, 233, 234, 235, 236, 237, 238, 241, 242, 243, 244, 245, 246, 247, 248, 249, 250, 251, 252, 253, 254, 255, 256, 257, 258, 261, 262, 263, 264, 265, 266, 267, 268, 269, 270, 271, 272, 273, 274, 275, 276, 277, 278, 279, 280, 281, 282, 283, 284, 285, 286, 287, 288, 289, 290, 291, 292, 293, 294, 295, 299, 300, 301, 302, 303, 304, 305, 306, 307, 308, 309, 310, 311, 312, 313, 314, 315, 316, 317, 318, 319, 320, 321, 322, 323, 324, 325, 326, 327, 328, 329, 330, 331, 332, 333, 334, 335, 336, 337, 341, 342, 343, 344, 345, 346, 347, 348, 349, 350, 351, 352, 353, 354, 355, 356, 357, 358, 359, 360, 361, 362, 363, 364, 365, 366, 367, 368, 369], "start_line": 1}}}, "backend/src/api/auth.py": {"executed_lines": [], "summary": {"covered_lines": 0, "num_statements": 186, "percent_covered": 0.0, "percent_covered_display": "0.00", "missing_lines": 186, "excluded_lines": 2, "percent_statements_covered": 0.0, "percent_statements_covered_display": "0.00"}, "missing_lines": [14, 15, 17, 18, 19, 20, 21, 23, 24, 25, 37, 39, 42, 50, 53, 56, 57, 58, 60, 61, 62, 63, 64, 65, 66, 67, 68, 71, 74, 75, 78, 81, 82, 85, 88, 89, 90, 93, 96, 99, 102, 103, 106, 109, 112, 117, 118, 119, 121, 122, 123, 124, 125, 126, 127, 128, 129, 132, 135, 143, 153, 154, 156, 157, 163, 164, 166, 167, 173, 181, 182, 189, 190, 192, 193, 198, 199, 207, 208, 209, 211, 212, 216, 222, 223, 230, 231, 233, 234, 239, 240, 245, 246, 251, 252, 254, 260, 261, 267, 270, 271, 278, 280, 281, 286, 287, 289, 290, 295, 297, 302, 303, 310, 316, 318, 319, 324, 325, 326, 328, 330, 333, 334, 341, 342, 344, 345, 346, 347, 348, 350, 351, 353, 358, 359, 367, 373, 375, 376, 381, 382, 383, 385, 387, 395, 396, 402, 411, 412, 420, 421, 427, 428, 432, 434, 435, 437, 444, 445, 452, 453, 455, 463, 464, 472, 474, 475, 477, 484, 485, 486, 488, 497, 498, 505, 508, 510, 523, 524, 532, 538, 540, 541, 546, 547, 549], "excluded_lines": [54, 115], "functions": {"RegisterRequest.validate_password": {"executed_lines": [], "summary": {"covered_lines": 0, "num_statements": 9, "percent_covered": 0.0, "percent_covered_display": "0.00", "missing_lines": 9, "excluded_lines": 0, "percent_statements_covered": 0.0, "percent_statements_covered_display": "0.00"}, "missing_lines": [60, 61, 62, 63, 64, 65, 66, 67, 68], "excluded_lines": [], "start_line": 58}, "PasswordResetConfirmRequest.validate_password": {"executed_lines": [], "summary": {"covered_lines": 0, "num_statements": 9, "percent_covered": 0.0, "percent_covered_display": "0.00", "missing_lines": 9, "excluded_lines": 0, "percent_statements_covered": 0.0, "percent_statements_covered_display": "0.00"}, "missing_lines": [121, 122, 123, 124, 125, 126, 127, 128, 129], "excluded_lines": [], "start_line": 119}, "get_current_user": {"executed_lines": [], "summary": {"covered_lines": 0, "num_statements": 9, "percent_covered": 0.0, "percent_covered_display": "0.00", "missing_lines": 9, "excluded_lines": 0, "percent_statements_covered": 0.0, "percent_statements_covered_display": "0.00"}, "missing_lines": [153, 154, 156, 157, 163, 164, 166, 167, 173], "excluded_lines": [], "start_line": 143}, "register": {"executed_lines": [], "summary": {"covered_lines": 0, "num_statements": 12, "percent_covered": 0.0, "percent_covered_display": "0.00", "missing_lines": 12, "excluded_lines": 0, "percent_statements_covered": 0.0, "percent_statements_covered_display": "0.00"}, "missing_lines": [189, 190, 192, 193, 198, 199, 207, 208, 209, 211, 212, 216], "excluded_lines": [], "start_line": 182}, "login": {"executed_lines": [], "summary": {"covered_lines": 0, "num_statements": 11, "percent_covered": 0.0, "percent_covered_display": "0.00", "missing_lines": 11, "excluded_lines": 0, "percent_statements_covered": 0.0, "percent_statements_covered_display": "0.00"}, "missing_lines": [230, 231, 233, 234, 239, 240, 245, 246, 251, 252, 254], "excluded_lines": [], "start_line": 223}, "logout": {"executed_lines": [], "summary": {"covered_lines": 0, "num_statements": 1, "percent_covered": 0.0, "percent_covered_display": "0.00", "missing_lines": 1, "excluded_lines": 0, "percent_statements_covered": 0.0, "percent_statements_covered_display": "0.00"}, "missing_lines": [267], "excluded_lines": [], "start_line": 261}, "refresh_token_endpoint": {"executed_lines": [], "summary": {"covered_lines": 0, "num_statements": 9, "percent_covered": 0.0, "percent_covered_display": "0.00", "missing_lines": 9, "excluded_lines": 0, "percent_statements_covered": 0.0, "percent_statements_covered_display": "0.00"}, "missing_lines": [278, 280, 281, 286, 287, 289, 290, 295, 297], "excluded_lines": [], "start_line": 271}, "verify_email": {"executed_lines": [], "summary": {"covered_lines": 0, "num_statements": 9, "percent_covered": 0.0, "percent_covered_display": "0.00", "missing_lines": 9, "excluded_lines": 0, "percent_statements_covered": 0.0, "percent_statements_covered_display": "0.00"}, "missing_lines": [310, 316, 318, 319, 324, 325, 326, 328, 330], "excluded_lines": [], "start_line": 303}, "forgot_password": {"executed_lines": [], "summary": {"covered_lines": 0, "num_statements": 10, "percent_covered": 0.0, "percent_covered_display": "0.00", "missing_lines": 10, "excluded_lines": 0, "percent_statements_covered": 0.0, "percent_statements_covered_display": "0.00"}, "missing_lines": [341, 342, 344, 345, 346, 347, 348, 350, 351, 353], "excluded_lines": [], "start_line": 334}, "reset_password": {"executed_lines": [], "summary": {"covered_lines": 0, "num_statements": 9, "percent_covered": 0.0, "percent_covered_display": "0.00", "missing_lines": 9, "excluded_lines": 0, "percent_statements_covered": 0.0, "percent_statements_covered_display": "0.00"}, "missing_lines": [367, 373, 375, 376, 381, 382, 383, 385, 387], "excluded_lines": [], "start_line": 359}, "get_current_user_profile": {"executed_lines": [], "summary": {"covered_lines": 0, "num_statements": 1, "percent_covered": 0.0, "percent_covered_display": "0.00", "missing_lines": 1, "excluded_lines": 0, "percent_statements_covered": 0.0, "percent_statements_covered_display": "0.00"}, "missing_lines": [402], "excluded_lines": [], "start_line": 396}, "update_current_user_profile": {"executed_lines": [], "summary": {"covered_lines": 0, "num_statements": 8, "percent_covered": 0.0, "percent_covered_display": "0.00", "missing_lines": 8, "excluded_lines": 0, "percent_statements_covered": 0.0, "percent_statements_covered_display": "0.00"}, "missing_lines": [420, 421, 427, 428, 432, 434, 435, 437], "excluded_lines": [], "start_line": 412}, "delete_current_user_account": {"executed_lines": [], "summary": {"covered_lines": 0, "num_statements": 3, "percent_covered": 0.0, "percent_covered_display": "0.00", "missing_lines": 3, "excluded_lines": 0, "percent_statements_covered": 0.0, "percent_statements_covered_display": "0.00"}, "missing_lines": [452, 453, 455], "excluded_lines": [], "start_line": 445}, "create_api_key_endpoint": {"executed_lines": [], "summary": {"covered_lines": 0, "num_statements": 8, "percent_covered": 0.0, "percent_covered_display": "0.00", "missing_lines": 8, "excluded_lines": 0, "percent_statements_covered": 0.0, "percent_statements_covered_display": "0.00"}, "missing_lines": [472, 474, 475, 477, 484, 485, 486, 488], "excluded_lines": [], "start_line": 464}, "list_api_keys": {"executed_lines": [], "summary": {"covered_lines": 0, "num_statements": 3, "percent_covered": 0.0, "percent_covered_display": "0.00", "missing_lines": 3, "excluded_lines": 0, "percent_statements_covered": 0.0, "percent_statements_covered_display": "0.00"}, "missing_lines": [505, 508, 510], "excluded_lines": [], "start_line": 498}, "revoke_api_key": {"executed_lines": [], "summary": {"covered_lines": 0, "num_statements": 7, "percent_covered": 0.0, "percent_covered_display": "0.00", "missing_lines": 7, "excluded_lines": 0, "percent_statements_covered": 0.0, "percent_statements_covered_display": "0.00"}, "missing_lines": [532, 538, 540, 541, 546, 547, 549], "excluded_lines": [], "start_line": 524}, "": {"executed_lines": [], "summary": {"covered_lines": 0, "num_statements": 68, "percent_covered": 0.0, "percent_covered_display": "0.00", "missing_lines": 68, "excluded_lines": 2, "percent_statements_covered": 0.0, "percent_statements_covered_display": "0.00"}, "missing_lines": [14, 15, 17, 18, 19, 20, 21, 23, 24, 25, 37, 39, 42, 50, 53, 56, 57, 58, 71, 74, 75, 78, 81, 82, 85, 88, 89, 90, 93, 96, 99, 102, 103, 106, 109, 112, 117, 118, 119, 132, 135, 143, 181, 182, 222, 223, 260, 261, 270, 271, 302, 303, 333, 334, 358, 359, 395, 396, 411, 412, 444, 445, 463, 464, 497, 498, 523, 524], "excluded_lines": [54, 115], "start_line": 1}}, "classes": {"RegisterRequest": {"executed_lines": [], "summary": {"covered_lines": 0, "num_statements": 9, "percent_covered": 0.0, "percent_covered_display": "0.00", "missing_lines": 9, "excluded_lines": 0, "percent_statements_covered": 0.0, "percent_statements_covered_display": "0.00"}, "missing_lines": [60, 61, 62, 63, 64, 65, 66, 67, 68], "excluded_lines": [], "start_line": 50}, "RegisterResponse": {"executed_lines": [], "summary": {"covered_lines": 0, "num_statements": 0, "percent_covered": 100.0, "percent_covered_display": "100.00", "missing_lines": 0, "excluded_lines": 0, "percent_statements_covered": 100.0, "percent_statements_covered_display": "100.00"}, "missing_lines": [], "excluded_lines": [], "start_line": 71}, "LoginRequest": {"executed_lines": [], "summary": {"covered_lines": 0, "num_statements": 0, "percent_covered": 100.0, "percent_covered_display": "100.00", "missing_lines": 0, "excluded_lines": 0, "percent_statements_covered": 100.0, "percent_statements_covered_display": "100.00"}, "missing_lines": [], "excluded_lines": [], "start_line": 78}, "LoginResponse": {"executed_lines": [], "summary": {"covered_lines": 0, "num_statements": 0, "percent_covered": 100.0, "percent_covered_display": "100.00", "missing_lines": 0, "excluded_lines": 0, "percent_statements_covered": 100.0, "percent_statements_covered_display": "100.00"}, "missing_lines": [], "excluded_lines": [], "start_line": 85}, "TokenRefreshRequest": {"executed_lines": [], "summary": {"covered_lines": 0, "num_statements": 0, "percent_covered": 100.0, "percent_covered_display": "100.00", "missing_lines": 0, "excluded_lines": 0, "percent_statements_covered": 100.0, "percent_statements_covered_display": "100.00"}, "missing_lines": [], "excluded_lines": [], "start_line": 93}, "TokenResponse": {"executed_lines": [], "summary": {"covered_lines": 0, "num_statements": 0, "percent_covered": 100.0, "percent_covered_display": "100.00", "missing_lines": 0, "excluded_lines": 0, "percent_statements_covered": 100.0, "percent_statements_covered_display": "100.00"}, "missing_lines": [], "excluded_lines": [], "start_line": 99}, "PasswordResetRequest": {"executed_lines": [], "summary": {"covered_lines": 0, "num_statements": 0, "percent_covered": 100.0, "percent_covered_display": "100.00", "missing_lines": 0, "excluded_lines": 0, "percent_statements_covered": 100.0, "percent_statements_covered_display": "100.00"}, "missing_lines": [], "excluded_lines": [], "start_line": 106}, "PasswordResetConfirmRequest": {"executed_lines": [], "summary": {"covered_lines": 0, "num_statements": 9, "percent_covered": 0.0, "percent_covered_display": "0.00", "missing_lines": 9, "excluded_lines": 0, "percent_statements_covered": 0.0, "percent_statements_covered_display": "0.00"}, "missing_lines": [121, 122, 123, 124, 125, 126, 127, 128, 129], "excluded_lines": [], "start_line": 112}, "MessageResponse": {"executed_lines": [], "summary": {"covered_lines": 0, "num_statements": 0, "percent_covered": 100.0, "percent_covered_display": "100.00", "missing_lines": 0, "excluded_lines": 0, "percent_statements_covered": 100.0, "percent_statements_covered_display": "100.00"}, "missing_lines": [], "excluded_lines": [], "start_line": 132}, "": {"executed_lines": [], "summary": {"covered_lines": 0, "num_statements": 168, "percent_covered": 0.0, "percent_covered_display": "0.00", "missing_lines": 168, "excluded_lines": 2, "percent_statements_covered": 0.0, "percent_statements_covered_display": "0.00"}, "missing_lines": [14, 15, 17, 18, 19, 20, 21, 23, 24, 25, 37, 39, 42, 50, 53, 56, 57, 58, 71, 74, 75, 78, 81, 82, 85, 88, 89, 90, 93, 96, 99, 102, 103, 106, 109, 112, 117, 118, 119, 132, 135, 143, 153, 154, 156, 157, 163, 164, 166, 167, 173, 181, 182, 189, 190, 192, 193, 198, 199, 207, 208, 209, 211, 212, 216, 222, 223, 230, 231, 233, 234, 239, 240, 245, 246, 251, 252, 254, 260, 261, 267, 270, 271, 278, 280, 281, 286, 287, 289, 290, 295, 297, 302, 303, 310, 316, 318, 319, 324, 325, 326, 328, 330, 333, 334, 341, 342, 344, 345, 346, 347, 348, 350, 351, 353, 358, 359, 367, 373, 375, 376, 381, 382, 383, 385, 387, 395, 396, 402, 411, 412, 420, 421, 427, 428, 432, 434, 435, 437, 444, 445, 452, 453, 455, 463, 464, 472, 474, 475, 477, 484, 485, 486, 488, 497, 498, 505, 508, 510, 523, 524, 532, 538, 540, 541, 546, 547, 549], "excluded_lines": [54, 115], "start_line": 1}}}, "backend/src/api/batch_conversion.py": {"executed_lines": [], "summary": {"covered_lines": 0, "num_statements": 103, "percent_covered": 0.0, "percent_covered_display": "0.00", "missing_lines": 103, "excluded_lines": 1, "percent_statements_covered": 0.0, "percent_statements_covered_display": "0.00"}, "missing_lines": [7, 8, 9, 10, 11, 12, 13, 15, 16, 18, 20, 23, 27, 28, 31, 34, 35, 36, 37, 38, 41, 44, 45, 46, 47, 48, 49, 50, 53, 56, 57, 58, 59, 62, 63, 78, 79, 81, 82, 89, 90, 96, 99, 100, 101, 107, 108, 110, 113, 121, 123, 132, 142, 146, 149, 151, 154, 155, 166, 172, 174, 175, 181, 182, 183, 185, 186, 188, 207, 208, 219, 225, 227, 228, 234, 235, 236, 238, 239, 240, 241, 250, 251, 263, 264, 265, 267, 280, 281, 294, 301, 302, 313, 319, 321, 322, 328, 329, 330, 331, 332, 334, 336], "excluded_lines": [26], "functions": {"start_batch_conversion": {"executed_lines": [], "summary": {"covered_lines": 0, "num_statements": 16, "percent_covered": 0.0, "percent_covered_display": "0.00", "missing_lines": 16, "excluded_lines": 0, "percent_statements_covered": 0.0, "percent_statements_covered_display": "0.00"}, "missing_lines": [78, 79, 81, 82, 89, 90, 96, 99, 100, 101, 107, 108, 110, 113, 121, 123], "excluded_lines": [], "start_line": 63}, "process_batch_conversion": {"executed_lines": [], "summary": {"covered_lines": 0, "num_statements": 4, "percent_covered": 0.0, "percent_covered_display": "0.00", "missing_lines": 4, "excluded_lines": 0, "percent_statements_covered": 0.0, "percent_statements_covered_display": "0.00"}, "missing_lines": [142, 146, 149, 151], "excluded_lines": [], "start_line": 132}, "get_batch_status": {"executed_lines": [], "summary": {"covered_lines": 0, "num_statements": 10, "percent_covered": 0.0, "percent_covered_display": "0.00", "missing_lines": 10, "excluded_lines": 0, "percent_statements_covered": 0.0, "percent_statements_covered_display": "0.00"}, "missing_lines": [166, 172, 174, 175, 181, 182, 183, 185, 186, 188], "excluded_lines": [], "start_line": 155}, "get_batch_results": {"executed_lines": [], "summary": {"covered_lines": 0, "num_statements": 17, "percent_covered": 0.0, "percent_covered_display": "0.00", "missing_lines": 17, "excluded_lines": 0, "percent_statements_covered": 0.0, "percent_statements_covered_display": "0.00"}, "missing_lines": [219, 225, 227, 228, 234, 235, 236, 238, 239, 240, 241, 250, 251, 263, 264, 265, 267], "excluded_lines": [], "start_line": 208}, "download_all_batch": {"executed_lines": [], "summary": {"covered_lines": 0, "num_statements": 1, "percent_covered": 0.0, "percent_covered_display": "0.00", "missing_lines": 1, "excluded_lines": 0, "percent_statements_covered": 0.0, "percent_statements_covered_display": "0.00"}, "missing_lines": [294], "excluded_lines": [], "start_line": 281}, "cancel_batch": {"executed_lines": [], "summary": {"covered_lines": 0, "num_statements": 11, "percent_covered": 0.0, "percent_covered_display": "0.00", "missing_lines": 11, "excluded_lines": 0, "percent_statements_covered": 0.0, "percent_statements_covered_display": "0.00"}, "missing_lines": [313, 319, 321, 322, 328, 329, 330, 331, 332, 334, 336], "excluded_lines": [], "start_line": 302}, "": {"executed_lines": [], "summary": {"covered_lines": 0, "num_statements": 44, "percent_covered": 0.0, "percent_covered_display": "0.00", "missing_lines": 44, "excluded_lines": 1, "percent_statements_covered": 0.0, "percent_statements_covered_display": "0.00"}, "missing_lines": [7, 8, 9, 10, 11, 12, 13, 15, 16, 18, 20, 23, 27, 28, 31, 34, 35, 36, 37, 38, 41, 44, 45, 46, 47, 48, 49, 50, 53, 56, 57, 58, 59, 62, 63, 132, 154, 155, 207, 208, 280, 281, 301, 302], "excluded_lines": [26], "start_line": 1}}, "classes": {"BatchConversionRequest": {"executed_lines": [], "summary": {"covered_lines": 0, "num_statements": 0, "percent_covered": 100.0, "percent_covered_display": "100.00", "missing_lines": 0, "excluded_lines": 0, "percent_statements_covered": 100.0, "percent_statements_covered_display": "100.00"}, "missing_lines": [], "excluded_lines": [], "start_line": 23}, "BatchConversionResponse": {"executed_lines": [], "summary": {"covered_lines": 0, "num_statements": 0, "percent_covered": 100.0, "percent_covered_display": "100.00", "missing_lines": 0, "excluded_lines": 0, "percent_statements_covered": 100.0, "percent_statements_covered_display": "100.00"}, "missing_lines": [], "excluded_lines": [], "start_line": 31}, "BatchStatusResponse": {"executed_lines": [], "summary": {"covered_lines": 0, "num_statements": 0, "percent_covered": 100.0, "percent_covered_display": "100.00", "missing_lines": 0, "excluded_lines": 0, "percent_statements_covered": 100.0, "percent_statements_covered_display": "100.00"}, "missing_lines": [], "excluded_lines": [], "start_line": 41}, "BatchResultResponse": {"executed_lines": [], "summary": {"covered_lines": 0, "num_statements": 0, "percent_covered": 100.0, "percent_covered_display": "100.00", "missing_lines": 0, "excluded_lines": 0, "percent_statements_covered": 100.0, "percent_statements_covered_display": "100.00"}, "missing_lines": [], "excluded_lines": [], "start_line": 53}, "": {"executed_lines": [], "summary": {"covered_lines": 0, "num_statements": 103, "percent_covered": 0.0, "percent_covered_display": "0.00", "missing_lines": 103, "excluded_lines": 1, "percent_statements_covered": 0.0, "percent_statements_covered_display": "0.00"}, "missing_lines": [7, 8, 9, 10, 11, 12, 13, 15, 16, 18, 20, 23, 27, 28, 31, 34, 35, 36, 37, 38, 41, 44, 45, 46, 47, 48, 49, 50, 53, 56, 57, 58, 59, 62, 63, 78, 79, 81, 82, 89, 90, 96, 99, 100, 101, 107, 108, 110, 113, 121, 123, 132, 142, 146, 149, 151, 154, 155, 166, 172, 174, 175, 181, 182, 183, 185, 186, 188, 207, 208, 219, 225, 227, 228, 234, 235, 236, 238, 239, 240, 241, 250, 251, 263, 264, 265, 267, 280, 281, 294, 301, 302, 313, 319, 321, 322, 328, 329, 330, 331, 332, 334, 336], "excluded_lines": [26], "start_line": 1}}}, "backend/src/api/behavior_export.py": {"executed_lines": [], "summary": {"covered_lines": 0, "num_statements": 96, "percent_covered": 0.0, "percent_covered_display": "0.00", "missing_lines": 96, "excluded_lines": 114, "percent_statements_covered": 0.0, "percent_statements_covered_display": "0.00"}, "missing_lines": [1, 2, 3, 4, 5, 6, 7, 8, 9, 10, 11, 12, 14, 17, 21, 24, 25, 28, 31, 32, 33, 34, 35, 36, 39, 40, 51, 52, 53, 54, 57, 58, 59, 62, 64, 65, 68, 69, 72, 73, 75, 89, 111, 112, 113, 116, 117, 118, 119, 120, 121, 122, 123, 125, 128, 130, 139, 141, 142, 144, 145, 147, 150, 151, 152, 154, 155, 157, 160, 163, 164, 168, 169, 172, 173, 175, 187, 189, 192, 197, 198, 201, 202, 206, 207, 211, 212, 215, 216, 218, 227, 228, 230, 280, 283, 287], "excluded_lines": [20, 235, 236, 237, 238, 239, 240, 241, 242, 243, 244, 245, 246, 247, 248, 249, 250, 251, 252, 253, 254, 255, 256, 257, 258, 259, 260, 261, 262, 263, 264, 265, 266, 267, 268, 269, 270, 271, 272, 273, 274, 275, 276, 277, 309, 310, 311, 312, 313, 314, 315, 316, 317, 318, 319, 320, 321, 322, 323, 324, 325, 326, 327, 328, 329, 330, 331, 332, 333, 334, 335, 336, 337, 338, 339, 340, 341, 342, 343, 344, 345, 346, 347, 348, 349, 350, 351, 352, 353, 354, 355, 356, 357, 358, 359, 360, 361, 362, 363, 364, 365, 366, 367, 368, 369, 370, 371, 372, 373, 374, 375, 376, 377, 378], "functions": {"export_behavior_pack": {"executed_lines": [], "summary": {"covered_lines": 0, "num_statements": 67, "percent_covered": 0.0, "percent_covered_display": "0.00", "missing_lines": 67, "excluded_lines": 0, "percent_statements_covered": 0.0, "percent_statements_covered_display": "0.00"}, "missing_lines": [51, 52, 53, 54, 57, 58, 59, 62, 64, 65, 68, 69, 72, 73, 75, 89, 111, 112, 113, 116, 117, 118, 119, 120, 121, 122, 123, 125, 128, 130, 139, 141, 142, 144, 145, 147, 150, 151, 152, 154, 155, 157, 160, 163, 164, 168, 169, 172, 173, 175, 187, 189, 192, 197, 198, 201, 202, 206, 207, 211, 212, 215, 216, 218, 227, 228, 230], "excluded_lines": [], "start_line": 40}, "download_exported_pack": {"executed_lines": [], "summary": {"covered_lines": 0, "num_statements": 0, "percent_covered": 100.0, "percent_covered_display": "100.00", "missing_lines": 0, "excluded_lines": 35, "percent_statements_covered": 100.0, "percent_statements_covered_display": "100.00"}, "missing_lines": [], "excluded_lines": [243, 244, 245, 246, 247, 248, 249, 250, 251, 252, 253, 254, 255, 256, 257, 258, 259, 260, 261, 262, 263, 264, 265, 266, 267, 268, 269, 270, 271, 272, 273, 274, 275, 276, 277], "start_line": 238}, "get_export_formats": {"executed_lines": [], "summary": {"covered_lines": 0, "num_statements": 1, "percent_covered": 0.0, "percent_covered_display": "0.00", "missing_lines": 1, "excluded_lines": 0, "percent_statements_covered": 0.0, "percent_statements_covered_display": "0.00"}, "missing_lines": [287], "excluded_lines": [], "start_line": 283}, "preview_export": {"executed_lines": [], "summary": {"covered_lines": 0, "num_statements": 0, "percent_covered": 100.0, "percent_covered_display": "100.00", "missing_lines": 0, "excluded_lines": 65, "percent_statements_covered": 100.0, "percent_statements_covered_display": "100.00"}, "missing_lines": [], "excluded_lines": [314, 315, 316, 317, 318, 319, 320, 321, 322, 323, 324, 325, 326, 327, 328, 329, 330, 331, 332, 333, 334, 335, 336, 337, 338, 339, 340, 341, 342, 343, 344, 345, 346, 347, 348, 349, 350, 351, 352, 353, 354, 355, 356, 357, 358, 359, 360, 361, 362, 363, 364, 365, 366, 367, 368, 369, 370, 371, 372, 373, 374, 375, 376, 377, 378], "start_line": 310}, "": {"executed_lines": [], "summary": {"covered_lines": 0, "num_statements": 28, "percent_covered": 0.0, "percent_covered_display": "0.00", "missing_lines": 28, "excluded_lines": 14, "percent_statements_covered": 0.0, "percent_statements_covered_display": "0.00"}, "missing_lines": [1, 2, 3, 4, 5, 6, 7, 8, 9, 10, 11, 12, 14, 17, 21, 24, 25, 28, 31, 32, 33, 34, 35, 36, 39, 40, 280, 283], "excluded_lines": [20, 235, 236, 237, 238, 239, 240, 241, 242, 309, 310, 311, 312, 313], "start_line": 1}}, "classes": {"ExportRequest": {"executed_lines": [], "summary": {"covered_lines": 0, "num_statements": 0, "percent_covered": 100.0, "percent_covered_display": "100.00", "missing_lines": 0, "excluded_lines": 0, "percent_statements_covered": 100.0, "percent_statements_covered_display": "100.00"}, "missing_lines": [], "excluded_lines": [], "start_line": 17}, "ExportResponse": {"executed_lines": [], "summary": {"covered_lines": 0, "num_statements": 0, "percent_covered": 100.0, "percent_covered_display": "100.00", "missing_lines": 0, "excluded_lines": 0, "percent_statements_covered": 100.0, "percent_statements_covered_display": "100.00"}, "missing_lines": [], "excluded_lines": [], "start_line": 28}, "": {"executed_lines": [], "summary": {"covered_lines": 0, "num_statements": 96, "percent_covered": 0.0, "percent_covered_display": "0.00", "missing_lines": 96, "excluded_lines": 114, "percent_statements_covered": 0.0, "percent_statements_covered_display": "0.00"}, "missing_lines": [1, 2, 3, 4, 5, 6, 7, 8, 9, 10, 11, 12, 14, 17, 21, 24, 25, 28, 31, 32, 33, 34, 35, 36, 39, 40, 51, 52, 53, 54, 57, 58, 59, 62, 64, 65, 68, 69, 72, 73, 75, 89, 111, 112, 113, 116, 117, 118, 119, 120, 121, 122, 123, 125, 128, 130, 139, 141, 142, 144, 145, 147, 150, 151, 152, 154, 155, 157, 160, 163, 164, 168, 169, 172, 173, 175, 187, 189, 192, 197, 198, 201, 202, 206, 207, 211, 212, 215, 216, 218, 227, 228, 230, 280, 283, 287], "excluded_lines": [20, 235, 236, 237, 238, 239, 240, 241, 242, 243, 244, 245, 246, 247, 248, 249, 250, 251, 252, 253, 254, 255, 256, 257, 258, 259, 260, 261, 262, 263, 264, 265, 266, 267, 268, 269, 270, 271, 272, 273, 274, 275, 276, 277, 309, 310, 311, 312, 313, 314, 315, 316, 317, 318, 319, 320, 321, 322, 323, 324, 325, 326, 327, 328, 329, 330, 331, 332, 333, 334, 335, 336, 337, 338, 339, 340, 341, 342, 343, 344, 345, 346, 347, 348, 349, 350, 351, 352, 353, 354, 355, 356, 357, 358, 359, 360, 361, 362, 363, 364, 365, 366, 367, 368, 369, 370, 371, 372, 373, 374, 375, 376, 377, 378], "start_line": 1}}}, "backend/src/api/behavior_files.py": {"executed_lines": [], "summary": {"covered_lines": 0, "num_statements": 15, "percent_covered": 0.0, "percent_covered_display": "0.00", "missing_lines": 15, "excluded_lines": 274, "percent_statements_covered": 0.0, "percent_statements_covered_display": "0.00"}, "missing_lines": [1, 2, 3, 4, 5, 6, 7, 9, 13, 23, 29, 41, 48, 49, 55], "excluded_lines": [16, 17, 20, 26, 32, 33, 34, 35, 36, 37, 38, 44, 45, 46, 47, 58, 59, 60, 61, 62, 63, 64, 65, 66, 67, 68, 69, 70, 71, 72, 73, 74, 75, 76, 77, 78, 79, 80, 81, 82, 83, 84, 85, 86, 87, 88, 89, 90, 91, 92, 93, 94, 95, 96, 97, 98, 99, 100, 101, 102, 103, 104, 105, 106, 107, 108, 109, 110, 111, 112, 113, 114, 115, 116, 117, 118, 119, 120, 121, 122, 123, 124, 125, 126, 127, 128, 129, 130, 131, 132, 133, 134, 137, 138, 139, 140, 141, 142, 143, 144, 145, 146, 147, 148, 149, 150, 151, 152, 153, 154, 155, 156, 157, 158, 159, 160, 161, 162, 163, 166, 167, 168, 169, 170, 171, 172, 173, 174, 175, 176, 177, 178, 179, 180, 181, 182, 183, 184, 185, 186, 187, 188, 189, 190, 191, 192, 193, 194, 195, 196, 197, 198, 199, 200, 201, 202, 203, 204, 207, 208, 209, 210, 211, 212, 213, 214, 215, 216, 217, 218, 219, 220, 221, 222, 223, 224, 225, 226, 227, 228, 229, 230, 231, 232, 233, 234, 235, 236, 237, 238, 239, 240, 241, 242, 243, 244, 245, 246, 247, 248, 249, 250, 251, 252, 253, 254, 255, 256, 257, 258, 259, 260, 261, 264, 265, 266, 267, 268, 269, 270, 271, 272, 273, 274, 275, 276, 277, 278, 279, 280, 281, 282, 283, 284, 287, 288, 289, 290, 291, 292, 293, 294, 295, 296, 297, 298, 299, 300, 301, 302, 303, 304, 305, 306, 307, 308, 309, 310, 311, 312, 313, 314, 315, 316, 317, 318, 319, 320, 321, 322, 323, 324, 325, 326], "functions": {"get_conversion_behavior_files": {"executed_lines": [], "summary": {"covered_lines": 0, "num_statements": 0, "percent_covered": 100.0, "percent_covered_display": "100.00", "missing_lines": 0, "excluded_lines": 54, "percent_statements_covered": 100.0, "percent_statements_covered_display": "100.00"}, "missing_lines": [], "excluded_lines": [67, 68, 69, 70, 71, 72, 73, 74, 75, 76, 77, 78, 79, 80, 81, 82, 83, 84, 85, 86, 87, 88, 89, 90, 91, 92, 93, 94, 95, 96, 97, 98, 99, 100, 101, 102, 103, 104, 105, 106, 107, 108, 109, 110, 111, 112, 113, 114, 115, 116, 117, 118, 133, 134], "start_line": 63}, "get_conversion_behavior_files.dict_to_tree_nodes": {"executed_lines": [], "summary": {"covered_lines": 0, "num_statements": 0, "percent_covered": 100.0, "percent_covered_display": "100.00", "missing_lines": 0, "excluded_lines": 14, "percent_statements_covered": 100.0, "percent_statements_covered_display": "100.00"}, "missing_lines": [], "excluded_lines": [119, 120, 121, 122, 123, 124, 125, 126, 127, 128, 129, 130, 131, 132], "start_line": 118}, "get_behavior_file": {"executed_lines": [], "summary": {"covered_lines": 0, "num_statements": 0, "percent_covered": 100.0, "percent_covered_display": "100.00", "missing_lines": 0, "excluded_lines": 21, "percent_statements_covered": 100.0, "percent_statements_covered_display": "100.00"}, "missing_lines": [], "excluded_lines": [143, 144, 145, 146, 147, 148, 149, 150, 151, 152, 153, 154, 155, 156, 157, 158, 159, 160, 161, 162, 163], "start_line": 140}, "update_behavior_file": {"executed_lines": [], "summary": {"covered_lines": 0, "num_statements": 0, "percent_covered": 100.0, "percent_covered_display": "100.00", "missing_lines": 0, "excluded_lines": 29, "percent_statements_covered": 100.0, "percent_statements_covered_display": "100.00"}, "missing_lines": [], "excluded_lines": [176, 177, 178, 179, 180, 181, 182, 183, 184, 185, 186, 187, 188, 189, 190, 191, 192, 193, 194, 195, 196, 197, 198, 199, 200, 201, 202, 203, 204], "start_line": 171}, "create_behavior_file": {"executed_lines": [], "summary": {"covered_lines": 0, "num_statements": 0, "percent_covered": 100.0, "percent_covered_display": "100.00", "missing_lines": 0, "excluded_lines": 44, "percent_statements_covered": 100.0, "percent_statements_covered_display": "100.00"}, "missing_lines": [], "excluded_lines": [218, 219, 220, 221, 222, 223, 224, 225, 226, 227, 228, 229, 230, 231, 232, 233, 234, 235, 236, 237, 238, 239, 240, 241, 242, 243, 244, 245, 246, 247, 248, 249, 250, 251, 252, 253, 254, 255, 256, 257, 258, 259, 260, 261], "start_line": 213}, "delete_behavior_file": {"executed_lines": [], "summary": {"covered_lines": 0, "num_statements": 0, "percent_covered": 100.0, "percent_covered_display": "100.00", "missing_lines": 0, "excluded_lines": 17, "percent_statements_covered": 100.0, "percent_statements_covered_display": "100.00"}, "missing_lines": [], "excluded_lines": [268, 269, 270, 271, 272, 273, 274, 275, 276, 277, 278, 279, 280, 281, 282, 283, 284], "start_line": 265}, "get_behavior_files_by_type": {"executed_lines": [], "summary": {"covered_lines": 0, "num_statements": 0, "percent_covered": 100.0, "percent_covered_display": "100.00", "missing_lines": 0, "excluded_lines": 30, "percent_statements_covered": 100.0, "percent_statements_covered_display": "100.00"}, "missing_lines": [], "excluded_lines": [297, 298, 299, 300, 301, 302, 303, 304, 305, 306, 307, 308, 309, 310, 311, 312, 313, 314, 315, 316, 317, 318, 319, 320, 321, 322, 323, 324, 325, 326], "start_line": 292}, "": {"executed_lines": [], "summary": {"covered_lines": 0, "num_statements": 15, "percent_covered": 0.0, "percent_covered_display": "0.00", "missing_lines": 15, "excluded_lines": 65, "percent_statements_covered": 0.0, "percent_statements_covered_display": "0.00"}, "missing_lines": [1, 2, 3, 4, 5, 6, 7, 9, 13, 23, 29, 41, 48, 49, 55], "excluded_lines": [16, 17, 20, 26, 32, 33, 34, 35, 36, 37, 38, 44, 45, 46, 47, 58, 59, 60, 61, 62, 63, 64, 65, 66, 137, 138, 139, 140, 141, 142, 166, 167, 168, 169, 170, 171, 172, 173, 174, 175, 207, 208, 209, 210, 211, 212, 213, 214, 215, 216, 217, 264, 265, 266, 267, 287, 288, 289, 290, 291, 292, 293, 294, 295, 296], "start_line": 1}}, "classes": {"BehaviorFileCreate": {"executed_lines": [], "summary": {"covered_lines": 0, "num_statements": 0, "percent_covered": 100.0, "percent_covered_display": "100.00", "missing_lines": 0, "excluded_lines": 0, "percent_statements_covered": 100.0, "percent_statements_covered_display": "100.00"}, "missing_lines": [], "excluded_lines": [], "start_line": 13}, "BehaviorFileUpdate": {"executed_lines": [], "summary": {"covered_lines": 0, "num_statements": 0, "percent_covered": 100.0, "percent_covered_display": "100.00", "missing_lines": 0, "excluded_lines": 0, "percent_statements_covered": 100.0, "percent_statements_covered_display": "100.00"}, "missing_lines": [], "excluded_lines": [], "start_line": 23}, "BehaviorFileResponse": {"executed_lines": [], "summary": {"covered_lines": 0, "num_statements": 0, "percent_covered": 100.0, "percent_covered_display": "100.00", "missing_lines": 0, "excluded_lines": 0, "percent_statements_covered": 100.0, "percent_statements_covered_display": "100.00"}, "missing_lines": [], "excluded_lines": [], "start_line": 29}, "BehaviorFileTreeNode": {"executed_lines": [], "summary": {"covered_lines": 0, "num_statements": 0, "percent_covered": 100.0, "percent_covered_display": "100.00", "missing_lines": 0, "excluded_lines": 0, "percent_statements_covered": 100.0, "percent_statements_covered_display": "100.00"}, "missing_lines": [], "excluded_lines": [], "start_line": 41}, "": {"executed_lines": [], "summary": {"covered_lines": 0, "num_statements": 15, "percent_covered": 0.0, "percent_covered_display": "0.00", "missing_lines": 15, "excluded_lines": 274, "percent_statements_covered": 0.0, "percent_statements_covered_display": "0.00"}, "missing_lines": [1, 2, 3, 4, 5, 6, 7, 9, 13, 23, 29, 41, 48, 49, 55], "excluded_lines": [16, 17, 20, 26, 32, 33, 34, 35, 36, 37, 38, 44, 45, 46, 47, 58, 59, 60, 61, 62, 63, 64, 65, 66, 67, 68, 69, 70, 71, 72, 73, 74, 75, 76, 77, 78, 79, 80, 81, 82, 83, 84, 85, 86, 87, 88, 89, 90, 91, 92, 93, 94, 95, 96, 97, 98, 99, 100, 101, 102, 103, 104, 105, 106, 107, 108, 109, 110, 111, 112, 113, 114, 115, 116, 117, 118, 119, 120, 121, 122, 123, 124, 125, 126, 127, 128, 129, 130, 131, 132, 133, 134, 137, 138, 139, 140, 141, 142, 143, 144, 145, 146, 147, 148, 149, 150, 151, 152, 153, 154, 155, 156, 157, 158, 159, 160, 161, 162, 163, 166, 167, 168, 169, 170, 171, 172, 173, 174, 175, 176, 177, 178, 179, 180, 181, 182, 183, 184, 185, 186, 187, 188, 189, 190, 191, 192, 193, 194, 195, 196, 197, 198, 199, 200, 201, 202, 203, 204, 207, 208, 209, 210, 211, 212, 213, 214, 215, 216, 217, 218, 219, 220, 221, 222, 223, 224, 225, 226, 227, 228, 229, 230, 231, 232, 233, 234, 235, 236, 237, 238, 239, 240, 241, 242, 243, 244, 245, 246, 247, 248, 249, 250, 251, 252, 253, 254, 255, 256, 257, 258, 259, 260, 261, 264, 265, 266, 267, 268, 269, 270, 271, 272, 273, 274, 275, 276, 277, 278, 279, 280, 281, 282, 283, 284, 287, 288, 289, 290, 291, 292, 293, 294, 295, 296, 297, 298, 299, 300, 301, 302, 303, 304, 305, 306, 307, 308, 309, 310, 311, 312, 313, 314, 315, 316, 317, 318, 319, 320, 321, 322, 323, 324, 325, 326], "start_line": 1}}}, "backend/src/api/behavior_templates.py": {"executed_lines": [], "summary": {"covered_lines": 0, "num_statements": 41, "percent_covered": 0.0, "percent_covered_display": "0.00", "missing_lines": 41, "excluded_lines": 243, "percent_statements_covered": 0.0, "percent_statements_covered_display": "0.00"}, "missing_lines": [1, 2, 3, 4, 5, 6, 7, 8, 10, 14, 30, 31, 32, 35, 38, 39, 40, 41, 42, 43, 44, 45, 48, 60, 65, 71, 75, 115, 120, 126, 129, 134, 151, 152, 153, 156, 167, 421, 426, 432, 510], "excluded_lines": [17, 18, 19, 23, 27, 51, 52, 53, 54, 55, 56, 57, 58, 59, 61, 62, 68, 69, 70, 186, 187, 188, 189, 190, 191, 192, 193, 194, 195, 196, 197, 198, 199, 200, 201, 202, 203, 204, 205, 206, 207, 208, 209, 210, 211, 212, 213, 214, 215, 216, 217, 218, 219, 220, 223, 224, 225, 226, 227, 228, 229, 230, 231, 232, 233, 234, 235, 236, 237, 238, 239, 240, 241, 242, 243, 244, 245, 246, 247, 248, 249, 250, 251, 252, 253, 254, 255, 256, 257, 258, 259, 260, 261, 262, 263, 264, 265, 266, 267, 268, 269, 270, 271, 272, 273, 274, 275, 276, 277, 278, 279, 280, 281, 284, 285, 286, 287, 288, 289, 290, 291, 292, 293, 294, 295, 296, 297, 298, 299, 300, 301, 302, 303, 304, 305, 306, 307, 308, 309, 310, 311, 312, 313, 314, 315, 316, 317, 318, 319, 320, 321, 322, 323, 324, 325, 326, 327, 328, 329, 330, 331, 332, 333, 334, 335, 336, 337, 338, 339, 340, 341, 344, 345, 346, 347, 348, 349, 350, 351, 352, 353, 354, 355, 356, 357, 358, 359, 360, 361, 362, 363, 366, 367, 368, 369, 370, 371, 372, 373, 374, 375, 376, 377, 378, 379, 380, 381, 382, 383, 384, 385, 386, 387, 388, 389, 390, 391, 392, 393, 394, 395, 396, 397, 398, 399, 400, 401, 402, 403, 404, 405, 406, 407, 408, 409, 410, 411, 412, 413, 414, 415, 416, 417], "functions": {"get_template_categories": {"executed_lines": [], "summary": {"covered_lines": 0, "num_statements": 1, "percent_covered": 0.0, "percent_covered_display": "0.00", "missing_lines": 1, "excluded_lines": 0, "percent_statements_covered": 0.0, "percent_statements_covered_display": "0.00"}, "missing_lines": [126], "excluded_lines": [], "start_line": 120}, "get_behavior_templates": {"executed_lines": [], "summary": {"covered_lines": 0, "num_statements": 5, "percent_covered": 0.0, "percent_covered_display": "0.00", "missing_lines": 5, "excluded_lines": 0, "percent_statements_covered": 0.0, "percent_statements_covered_display": "0.00"}, "missing_lines": [151, 152, 153, 156, 167], "excluded_lines": [], "start_line": 134}, "get_behavior_template": {"executed_lines": [], "summary": {"covered_lines": 0, "num_statements": 0, "percent_covered": 100.0, "percent_covered_display": "100.00", "missing_lines": 0, "excluded_lines": 26, "percent_statements_covered": 100.0, "percent_statements_covered_display": "100.00"}, "missing_lines": [], "excluded_lines": [195, 196, 197, 198, 199, 200, 201, 202, 203, 204, 205, 206, 207, 208, 209, 210, 211, 212, 213, 214, 215, 216, 217, 218, 219, 220], "start_line": 191}, "create_behavior_template": {"executed_lines": [], "summary": {"covered_lines": 0, "num_statements": 0, "percent_covered": 100.0, "percent_covered_display": "100.00", "missing_lines": 0, "excluded_lines": 48, "percent_statements_covered": 100.0, "percent_statements_covered_display": "100.00"}, "missing_lines": [], "excluded_lines": [234, 235, 236, 237, 238, 239, 240, 241, 242, 243, 244, 245, 246, 247, 248, 249, 250, 251, 252, 253, 254, 255, 256, 257, 258, 259, 260, 261, 262, 263, 264, 265, 266, 267, 268, 269, 270, 271, 272, 273, 274, 275, 276, 277, 278, 279, 280, 281], "start_line": 229}, "update_behavior_template": {"executed_lines": [], "summary": {"covered_lines": 0, "num_statements": 0, "percent_covered": 100.0, "percent_covered_display": "100.00", "missing_lines": 0, "excluded_lines": 48, "percent_statements_covered": 100.0, "percent_statements_covered_display": "100.00"}, "missing_lines": [], "excluded_lines": [294, 295, 296, 297, 298, 299, 300, 301, 302, 303, 304, 305, 306, 307, 308, 309, 310, 311, 312, 313, 314, 315, 316, 317, 318, 319, 320, 321, 322, 323, 324, 325, 326, 327, 328, 329, 330, 331, 332, 333, 334, 335, 336, 337, 338, 339, 340, 341], "start_line": 289}, "delete_behavior_template": {"executed_lines": [], "summary": {"covered_lines": 0, "num_statements": 0, "percent_covered": 100.0, "percent_covered_display": "100.00", "missing_lines": 0, "excluded_lines": 15, "percent_statements_covered": 100.0, "percent_statements_covered_display": "100.00"}, "missing_lines": [], "excluded_lines": [349, 350, 351, 352, 353, 354, 355, 356, 357, 358, 359, 360, 361, 362, 363], "start_line": 345}, "apply_behavior_template": {"executed_lines": [], "summary": {"covered_lines": 0, "num_statements": 0, "percent_covered": 100.0, "percent_covered_display": "100.00", "missing_lines": 0, "excluded_lines": 41, "percent_statements_covered": 100.0, "percent_statements_covered_display": "100.00"}, "missing_lines": [], "excluded_lines": [377, 378, 379, 380, 381, 382, 383, 384, 385, 386, 387, 388, 389, 390, 391, 392, 393, 394, 395, 396, 397, 398, 399, 400, 401, 402, 403, 404, 405, 406, 407, 408, 409, 410, 411, 412, 413, 414, 415, 416, 417], "start_line": 371}, "get_predefined_templates": {"executed_lines": [], "summary": {"covered_lines": 0, "num_statements": 2, "percent_covered": 0.0, "percent_covered_display": "0.00", "missing_lines": 2, "excluded_lines": 0, "percent_statements_covered": 0.0, "percent_statements_covered_display": "0.00"}, "missing_lines": [432, 510], "excluded_lines": [], "start_line": 426}, "": {"executed_lines": [], "summary": {"covered_lines": 0, "num_statements": 33, "percent_covered": 0.0, "percent_covered_display": "0.00", "missing_lines": 33, "excluded_lines": 65, "percent_statements_covered": 0.0, "percent_statements_covered_display": "0.00"}, "missing_lines": [1, 2, 3, 4, 5, 6, 7, 8, 10, 14, 30, 31, 32, 35, 38, 39, 40, 41, 42, 43, 44, 45, 48, 60, 65, 71, 75, 115, 120, 129, 134, 421, 426], "excluded_lines": [17, 18, 19, 23, 27, 51, 52, 53, 54, 55, 56, 57, 58, 59, 61, 62, 68, 69, 70, 186, 187, 188, 189, 190, 191, 192, 193, 194, 223, 224, 225, 226, 227, 228, 229, 230, 231, 232, 233, 284, 285, 286, 287, 288, 289, 290, 291, 292, 293, 344, 345, 346, 347, 348, 366, 367, 368, 369, 370, 371, 372, 373, 374, 375, 376], "start_line": 1}}, "classes": {"BehaviorTemplateCreate": {"executed_lines": [], "summary": {"covered_lines": 0, "num_statements": 0, "percent_covered": 100.0, "percent_covered_display": "100.00", "missing_lines": 0, "excluded_lines": 0, "percent_statements_covered": 100.0, "percent_statements_covered_display": "100.00"}, "missing_lines": [], "excluded_lines": [], "start_line": 14}, "BehaviorTemplateUpdate": {"executed_lines": [], "summary": {"covered_lines": 0, "num_statements": 0, "percent_covered": 100.0, "percent_covered_display": "100.00", "missing_lines": 0, "excluded_lines": 0, "percent_statements_covered": 100.0, "percent_statements_covered_display": "100.00"}, "missing_lines": [], "excluded_lines": [], "start_line": 35}, "BehaviorTemplateResponse": {"executed_lines": [], "summary": {"covered_lines": 0, "num_statements": 0, "percent_covered": 100.0, "percent_covered_display": "100.00", "missing_lines": 0, "excluded_lines": 0, "percent_statements_covered": 100.0, "percent_statements_covered_display": "100.00"}, "missing_lines": [], "excluded_lines": [], "start_line": 48}, "BehaviorTemplateCategory": {"executed_lines": [], "summary": {"covered_lines": 0, "num_statements": 0, "percent_covered": 100.0, "percent_covered_display": "100.00", "missing_lines": 0, "excluded_lines": 0, "percent_statements_covered": 100.0, "percent_statements_covered_display": "100.00"}, "missing_lines": [], "excluded_lines": [], "start_line": 65}, "": {"executed_lines": [], "summary": {"covered_lines": 0, "num_statements": 41, "percent_covered": 0.0, "percent_covered_display": "0.00", "missing_lines": 41, "excluded_lines": 243, "percent_statements_covered": 0.0, "percent_statements_covered_display": "0.00"}, "missing_lines": [1, 2, 3, 4, 5, 6, 7, 8, 10, 14, 30, 31, 32, 35, 38, 39, 40, 41, 42, 43, 44, 45, 48, 60, 65, 71, 75, 115, 120, 126, 129, 134, 151, 152, 153, 156, 167, 421, 426, 432, 510], "excluded_lines": [17, 18, 19, 23, 27, 51, 52, 53, 54, 55, 56, 57, 58, 59, 61, 62, 68, 69, 70, 186, 187, 188, 189, 190, 191, 192, 193, 194, 195, 196, 197, 198, 199, 200, 201, 202, 203, 204, 205, 206, 207, 208, 209, 210, 211, 212, 213, 214, 215, 216, 217, 218, 219, 220, 223, 224, 225, 226, 227, 228, 229, 230, 231, 232, 233, 234, 235, 236, 237, 238, 239, 240, 241, 242, 243, 244, 245, 246, 247, 248, 249, 250, 251, 252, 253, 254, 255, 256, 257, 258, 259, 260, 261, 262, 263, 264, 265, 266, 267, 268, 269, 270, 271, 272, 273, 274, 275, 276, 277, 278, 279, 280, 281, 284, 285, 286, 287, 288, 289, 290, 291, 292, 293, 294, 295, 296, 297, 298, 299, 300, 301, 302, 303, 304, 305, 306, 307, 308, 309, 310, 311, 312, 313, 314, 315, 316, 317, 318, 319, 320, 321, 322, 323, 324, 325, 326, 327, 328, 329, 330, 331, 332, 333, 334, 335, 336, 337, 338, 339, 340, 341, 344, 345, 346, 347, 348, 349, 350, 351, 352, 353, 354, 355, 356, 357, 358, 359, 360, 361, 362, 363, 366, 367, 368, 369, 370, 371, 372, 373, 374, 375, 376, 377, 378, 379, 380, 381, 382, 383, 384, 385, 386, 387, 388, 389, 390, 391, 392, 393, 394, 395, 396, 397, 398, 399, 400, 401, 402, 403, 404, 405, 406, 407, 408, 409, 410, 411, 412, 413, 414, 415, 416, 417], "start_line": 1}}}, "backend/src/api/behavioral_testing.py": {"executed_lines": [], "summary": {"covered_lines": 0, "num_statements": 104, "percent_covered": 0.0, "percent_covered_display": "0.00", "missing_lines": 104, "excluded_lines": 6, "percent_statements_covered": 0.0, "percent_statements_covered_display": "0.00"}, "missing_lines": [8, 9, 10, 11, 12, 13, 16, 18, 20, 21, 22, 24, 25, 28, 29, 32, 37, 38, 39, 42, 48, 49, 50, 51, 52, 57, 62, 65, 66, 67, 70, 73, 74, 75, 76, 77, 78, 79, 80, 81, 84, 87, 88, 89, 90, 91, 92, 93, 96, 97, 110, 111, 114, 115, 122, 131, 135, 146, 147, 148, 150, 153, 154, 164, 167, 178, 179, 180, 183, 184, 194, 196, 216, 217, 218, 220, 225, 226, 237, 238, 239, 242, 253, 255, 256, 257, 259, 262, 263, 273, 275, 276, 278, 279, 280, 282, 285, 298, 299, 302, 305, 308, 310, 311], "excluded_lines": [17, 35, 36, 45, 60, 61], "functions": {"create_behavioral_test": {"executed_lines": [], "summary": {"covered_lines": 0, "num_statements": 11, "percent_covered": 0.0, "percent_covered_display": "0.00", "missing_lines": 11, "excluded_lines": 0, "percent_statements_covered": 0.0, "percent_statements_covered_display": "0.00"}, "missing_lines": [110, 111, 114, 115, 122, 131, 135, 146, 147, 148, 150], "excluded_lines": [], "start_line": 97}, "get_behavioral_test": {"executed_lines": [], "summary": {"covered_lines": 0, "num_statements": 5, "percent_covered": 0.0, "percent_covered_display": "0.00", "missing_lines": 5, "excluded_lines": 0, "percent_statements_covered": 0.0, "percent_statements_covered_display": "0.00"}, "missing_lines": [164, 167, 178, 179, 180], "excluded_lines": [], "start_line": 154}, "get_test_scenarios": {"executed_lines": [], "summary": {"covered_lines": 0, "num_statements": 6, "percent_covered": 0.0, "percent_covered_display": "0.00", "missing_lines": 6, "excluded_lines": 0, "percent_statements_covered": 0.0, "percent_statements_covered_display": "0.00"}, "missing_lines": [194, 196, 216, 217, 218, 220], "excluded_lines": [], "start_line": 184}, "get_test_report": {"executed_lines": [], "summary": {"covered_lines": 0, "num_statements": 9, "percent_covered": 0.0, "percent_covered_display": "0.00", "missing_lines": 9, "excluded_lines": 0, "percent_statements_covered": 0.0, "percent_statements_covered_display": "0.00"}, "missing_lines": [237, 238, 239, 242, 253, 255, 256, 257, 259], "excluded_lines": [], "start_line": 226}, "delete_behavioral_test": {"executed_lines": [], "summary": {"covered_lines": 0, "num_statements": 7, "percent_covered": 0.0, "percent_covered_display": "0.00", "missing_lines": 7, "excluded_lines": 0, "percent_statements_covered": 0.0, "percent_statements_covered_display": "0.00"}, "missing_lines": [273, 275, 276, 278, 279, 280, 282], "excluded_lines": [], "start_line": 263}, "execute_behavioral_test_async": {"executed_lines": [], "summary": {"covered_lines": 0, "num_statements": 7, "percent_covered": 0.0, "percent_covered_display": "0.00", "missing_lines": 7, "excluded_lines": 0, "percent_statements_covered": 0.0, "percent_statements_covered_display": "0.00"}, "missing_lines": [298, 299, 302, 305, 308, 310, 311], "excluded_lines": [], "start_line": 285}, "": {"executed_lines": [], "summary": {"covered_lines": 0, "num_statements": 59, "percent_covered": 0.0, "percent_covered_display": "0.00", "missing_lines": 59, "excluded_lines": 6, "percent_statements_covered": 0.0, "percent_statements_covered_display": "0.00"}, "missing_lines": [8, 9, 10, 11, 12, 13, 16, 18, 20, 21, 22, 24, 25, 28, 29, 32, 37, 38, 39, 42, 48, 49, 50, 51, 52, 57, 62, 65, 66, 67, 70, 73, 74, 75, 76, 77, 78, 79, 80, 81, 84, 87, 88, 89, 90, 91, 92, 93, 96, 97, 153, 154, 183, 184, 225, 226, 262, 263, 285], "excluded_lines": [17, 35, 36, 45, 60, 61], "start_line": 1}}, "classes": {"TestScenario": {"executed_lines": [], "summary": {"covered_lines": 0, "num_statements": 0, "percent_covered": 100.0, "percent_covered_display": "100.00", "missing_lines": 0, "excluded_lines": 0, "percent_statements_covered": 100.0, "percent_statements_covered_display": "100.00"}, "missing_lines": [], "excluded_lines": [], "start_line": 32}, "ExpectedBehavior": {"executed_lines": [], "summary": {"covered_lines": 0, "num_statements": 0, "percent_covered": 100.0, "percent_covered_display": "100.00", "missing_lines": 0, "excluded_lines": 0, "percent_statements_covered": 100.0, "percent_statements_covered_display": "100.00"}, "missing_lines": [], "excluded_lines": [], "start_line": 42}, "BehavioralTestRequest": {"executed_lines": [], "summary": {"covered_lines": 0, "num_statements": 0, "percent_covered": 100.0, "percent_covered_display": "100.00", "missing_lines": 0, "excluded_lines": 0, "percent_statements_covered": 100.0, "percent_statements_covered_display": "100.00"}, "missing_lines": [], "excluded_lines": [], "start_line": 57}, "BehavioralTestResponse": {"executed_lines": [], "summary": {"covered_lines": 0, "num_statements": 0, "percent_covered": 100.0, "percent_covered_display": "100.00", "missing_lines": 0, "excluded_lines": 0, "percent_statements_covered": 100.0, "percent_statements_covered_display": "100.00"}, "missing_lines": [], "excluded_lines": [], "start_line": 70}, "TestScenarioResult": {"executed_lines": [], "summary": {"covered_lines": 0, "num_statements": 0, "percent_covered": 100.0, "percent_covered_display": "100.00", "missing_lines": 0, "excluded_lines": 0, "percent_statements_covered": 100.0, "percent_statements_covered_display": "100.00"}, "missing_lines": [], "excluded_lines": [], "start_line": 84}, "": {"executed_lines": [], "summary": {"covered_lines": 0, "num_statements": 104, "percent_covered": 0.0, "percent_covered_display": "0.00", "missing_lines": 104, "excluded_lines": 6, "percent_statements_covered": 0.0, "percent_statements_covered_display": "0.00"}, "missing_lines": [8, 9, 10, 11, 12, 13, 16, 18, 20, 21, 22, 24, 25, 28, 29, 32, 37, 38, 39, 42, 48, 49, 50, 51, 52, 57, 62, 65, 66, 67, 70, 73, 74, 75, 76, 77, 78, 79, 80, 81, 84, 87, 88, 89, 90, 91, 92, 93, 96, 97, 110, 111, 114, 115, 122, 131, 135, 146, 147, 148, 150, 153, 154, 164, 167, 178, 179, 180, 183, 184, 194, 196, 216, 217, 218, 220, 225, 226, 237, 238, 239, 242, 253, 255, 256, 257, 259, 262, 263, 273, 275, 276, 278, 279, 280, 282, 285, 298, 299, 302, 305, 308, 310, 311], "excluded_lines": [17, 35, 36, 45, 60, 61], "start_line": 1}}}, "backend/src/api/build_performance.py": {"executed_lines": [], "summary": {"covered_lines": 0, "num_statements": 76, "percent_covered": 0.0, "percent_covered_display": "0.00", "missing_lines": 76, "excluded_lines": 0, "percent_statements_covered": 0.0, "percent_statements_covered_display": "0.00"}, "missing_lines": [10, 11, 12, 14, 16, 26, 36, 39, 40, 47, 48, 55, 61, 62, 65, 66, 72, 73, 81, 82, 84, 85, 88, 89, 93, 94, 96, 97, 99, 100, 103, 104, 113, 114, 121, 122, 124, 125, 128, 129, 135, 136, 143, 144, 146, 147, 150, 151, 155, 157, 158, 160, 163, 164, 175, 177, 178, 180, 183, 184, 194, 195, 197, 198, 200, 203, 204, 217, 220, 221, 227, 240, 241, 249, 250, 254], "excluded_lines": [], "functions": {"start_performance_tracking": {"executed_lines": [], "summary": {"covered_lines": 0, "num_statements": 5, "percent_covered": 0.0, "percent_covered_display": "0.00", "missing_lines": 5, "excluded_lines": 0, "percent_statements_covered": 0.0, "percent_statements_covered_display": "0.00"}, "missing_lines": [47, 48, 55, 61, 62], "excluded_lines": [], "start_line": 40}, "update_stage": {"executed_lines": [], "summary": {"covered_lines": 0, "num_statements": 6, "percent_covered": 0.0, "percent_covered_display": "0.00", "missing_lines": 6, "excluded_lines": 0, "percent_statements_covered": 0.0, "percent_statements_covered_display": "0.00"}, "missing_lines": [72, 73, 81, 82, 84, 85], "excluded_lines": [], "start_line": 66}, "start_stage": {"executed_lines": [], "summary": {"covered_lines": 0, "num_statements": 6, "percent_covered": 0.0, "percent_covered_display": "0.00", "missing_lines": 6, "excluded_lines": 0, "percent_statements_covered": 0.0, "percent_statements_covered_display": "0.00"}, "missing_lines": [93, 94, 96, 97, 99, 100], "excluded_lines": [], "start_line": 89}, "complete_stage": {"executed_lines": [], "summary": {"covered_lines": 0, "num_statements": 6, "percent_covered": 0.0, "percent_covered_display": "0.00", "missing_lines": 6, "excluded_lines": 0, "percent_statements_covered": 0.0, "percent_statements_covered_display": "0.00"}, "missing_lines": [113, 114, 121, 122, 124, 125], "excluded_lines": [], "start_line": 104}, "end_performance_tra
[...]
nes": 0, "percent_statements_covered": 0.0, "percent_statements_covered_display": "0.00"}, "missing_lines": [482, 483, 484], "excluded_lines": [], "start_line": 480}, "EnhancedConnectionManager.get_metrics": {"executed_lines": [], "summary": {"covered_lines": 0, "num_statements": 1, "percent_covered": 0.0, "percent_covered_display": "0.00", "missing_lines": 1, "excluded_lines": 0, "percent_statements_covered": 0.0, "percent_statements_covered_display": "0.00"}, "missing_lines": [488], "excluded_lines": [], "start_line": 486}, "EnhancedConnectionManager.check_connection_health": {"executed_lines": [], "summary": {"covered_lines": 0, "num_statements": 13, "percent_covered": 0.0, "percent_covered_display": "0.00", "missing_lines": 13, "excluded_lines": 0, "percent_statements_covered": 0.0, "percent_statements_covered_display": "0.00"}, "missing_lines": [506, 507, 509, 510, 511, 512, 514, 515, 517, 518, 519, 521, 523], "excluded_lines": [], "start_line": 496}, "EnhancedConnectionManager._send_message": {"executed_lines": [], "summary": {"covered_lines": 0, "num_statements": 1, "percent_covered": 0.0, "percent_covered_display": "0.00", "missing_lines": 1, "excluded_lines": 0, "percent_statements_covered": 0.0, "percent_statements_covered_display": "0.00"}, "missing_lines": [532], "excluded_lines": [], "start_line": 530}, "EnhancedConnectionManager._generate_client_id": {"executed_lines": [], "summary": {"covered_lines": 0, "num_statements": 2, "percent_covered": 0.0, "percent_covered_display": "0.00", "missing_lines": 2, "excluded_lines": 0, "percent_statements_covered": 0.0, "percent_statements_covered_display": "0.00"}, "missing_lines": [536, 538], "excluded_lines": [], "start_line": 534}, "EnhancedConnectionManager._heartbeat_loop": {"executed_lines": [], "summary": {"covered_lines": 0, "num_statements": 16, "percent_covered": 0.0, "percent_covered_display": "0.00", "missing_lines": 16, "excluded_lines": 0, "percent_statements_covered": 0.0, "percent_statements_covered_display": "0.00"}, "missing_lines": [542, 543, 544, 546, 547, 553, 554, 555, 556, 557, 558, 560, 562, 563, 564, 565], "excluded_lines": [], "start_line": 540}, "EnhancedConnectionManager._cleanup_loop": {"executed_lines": [], "summary": {"covered_lines": 0, "num_statements": 20, "percent_covered": 0.0, "percent_covered_display": "0.00", "missing_lines": 20, "excluded_lines": 0, "percent_statements_covered": 0.0, "percent_statements_covered_display": "0.00"}, "missing_lines": [569, 570, 571, 573, 574, 576, 578, 579, 580, 582, 583, 586, 587, 588, 590, 591, 593, 594, 595, 596], "excluded_lines": [], "start_line": 567}, "get_enhanced_manager": {"executed_lines": [], "summary": {"covered_lines": 0, "num_statements": 3, "percent_covered": 0.0, "percent_covered_display": "0.00", "missing_lines": 3, "excluded_lines": 0, "percent_statements_covered": 0.0, "percent_statements_covered_display": "0.00"}, "missing_lines": [606, 607, 608], "excluded_lines": [], "start_line": 603}, "start_websocket_manager": {"executed_lines": [], "summary": {"covered_lines": 0, "num_statements": 2, "percent_covered": 0.0, "percent_covered_display": "0.00", "missing_lines": 2, "excluded_lines": 0, "percent_statements_covered": 0.0, "percent_statements_covered_display": "0.00"}, "missing_lines": [613, 614], "excluded_lines": [], "start_line": 611}, "stop_websocket_manager": {"executed_lines": [], "summary": {"covered_lines": 0, "num_statements": 2, "percent_covered": 0.0, "percent_covered_display": "0.00", "missing_lines": 2, "excluded_lines": 0, "percent_statements_covered": 0.0, "percent_statements_covered_display": "0.00"}, "missing_lines": [620, 621], "excluded_lines": [], "start_line": 617}, "": {"executed_lines": [], "summary": {"covered_lines": 0, "num_statements": 85, "percent_covered": 0.0, "percent_covered_display": "0.00", "missing_lines": 85, "excluded_lines": 1, "percent_statements_covered": 0.0, "percent_statements_covered_display": "0.00"}, "missing_lines": [14, 15, 16, 17, 18, 19, 20, 21, 22, 24, 25, 27, 30, 33, 34, 35, 36, 37, 40, 51, 52, 53, 56, 57, 58, 59, 60, 61, 64, 65, 66, 69, 70, 73, 74, 75, 76, 77, 78, 79, 80, 81, 82, 84, 98, 99, 102, 103, 104, 105, 108, 109, 112, 113, 114, 115, 116, 119, 126, 131, 163, 170, 206, 233, 240, 256, 299, 327, 381, 426, 441, 468, 472, 476, 480, 486, 496, 530, 534, 540, 567, 600, 603, 611, 617], "excluded_lines": [171], "start_line": 1}}, "classes": {"ConnectionState": {"executed_lines": [], "summary": {"covered_lines": 0, "num_statements": 0, "percent_covered": 100.0, "percent_covered_display": "100.00", "missing_lines": 0, "excluded_lines": 0, "percent_statements_covered": 100.0, "percent_statements_covered_display": "100.00"}, "missing_lines": [], "excluded_lines": [], "start_line": 30}, "MessageType": {"executed_lines": [], "summary": {"covered_lines": 0, "num_statements": 0, "percent_covered": 100.0, "percent_covered_display": "100.00", "missing_lines": 0, "excluded_lines": 0, "percent_statements_covered": 100.0, "percent_statements_covered_display": "100.00"}, "missing_lines": [], "excluded_lines": [], "start_line": 40}, "ConnectionInfo": {"executed_lines": [], "summary": {"covered_lines": 0, "num_statements": 1, "percent_covered": 0.0, "percent_covered_display": "0.00", "missing_lines": 1, "excluded_lines": 0, "percent_statements_covered": 0.0, "percent_statements_covered_display": "0.00"}, "missing_lines": [86], "excluded_lines": [], "start_line": 70}, "RateLimitConfig": {"executed_lines": [], "summary": {"covered_lines": 0, "num_statements": 0, "percent_covered": 100.0, "percent_covered_display": "100.00", "missing_lines": 0, "excluded_lines": 0, "percent_statements_covered": 100.0, "percent_statements_covered_display": "100.00"}, "missing_lines": [], "excluded_lines": [], "start_line": 99}, "HealthConfig": {"executed_lines": [], "summary": {"covered_lines": 0, "num_statements": 0, "percent_covered": 100.0, "percent_covered_display": "100.00", "missing_lines": 0, "excluded_lines": 0, "percent_statements_covered": 100.0, "percent_statements_covered_display": "100.00"}, "missing_lines": [], "excluded_lines": [], "start_line": 109}, "RateLimiter": {"executed_lines": [], "summary": {"covered_lines": 0, "num_statements": 22, "percent_covered": 0.0, "percent_covered_display": "0.00", "missing_lines": 22, "excluded_lines": 0, "percent_statements_covered": 0.0, "percent_statements_covered_display": "0.00"}, "missing_lines": [127, 128, 129, 133, 136, 137, 138, 139, 142, 146, 149, 150, 151, 152, 155, 156, 157, 160, 161, 165, 166, 167], "excluded_lines": [], "start_line": 119}, "EnhancedConnectionManager": {"executed_lines": [], "summary": {"covered_lines": 0, "num_statements": 152, "percent_covered": 0.0, "percent_covered_display": "0.00", "missing_lines": 152, "excluded_lines": 0, "percent_statements_covered": 0.0, "percent_statements_covered_display": "0.00"}, "missing_lines": [212, 215, 218, 221, 224, 225, 226, 229, 230, 231, 235, 236, 237, 238, 242, 244, 245, 246, 247, 249, 250, 251, 252, 254, 270, 272, 279, 280, 283, 291, 297, 310, 311, 312, 315, 316, 318, 319, 325, 341, 342, 343, 345, 346, 347, 349, 352, 353, 354, 360, 361, 363, 365, 370, 371, 372, 375, 376, 395, 396, 399, 400, 402, 403, 405, 406, 408, 409, 411, 412, 413, 415, 416, 417, 420, 421, 423, 424, 436, 437, 438, 439, 455, 456, 457, 459, 460, 461, 462, 463, 464, 465, 466, 470, 474, 478, 482, 483, 484, 488, 506, 507, 509, 510, 511, 512, 514, 515, 517, 518, 519, 521, 523, 532, 536, 538, 542, 543, 544, 546, 547, 553, 554, 555, 556, 557, 558, 560, 562, 563, 564, 565, 569, 570, 571, 573, 574, 576, 578, 579, 580, 582, 583, 586, 587, 588, 590, 591, 593, 594, 595, 596], "excluded_lines": [], "start_line": 170}, "": {"executed_lines": [], "summary": {"covered_lines": 0, "num_statements": 92, "percent_covered": 0.0, "percent_covered_display": "0.00", "missing_lines": 92, "excluded_lines": 1, "percent_statements_covered": 0.0, "percent_statements_covered_display": "0.00"}, "missing_lines": [14, 15, 16, 17, 18, 19, 20, 21, 22, 24, 25, 27, 30, 33, 34, 35, 36, 37, 40, 51, 52, 53, 56, 57, 58, 59, 60, 61, 64, 65, 66, 69, 70, 73, 74, 75, 76, 77, 78, 79, 80, 81, 82, 84, 98, 99, 102, 103, 104, 105, 108, 109, 112, 113, 114, 115, 116, 119, 126, 131, 163, 170, 206, 233, 240, 256, 299, 327, 381, 426, 441, 468, 472, 476, 480, 486, 496, 530, 534, 540, 567, 600, 603, 606, 607, 608, 611, 613, 614, 617, 620, 621], "excluded_lines": [171], "start_line": 1}}}, "backend/src/websocket/manager.py": {"executed_lines": [], "summary": {"covered_lines": 0, "num_statements": 50, "percent_covered": 0.0, "percent_covered_display": "0.00", "missing_lines": 50, "excluded_lines": 0, "percent_statements_covered": 0.0, "percent_statements_covered_display": "0.00"}, "missing_lines": [11, 12, 13, 15, 18, 26, 28, 30, 38, 40, 41, 43, 44, 49, 57, 58, 61, 62, 63, 65, 70, 78, 79, 80, 81, 82, 84, 92, 93, 94, 97, 98, 100, 101, 102, 103, 104, 105, 108, 109, 111, 118, 119, 121, 131, 133, 140, 142, 149, 153], "excluded_lines": [], "functions": {"ConnectionManager.__init__": {"executed_lines": [], "summary": {"covered_lines": 0, "num_statements": 1, "percent_covered": 0.0, "percent_covered_display": "0.00", "missing_lines": 1, "excluded_lines": 0, "percent_statements_covered": 0.0, "percent_statements_covered_display": "0.00"}, "missing_lines": [28], "excluded_lines": [], "start_line": 26}, "ConnectionManager.connect": {"executed_lines": [], "summary": {"covered_lines": 0, "num_statements": 5, "percent_covered": 0.0, "percent_covered_display": "0.00", "missing_lines": 5, "excluded_lines": 0, "percent_statements_covered": 0.0, "percent_statements_covered_display": "0.00"}, "missing_lines": [38, 40, 41, 43, 44], "excluded_lines": [], "start_line": 30}, "ConnectionManager.disconnect": {"executed_lines": [], "summary": {"covered_lines": 0, "num_statements": 6, "percent_covered": 0.0, "percent_covered_display": "0.00", "missing_lines": 6, "excluded_lines": 0, "percent_statements_covered": 0.0, "percent_statements_covered_display": "0.00"}, "missing_lines": [57, 58, 61, 62, 63, 65], "excluded_lines": [], "start_line": 49}, "ConnectionManager.send_personal_message": {"executed_lines": [], "summary": {"covered_lines": 0, "num_statements": 5, "percent_covered": 0.0, "percent_covered_display": "0.00", "missing_lines": 5, "excluded_lines": 0, "percent_statements_covered": 0.0, "percent_statements_covered_display": "0.00"}, "missing_lines": [78, 79, 80, 81, 82], "excluded_lines": [], "start_line": 70}, "ConnectionManager.broadcast": {"executed_lines": [], "summary": {"covered_lines": 0, "num_statements": 13, "percent_covered": 0.0, "percent_covered_display": "0.00", "missing_lines": 13, "excluded_lines": 0, "percent_statements_covered": 0.0, "percent_statements_covered_display": "0.00"}, "missing_lines": [92, 93, 94, 97, 98, 100, 101, 102, 103, 104, 105, 108, 109], "excluded_lines": [], "start_line": 84}, "ConnectionManager.broadcast_to_all": {"executed_lines": [], "summary": {"covered_lines": 0, "num_statements": 2, "percent_covered": 0.0, "percent_covered_display": "0.00", "missing_lines": 2, "excluded_lines": 0, "percent_statements_covered": 0.0, "percent_statements_covered_display": "0.00"}, "missing_lines": [118, 119], "excluded_lines": [], "start_line": 111}, "ConnectionManager.get_connection_count": {"executed_lines": [], "summary": {"covered_lines": 0, "num_statements": 1, "percent_covered": 0.0, "percent_covered_display": "0.00", "missing_lines": 1, "excluded_lines": 0, "percent_statements_covered": 0.0, "percent_statements_covered_display": "0.00"}, "missing_lines": [131], "excluded_lines": [], "start_line": 121}, "ConnectionManager.get_total_connection_count": {"executed_lines": [], "summary": {"covered_lines": 0, "num_statements": 1, "percent_covered": 0.0, "percent_covered_display": "0.00", "missing_lines": 1, "excluded_lines": 0, "percent_statements_covered": 0.0, "percent_statements_covered_display": "0.00"}, "missing_lines": [140], "excluded_lines": [], "start_line": 133}, "ConnectionManager.get_active_conversions": {"executed_lines": [], "summary": {"covered_lines": 0, "num_statements": 1, "percent_covered": 0.0, "percent_covered_display": "0.00", "missing_lines": 1, "excluded_lines": 0, "percent_statements_covered": 0.0, "percent_statements_covered_display": "0.00"}, "missing_lines": [149], "excluded_lines": [], "start_line": 142}, "": {"executed_lines": [], "summary": {"covered_lines": 0, "num_statements": 15, "percent_covered": 0.0, "percent_covered_display": "0.00", "missing_lines": 15, "excluded_lines": 0, "percent_statements_covered": 0.0, "percent_statements_covered_display": "0.00"}, "missing_lines": [11, 12, 13, 15, 18, 26, 30, 49, 70, 84, 111, 121, 133, 142, 153], "excluded_lines": [], "start_line": 1}}, "classes": {"ConnectionManager": {"executed_lines": [], "summary": {"covered_lines": 0, "num_statements": 35, "percent_covered": 0.0, "percent_covered_display": "0.00", "missing_lines": 35, "excluded_lines": 0, "percent_statements_covered": 0.0, "percent_statements_covered_display": "0.00"}, "missing_lines": [28, 38, 40, 41, 43, 44, 57, 58, 61, 62, 63, 65, 78, 79, 80, 81, 82, 92, 93, 94, 97, 98, 100, 101, 102, 103, 104, 105, 108, 109, 118, 119, 131, 140, 149], "excluded_lines": [], "start_line": 18}, "": {"executed_lines": [], "summary": {"covered_lines": 0, "num_statements": 15, "percent_covered": 0.0, "percent_covered_display": "0.00", "missing_lines": 15, "excluded_lines": 0, "percent_statements_covered": 0.0, "percent_statements_covered_display": "0.00"}, "missing_lines": [11, 12, 13, 15, 18, 26, 30, 49, 70, 84, 111, 121, 133, 142, 153], "excluded_lines": [], "start_line": 1}}}, "backend/src/websocket/progress_handler.py": {"executed_lines": [], "summary": {"covered_lines": 0, "num_statements": 57, "percent_covered": 0.0, "percent_covered_display": "0.00", "missing_lines": 57, "excluded_lines": 5, "percent_statements_covered": 0.0, "percent_statements_covered_display": "0.00"}, "missing_lines": [8, 9, 10, 11, 12, 14, 16, 19, 22, 23, 24, 25, 26, 29, 41, 45, 50, 53, 57, 77, 88, 96, 97, 116, 118, 119, 120, 123, 124, 126, 127, 136, 144, 145, 162, 171, 172, 183, 191, 192, 201, 210, 211, 219, 230, 231, 232, 233, 234, 236, 237, 245, 256, 257, 258, 259, 260], "excluded_lines": [32, 33, 34, 40, 54], "functions": {"progress_message": {"executed_lines": [], "summary": {"covered_lines": 0, "num_statements": 1, "percent_covered": 0.0, "percent_covered_display": "0.00", "missing_lines": 1, "excluded_lines": 0, "percent_statements_covered": 0.0, "percent_statements_covered_display": "0.00"}, "missing_lines": [77], "excluded_lines": [], "start_line": 57}, "ProgressHandler.broadcast_progress": {"executed_lines": [], "summary": {"covered_lines": 0, "num_statements": 6, "percent_covered": 0.0, "percent_covered_display": "0.00", "missing_lines": 6, "excluded_lines": 0, "percent_statements_covered": 0.0, "percent_statements_covered_display": "0.00"}, "missing_lines": [116, 118, 119, 120, 123, 124], "excluded_lines": [], "start_line": 97}, "ProgressHandler.broadcast_agent_start": {"executed_lines": [], "summary": {"covered_lines": 0, "num_statements": 1, "percent_covered": 0.0, "percent_covered_display": "0.00", "missing_lines": 1, "excluded_lines": 0, "percent_statements_covered": 0.0, "percent_statements_covered_display": "0.00"}, "missing_lines": [136], "excluded_lines": [], "start_line": 127}, "ProgressHandler.broadcast_agent_update": {"executed_lines": [], "summary": {"covered_lines": 0, "num_statements": 1, "percent_covered": 0.0, "percent_covered_display": "0.00", "missing_lines": 1, "excluded_lines": 0, "percent_statements_covered": 0.0, "percent_statements_covered_display": "0.00"}, "missing_lines": [162], "excluded_lines": [], "start_line": 145}, "ProgressHandler.broadcast_agent_complete": {"executed_lines": [], "summary": {"covered_lines": 0, "num_statements": 1, "percent_covered": 0.0, "percent_covered_display": "0.00", "missing_lines": 1, "excluded_lines": 0, "percent_statements_covered": 0.0, "percent_statements_covered_display": "0.00"}, "missing_lines": [183], "excluded_lines": [], "start_line": 172}, "ProgressHandler.broadcast_agent_failed": {"executed_lines": [], "summary": {"covered_lines": 0, "num_statements": 1, "percent_covered": 0.0, "percent_covered_display": "0.00", "missing_lines": 1, "excluded_lines": 0, "percent_statements_covered": 0.0, "percent_statements_covered_display": "0.00"}, "missing_lines": [201], "excluded_lines": [], "start_line": 192}, "ProgressHandler.broadcast_conversion_complete": {"executed_lines": [], "summary": {"covered_lines": 0, "num_statements": 6, "percent_covered": 0.0, "percent_covered_display": "0.00", "missing_lines": 6, "excluded_lines": 0, "percent_statements_covered": 0.0, "percent_statements_covered_display": "0.00"}, "missing_lines": [219, 230, 231, 232, 233, 234], "excluded_lines": [], "start_line": 211}, "ProgressHandler.broadcast_conversion_failed": {"executed_lines": [], "summary": {"covered_lines": 0, "num_statements": 6, "percent_covered": 0.0, "percent_covered_display": "0.00", "missing_lines": 6, "excluded_lines": 0, "percent_statements_covered": 0.0, "percent_statements_covered_display": "0.00"}, "missing_lines": [245, 256, 257, 258, 259, 260], "excluded_lines": [], "start_line": 237}, "": {"executed_lines": [], "summary": {"covered_lines": 0, "num_statements": 34, "percent_covered": 0.0, "percent_covered_display": "0.00", "missing_lines": 34, "excluded_lines": 5, "percent_statements_covered": 0.0, "percent_statements_covered_display": "0.00"}, "missing_lines": [8, 9, 10, 11, 12, 14, 16, 19, 22, 23, 24, 25, 26, 29, 41, 45, 50, 53, 57, 88, 96, 97, 126, 127, 144, 145, 171, 172, 191, 192, 210, 211, 236, 237], "excluded_lines": [32, 33, 34, 40, 54], "start_line": 1}}, "classes": {"AgentStatus": {"executed_lines": [], "summary": {"covered_lines": 0, "num_statements": 0, "percent_covered": 100.0, "percent_covered_display": "100.00", "missing_lines": 0, "excluded_lines": 0, "percent_statements_covered": 100.0, "percent_statements_covered_display": "100.00"}, "missing_lines": [], "excluded_lines": [], "start_line": 19}, "ProgressMessageData": {"executed_lines": [], "summary": {"covered_lines": 0, "num_statements": 0, "percent_covered": 100.0, "percent_covered_display": "100.00", "missing_lines": 0, "excluded_lines": 0, "percent_statements_covered": 100.0, "percent_statements_covered_display": "100.00"}, "missing_lines": [], "excluded_lines": [], "start_line": 29}, "ProgressMessage": {"executed_lines": [], "summary": {"covered_lines": 0, "num_statements": 0, "percent_covered": 100.0, "percent_covered_display": "100.00", "missing_lines": 0, "excluded_lines": 0, "percent_statements_covered": 100.0, "percent_statements_covered_display": "100.00"}, "missing_lines": [], "excluded_lines": [], "start_line": 50}, "ProgressHandler": {"executed_lines": [], "summary": {"covered_lines": 0, "num_statements": 22, "percent_covered": 0.0, "percent_covered_display": "0.00", "missing_lines": 22, "excluded_lines": 0, "percent_statements_covered": 0.0, "percent_statements_covered_display": "0.00"}, "missing_lines": [116, 118, 119, 120, 123, 124, 136, 162, 183, 201, 219, 230, 231, 232, 233, 234, 245, 256, 257, 258, 259, 260], "excluded_lines": [], "start_line": 88}, "": {"executed_lines": [], "summary": {"covered_lines": 0, "num_statements": 35, "percent_covered": 0.0, "percent_covered_display": "0.00", "missing_lines": 35, "excluded_lines": 5, "percent_statements_covered": 0.0, "percent_statements_covered_display": "0.00"}, "missing_lines": [8, 9, 10, 11, 12, 14, 16, 19, 22, 23, 24, 25, 26, 29, 41, 45, 50, 53, 57, 77, 88, 96, 97, 126, 127, 144, 145, 171, 172, 191, 192, 210, 211, 236, 237], "excluded_lines": [32, 33, 34, 40, 54], "start_line": 1}}}}, "totals": {"covered_lines": 0, "num_statements": 13830, "percent_covered": 0.0, "percent_covered_display": "0.00", "missing_lines": 13830, "excluded_lines": 2824, "percent_statements_covered": 0.0, "percent_statements_covered_display": "0.00"}}