{"meta": {"format": 3, "version": "7.11.1", "timestamp": "2025-11-14T16:46:20.200195", "branch_coverage": false, "show_contexts": false}, "files": {"__init__.py": {"executed_lines": [0], "summary": {"covered_lines": 0, "num_statements": 0, "percent_covered": 100.0, "percent_covered_display": "100", "missing_lines": 0, "excluded_lines": 0}, "missing_lines": [], "excluded_lines": [], "functions": {"": {"executed_lines": [], "summary": {"covered_lines": 0, "num_statements": 0, "percent_covered": 100.0, "percent_covered_display": "100", "missing_lines": 0, "excluded_lines": 0}, "missing_lines": [], "excluded_lines": []}}, "classes": {"": {"executed_lines": [], "summary": {"covered_lines": 0, "num_statements": 0, "percent_covered": 100.0, "percent_covered_display": "100", "missing_lines": 0, "excluded_lines": 0}, "missing_lines": [], "excluded_lines": []}}}, "__main__.py": {"executed_lines": [], "summary": {"covered_lines": 0, "num_statements": 1, "percent_covered": 0.0, "percent_covered_display": "0", "missing_lines": 1, "excluded_lines": 2}, "missing_lines": [5], "excluded_lines": [7, 8], "functions": {"": {"executed_lines": [], "summary": {"covered_lines": 0, "num_statements": 1, "percent_covered": 0.0, "percent_covered_display": "0", "missing_lines": 1, "excluded_lines": 2}, "missing_lines": [5], "excluded_lines": [7, 8]}}, "classes": {"": {"executed_lines": [], "summary": {"covered_lines": 0, "num_statements": 1, "percent_covered": 0.0, "percent_covered_display": "0", "missing_lines": 1, "excluded_lines": 2}, "missing_lines": [5], "excluded_lines": [7, 8]}}}, "agent_metrics\\__init__.py": {"executed_lines": [], "summary": {"covered_lines": 0, "num_statements": 0, "percent_covered": 100.0, "percent_covered_display": "100", "missing_lines": 0, "excluded_lines": 0}, "missing_lines": [], "excluded_lines": [], "functions": {"": {"executed_lines": [], "summary": {"covered_lines": 0, "num_statements": 0, "percent_covered": 100.0, "percent_covered_display": "100", "missing_lines": 0, "excluded_lines": 0}, "missing_lines": [], "excluded_lines": []}}, "classes": {"": {"executed_lines": [], "summary": {"covered_lines": 0, "num_statements": 0, "percent_covered": 100.0, "percent_covered_display": "100", "missing_lines": 0, "excluded_lines": 0}, "missing_lines": [], "excluded_lines": []}}}, "agents\\__init__.py": {"executed_lines": [2, 3, 4, 5, 6, 7, 8, 15, 16, 18], "summary": {"covered_lines": 10, "num_statements": 10, "percent_covered": 100.0, "percent_covered_display": "100", "missing_lines": 0, "excluded_lines": 0}, "missing_lines": [], "excluded_lines": [], "functions": {"": {"executed_lines": [2, 3, 4, 5, 6, 7, 8, 15, 16, 18], "summary": {"covered_lines": 10, "num_statements": 10, "percent_covered": 100.0, "percent_covered_display": "100", "missing_lines": 0, "excluded_lines": 0}, "missing_lines": [], "excluded_lines": []}}, "classes": {"": {"executed_lines": [2, 3, 4, 5, 6, 7, 8, 15, 16, 18], "summary": {"covered_lines": 10, "num_statements": 10, "percent_covered": 100.0, "percent_covered_display": "100", "missing_lines": 0, "excluded_lines": 0}, "missing_lines": [], "excluded_lines": []}}}, "agents\\addon_validator.py": {"executed_lines": [1, 6, 7, 8, 9, 10, 11, 12, 14, 17, 18, 19, 20, 21, 24, 25, 30, 32, 35, 38, 47, 56, 57, 59, 69, 71, 83, 85, 89, 90, 93, 96, 99, 102, 105, 108, 111, 113, 123, 125, 132, 137, 141, 142, 148, 155, 156, 157, 165, 167, 169, 184, 185, 187, 188, 191, 192, 193, 194, 195, 196, 197, 198, 201, 208, 209, 212, 213, 215, 217, 223, 226, 229, 233, 241, 242, 244, 245, 248, 250, 257, 263, 264, 265, 266, 267, 270, 271, 272, 278, 279, 286, 287, 290, 291, 295, 302, 308, 309, 310, 311, 312, 313, 319, 326, 332, 333, 334, 335, 336, 337, 343, 350, 354, 361, 365, 372, 373, 374, 377, 378, 379, 380, 382, 383, 389, 395, 400, 404, 405, 406, 407, 409, 420, 428, 429, 430, 431, 434, 437, 438, 440, 441, 446, 447, 449, 453, 454, 455, 462, 463, 466, 467, 468, 474, 475, 476, 481, 482, 486, 492, 494, 495, 498, 499, 502, 503, 511, 513, 514, 515, 521, 530, 539, 558, 560, 569, 571, 572, 573, 574, 576, 577, 582, 583, 584, 590, 591, 597, 602, 604, 606, 607, 610, 613, 621, 625, 626, 631, 633, 636, 638, 640, 643, 644, 646, 647, 650, 651, 652, 654, 655, 656, 658, 660, 662, 663, 664, 665, 666, 667, 668, 669, 671, 673, 735, 739, 741, 751, 757, 760, 762], "summary": {"covered_lines": 229, "num_statements": 316, "percent_covered": 72.46835443037975, "percent_covered_display": "72", "missing_lines": 87, "excluded_lines": 0}, "missing_lines": [86, 117, 118, 119, 120, 121, 133, 134, 138, 143, 147, 149, 158, 159, 160, 161, 162, 163, 202, 234, 238, 280, 283, 314, 338, 355, 366, 375, 384, 401, 402, 413, 414, 417, 418, 442, 443, 448, 450, 456, 464, 469, 477, 478, 487, 488, 496, 504, 505, 506, 507, 508, 509, 516, 517, 518, 519, 524, 525, 532, 533, 534, 541, 542, 543, 549, 550, 551, 553, 554, 555, 556, 578, 579, 586, 587, 592, 593, 598, 611, 614, 615, 616, 622, 627, 632, 634], "excluded_lines": [], "functions": {"AddonValidator.__init__": {"executed_lines": [32, 35, 38, 47, 56, 57], "summary": {"covered_lines": 6, "num_statements": 6, "percent_covered": 100.0, "percent_covered_display": "100", "missing_lines": 0, "excluded_lines": 0}, "missing_lines": [], "excluded_lines": []}, "AddonValidator.validate_addon": {"executed_lines": [69, 71, 83, 85, 89, 90, 93, 96, 99, 102, 105, 108, 111, 113, 123], "summary": {"covered_lines": 15, "num_statements": 21, "percent_covered": 71.42857142857143, "percent_covered_display": "71", "missing_lines": 6, "excluded_lines": 0}, "missing_lines": [86, 117, 118, 119, 120, 121], "excluded_lines": []}, "AddonValidator._validate_basic_file": {"executed_lines": [132, 137, 141, 142, 148, 155, 156, 157, 165], "summary": {"covered_lines": 9, "num_statements": 21, "percent_covered": 42.857142857142854, "percent_covered_display": "43", "missing_lines": 12, "excluded_lines": 0}, "missing_lines": [133, 134, 138, 143, 147, 149, 158, 159, 160, 161, 162, 163], "excluded_lines": []}, "AddonValidator._analyze_addon_stats": {"executed_lines": [169, 184, 185, 187, 188, 191, 192, 193, 194, 195, 196, 197, 198, 201, 208, 209, 212, 213, 215], "summary": {"covered_lines": 19, "num_statements": 20, "percent_covered": 95.0, "percent_covered_display": "95", "missing_lines": 1, "excluded_lines": 0}, "missing_lines": [202], "excluded_lines": []}, "AddonValidator._validate_addon_structure": {"executed_lines": [223, 226, 229, 233, 241, 242, 244, 245, 248], "summary": {"covered_lines": 9, "num_statements": 11, "percent_covered": 81.81818181818181, "percent_covered_display": "82", "missing_lines": 2, "excluded_lines": 0}, "missing_lines": [234, 238], "excluded_lines": []}, "AddonValidator._validate_pack_structure": {"executed_lines": [257, 263, 264, 265, 266, 267, 270, 271, 272, 278, 279, 286, 287, 290, 291], "summary": {"covered_lines": 15, "num_statements": 17, "percent_covered": 88.23529411764706, "percent_covered_display": "88", "missing_lines": 2, "excluded_lines": 0}, "missing_lines": [280, 283], "excluded_lines": []}, "AddonValidator._validate_behavior_pack_structure": {"executed_lines": [302, 308, 309, 310, 311, 312, 313], "summary": {"covered_lines": 7, "num_statements": 8, "percent_covered": 87.5, "percent_covered_display": "88", "missing_lines": 1, "excluded_lines": 0}, "missing_lines": [314], "excluded_lines": []}, "AddonValidator._validate_resource_pack_structure": {"executed_lines": [326, 332, 333, 334, 335, 336, 337], "summary": {"covered_lines": 7, "num_statements": 8, "percent_covered": 87.5, "percent_covered_display": "88", "missing_lines": 1, "excluded_lines": 0}, "missing_lines": [338], "excluded_lines": []}, "AddonValidator._check_common_structure_issues": {"executed_lines": [350, 354, 361, 365, 372, 373, 374, 377, 378, 379, 380, 382, 383], "summary": {"covered_lines": 13, "num_statements": 17, "percent_covered": 76.47058823529412, "percent_covered_display": "76", "missing_lines": 4, "excluded_lines": 0}, "missing_lines": [355, 366, 375, 384], "excluded_lines": []}, "AddonValidator._validate_manifests": {"executed_lines": [395, 400, 404, 405, 406, 407, 409], "summary": {"covered_lines": 7, "num_statements": 13, "percent_covered": 53.84615384615385, "percent_covered_display": "54", "missing_lines": 6, "excluded_lines": 0}, "missing_lines": [401, 402, 413, 414, 417, 418], "excluded_lines": []}, "AddonValidator._validate_single_manifest": {"executed_lines": [428, 429, 430, 431, 434, 437, 438, 440, 441, 446, 447, 449, 453, 454, 455, 462, 463, 466, 467, 468, 474, 475, 476, 481, 482, 486], "summary": {"covered_lines": 26, "num_statements": 37, "percent_covered": 70.27027027027027, "percent_covered_display": "70", "missing_lines": 11, "excluded_lines": 0}, "missing_lines": [442, 443, 448, 450, 456, 464, 469, 477, 478, 487, 488], "excluded_lines": []}, "AddonValidator._validate_addon_files": {"executed_lines": [494, 495, 498, 499, 502, 503], "summary": {"covered_lines": 6, "num_statements": 13, "percent_covered": 46.15384615384615, "percent_covered_display": "46", "missing_lines": 7, "excluded_lines": 0}, "missing_lines": [496, 504, 505, 506, 507, 508, 509], "excluded_lines": []}, "AddonValidator._validate_json_file": {"executed_lines": [513, 514, 515], "summary": {"covered_lines": 3, "num_statements": 7, "percent_covered": 42.857142857142854, "percent_covered_display": "43", "missing_lines": 4, "excluded_lines": 0}, "missing_lines": [516, 517, 518, 519], "excluded_lines": []}, "AddonValidator._validate_texture_file": {"executed_lines": [], "summary": {"covered_lines": 0, "num_statements": 2, "percent_covered": 0.0, "percent_covered_display": "0", "missing_lines": 2, "excluded_lines": 0}, "missing_lines": [524, 525], "excluded_lines": []}, "AddonValidator._validate_sound_file": {"executed_lines": [], "summary": {"covered_lines": 0, "num_statements": 3, "percent_covered": 0.0, "percent_covered_display": "0", "missing_lines": 3, "excluded_lines": 0}, "missing_lines": [532, 533, 534], "excluded_lines": []}, "AddonValidator._validate_script_file": {"executed_lines": [], "summary": {"covered_lines": 0, "num_statements": 10, "percent_covered": 0.0, "percent_covered_display": "0", "missing_lines": 10, "excluded_lines": 0}, "missing_lines": [541, 542, 543, 549, 550, 551, 553, 554, 555, 556], "excluded_lines": []}, "AddonValidator._check_bedrock_compatibility": {"executed_lines": [560, 569, 571, 572, 573, 574, 576, 577, 582, 583, 584, 590, 591, 597, 602], "summary": {"covered_lines": 15, "num_statements": 22, "percent_covered": 68.18181818181819, "percent_covered_display": "68", "missing_lines": 7, "excluded_lines": 0}, "missing_lines": [578, 579, 586, 587, 592, 593, 598], "excluded_lines": []}, "AddonValidator._generate_recommendations": {"executed_lines": [606, 607, 610, 613, 621, 625, 626, 631, 633, 636], "summary": {"covered_lines": 10, "num_statements": 18, "percent_covered": 55.55555555555556, "percent_covered_display": "56", "missing_lines": 8, "excluded_lines": 0}, "missing_lines": [611, 614, 615, 616, 622, 627, 632, 634], "excluded_lines": []}, "AddonValidator._calculate_overall_score": {"executed_lines": [640, 643, 644, 646, 647, 650, 651, 652, 654, 655, 656, 658], "summary": {"covered_lines": 12, "num_statements": 12, "percent_covered": 100.0, "percent_covered_display": "100", "missing_lines": 0, "excluded_lines": 0}, "missing_lines": [], "excluded_lines": []}, "AddonValidator._compare_versions": {"executed_lines": [662, 663, 664, 665, 666, 667, 668, 669], "summary": {"covered_lines": 8, "num_statements": 8, "percent_covered": 100.0, "percent_covered_display": "100", "missing_lines": 0, "excluded_lines": 0}, "missing_lines": [], "excluded_lines": []}, "AddonValidator._load_manifest_schema": {"executed_lines": [673], "summary": {"covered_lines": 1, "num_statements": 1, "percent_covered": 100.0, "percent_covered_display": "100", "missing_lines": 0, "excluded_lines": 0}, "missing_lines": [], "excluded_lines": []}, "AddonValidator._load_component_schemas": {"executed_lines": [739], "summary": {"covered_lines": 1, "num_statements": 1, "percent_covered": 100.0, "percent_covered_display": "100", "missing_lines": 0, "excluded_lines": 0}, "missing_lines": [], "excluded_lines": []}, "AddonValidator.validate_manifest_only": {"executed_lines": [751, 757, 760, 762], "summary": {"covered_lines": 4, "num_statements": 4, "percent_covered": 100.0, "percent_covered_display": "100", "missing_lines": 0, "excluded_lines": 0}, "missing_lines": [], "excluded_lines": []}, "": {"executed_lines": [1, 6, 7, 8, 9, 10, 11, 12, 14, 17, 18, 19, 20, 21, 24, 25, 30, 59, 125, 167, 217, 250, 295, 319, 343, 389, 420, 492, 511, 521, 530, 539, 558, 604, 638, 660, 671, 735, 741], "summary": {"covered_lines": 36, "num_statements": 36, "percent_covered": 100.0, "percent_covered_display": "100", "missing_lines": 0, "excluded_lines": 0}, "missing_lines": [], "excluded_lines": []}}, "classes": {"ValidationLevel": {"executed_lines": [], "summary": {"covered_lines": 0, "num_statements": 0, "percent_covered": 100.0, "percent_covered_display": "100", "missing_lines": 0, "excluded_lines": 0}, "missing_lines": [], "excluded_lines": []}, "AddonValidator": {"executed_lines": [32, 35, 38, 47, 56, 57, 69, 71, 83, 85, 89, 90, 93, 96, 99, 102, 105, 108, 111, 113, 123, 132, 137, 141, 142, 148, 155, 156, 157, 165, 169, 184, 185, 187, 188, 191, 192, 193, 194, 195, 196, 197, 198, 201, 208, 209, 212, 213, 215, 223, 226, 229, 233, 241, 242, 244, 245, 248, 257, 263, 264, 265, 266, 267, 270, 271, 272, 278, 279, 286, 287, 290, 291, 302, 308, 309, 310, 311, 312, 313, 326, 332, 333, 334, 335, 336, 337, 350, 354, 361, 365, 372, 373, 374, 377, 378, 379, 380, 382, 383, 395, 400, 404, 405, 406, 407, 409, 428, 429, 430, 431, 434, 437, 438, 440, 441, 446, 447, 449, 453, 454, 455, 462, 463, 466, 467, 468, 474, 475, 476, 481, 482, 486, 494, 495, 498, 499, 502, 503, 513, 514, 515, 560, 569, 571, 572, 573, 574, 576, 577, 582, 583, 584, 590, 591, 597, 602, 606, 607, 610, 613, 621, 625, 626, 631, 633, 636, 640, 643, 644, 646, 647, 650, 651, 652, 654, 655, 656, 658, 662, 663, 664, 665, 666, 667, 668, 669, 673, 739, 751, 757, 760, 762], "summary": {"covered_lines": 193, "num_statements": 280, "percent_covered": 68.92857142857143, "percent_covered_display": "69", "missing_lines": 87, "excluded_lines": 0}, "missing_lines": [86, 117, 118, 119, 120, 121, 133, 134, 138, 143, 147, 149, 158, 159, 160, 161, 162, 163, 202, 234, 238, 280, 283, 314, 338, 355, 366, 375, 384, 401, 402, 413, 414, 417, 418, 442, 443, 448, 450, 456, 464, 469, 477, 478, 487, 488, 496, 504, 505, 506, 507, 508, 509, 516, 517, 518, 519, 524, 525, 532, 533, 534, 541, 542, 543, 549, 550, 551, 553, 554, 555, 556, 578, 579, 586, 587, 592, 593, 598, 611, 614, 615, 616, 622, 627, 632, 634], "excluded_lines": []}, "": {"executed_lines": [1, 6, 7, 8, 9, 10, 11, 12, 14, 17, 18, 19, 20, 21, 24, 25, 30, 59, 125, 167, 217, 250, 295, 319, 343, 389, 420, 492, 511, 521, 530, 539, 558, 604, 638, 660, 671, 735, 741], "summary": {"covered_lines": 36, "num_statements": 36, "percent_covered": 100.0, "percent_covered_display": "100", "missing_lines": 0, "excluded_lines": 0}, "missing_lines": [], "excluded_lines": []}}}, "agents\\advanced_rag_agent.py": {"executed_lines": [1, 8, 9, 10, 11, 12, 15, 16, 17, 18, 19, 20, 26, 28, 31, 32, 33, 34, 35, 36, 37, 38, 40, 60, 61, 68, 85, 86, 87, 88, 91, 92, 95, 96, 105, 106, 107, 109, 111, 132, 134, 135, 138, 150, 151, 152, 153, 158, 169, 172, 175, 176, 177, 182, 187, 190, 213, 222, 224, 225, 227, 228, 229, 232, 240, 242, 244, 248, 252, 255, 258, 261, 270, 271, 277, 282, 284, 404, 405, 407, 411, 415, 418, 420, 422, 424, 426, 427, 428, 429, 432, 433, 437, 439, 440, 442, 444, 459, 468, 469, 471, 472, 474, 475, 476, 483, 486, 489, 490, 491, 493, 502, 504, 516, 519, 520, 521, 522, 523, 526, 528, 530, 533, 534, 535, 537, 538, 539, 540, 543, 544, 546, 547, 548, 549, 550, 554, 556, 559, 561, 562, 565, 567, 568, 570, 573, 574, 575, 576, 578, 579, 584, 585, 587, 588, 592, 637, 639, 643, 646, 647, 649, 650, 652, 654, 655, 659, 662, 663, 664, 665, 667, 668, 669, 670, 672, 673, 675, 676, 678, 679, 680, 681, 685, 687, 688, 695, 698, 706, 707, 710, 711, 712, 715, 716, 718, 720, 722, 727, 729], "summary": {"covered_lines": 197, "num_statements": 245, "percent_covered": 80.40816326530613, "percent_covered_display": "80", "missing_lines": 48, "excluded_lines": 0}, "missing_lines": [42, 249, 250, 273, 274, 275, 408, 412, 416, 460, 524, 552, 590, 594, 596, 597, 598, 601, 602, 603, 604, 607, 608, 609, 611, 612, 613, 614, 615, 616, 617, 618, 619, 620, 621, 623, 624, 626, 627, 628, 629, 631, 633, 635, 640, 683, 724, 725], "excluded_lines": [], "functions": {"RAGResponse.to_dict": {"executed_lines": [], "summary": {"covered_lines": 0, "num_statements": 1, "percent_covered": 0.0, "percent_covered_display": "0", "missing_lines": 1, "excluded_lines": 0}, "missing_lines": [42], "excluded_lines": []}, "AdvancedRAGAgent.__init__": {"executed_lines": [85, 86, 87, 88, 91, 92, 95, 96, 105, 106, 107, 109], "summary": {"covered_lines": 12, "num_statements": 12, "percent_covered": 100.0, "percent_covered_display": "100", "missing_lines": 0, "excluded_lines": 0}, "missing_lines": [], "excluded_lines": []}, "AdvancedRAGAgent.query": {"executed_lines": [132, 134, 135, 138, 150, 151, 152, 153, 158, 169, 172, 175, 176, 177, 182, 187, 190, 213, 222, 224, 225, 227, 228, 229, 232], "summary": {"covered_lines": 25, "num_statements": 25, "percent_covered": 100.0, "percent_covered_display": "100", "missing_lines": 0, "excluded_lines": 0}, "missing_lines": [], "excluded_lines": []}, "AdvancedRAGAgent._retrieve_documents": {"executed_lines": [242, 244, 248, 252, 255, 258, 261, 270, 271], "summary": {"covered_lines": 9, "num_statements": 14, "percent_covered": 64.28571428571429, "percent_covered_display": "64", "missing_lines": 5, "excluded_lines": 0}, "missing_lines": [249, 250, 273, 274, 275], "excluded_lines": []}, "AdvancedRAGAgent._get_available_documents": {"executed_lines": [282, 284, 404, 405, 407, 411, 415, 418, 420], "summary": {"covered_lines": 9, "num_statements": 12, "percent_covered": 75.0, "percent_covered_display": "75", "missing_lines": 3, "excluded_lines": 0}, "missing_lines": [408, 412, 416], "excluded_lines": []}, "AdvancedRAGAgent._get_document_embeddings": {"executed_lines": [424, 426, 427, 428, 429, 432, 433, 437, 439, 440, 442], "summary": {"covered_lines": 11, "num_statements": 11, "percent_covered": 100.0, "percent_covered_display": "100", "missing_lines": 0, "excluded_lines": 0}, "missing_lines": [], "excluded_lines": []}, "AdvancedRAGAgent._generate_answer": {"executed_lines": [459, 468, 469, 471, 472, 474, 475, 476, 483, 486, 489, 490, 491, 493, 502], "summary": {"covered_lines": 15, "num_statements": 16, "percent_covered": 93.75, "percent_covered_display": "94", "missing_lines": 1, "excluded_lines": 0}, "missing_lines": [460], "excluded_lines": []}, "AdvancedRAGAgent._generate_simple_answer": {"executed_lines": [516, 519, 520, 521, 522, 523, 526], "summary": {"covered_lines": 7, "num_statements": 8, "percent_covered": 87.5, "percent_covered_display": "88", "missing_lines": 1, "excluded_lines": 0}, "missing_lines": [524], "excluded_lines": []}, "AdvancedRAGAgent._generate_how_to_answer": {"executed_lines": [530, 533, 534, 535, 537, 538, 539, 540, 543, 544, 546, 547, 548, 549, 550, 554], "summary": {"covered_lines": 16, "num_statements": 17, "percent_covered": 94.11764705882354, "percent_covered_display": "94", "missing_lines": 1, "excluded_lines": 0}, "missing_lines": [552], "excluded_lines": []}, "AdvancedRAGAgent._generate_explanation_answer": {"executed_lines": [559, 561, 562, 565, 567, 568, 570, 573, 574, 575, 576, 578, 579, 584, 585, 587, 588], "summary": {"covered_lines": 17, "num_statements": 18, "percent_covered": 94.44444444444444, "percent_covered_display": "94", "missing_lines": 1, "excluded_lines": 0}, "missing_lines": [590], "excluded_lines": []}, "AdvancedRAGAgent._generate_example_answer": {"executed_lines": [], "summary": {"covered_lines": 0, "num_statements": 31, "percent_covered": 0.0, "percent_covered_display": "0", "missing_lines": 31, "excluded_lines": 0}, "missing_lines": [594, 596, 597, 598, 601, 602, 603, 604, 607, 608, 609, 611, 612, 613, 614, 615, 616, 617, 618, 619, 620, 621, 623, 624, 626, 627, 628, 629, 631, 633, 635], "excluded_lines": []}, "AdvancedRAGAgent._generate_general_answer": {"executed_lines": [639, 643, 646, 647, 649, 650, 652, 654, 655, 659, 662, 663, 664, 665, 667, 668, 669, 670, 672, 673, 675, 676, 678, 679, 680, 681], "summary": {"covered_lines": 26, "num_statements": 28, "percent_covered": 92.85714285714286, "percent_covered_display": "93", "missing_lines": 2, "excluded_lines": 0}, "missing_lines": [640, 683], "excluded_lines": []}, "AdvancedRAGAgent._update_session_context": {"executed_lines": [687, 688, 695, 698, 706, 707, 710, 711, 712, 715, 716], "summary": {"covered_lines": 11, "num_statements": 11, "percent_covered": 100.0, "percent_covered_display": "100", "missing_lines": 0, "excluded_lines": 0}, "missing_lines": [], "excluded_lines": []}, "AdvancedRAGAgent.get_session_context": {"executed_lines": [720], "summary": {"covered_lines": 1, "num_statements": 1, "percent_covered": 100.0, "percent_covered_display": "100", "missing_lines": 0, "excluded_lines": 0}, "missing_lines": [], "excluded_lines": []}, "AdvancedRAGAgent.clear_session_context": {"executed_lines": [], "summary": {"covered_lines": 0, "num_statements": 2, "percent_covered": 0.0, "percent_covered_display": "0", "missing_lines": 2, "excluded_lines": 0}, "missing_lines": [724, 725], "excluded_lines": []}, "AdvancedRAGAgent.get_agent_status": {"executed_lines": [729], "summary": {"covered_lines": 1, "num_statements": 1, "percent_covered": 100.0, "percent_covered_display": "100", "missing_lines": 0, "excluded_lines": 0}, "missing_lines": [], "excluded_lines": []}, "": {"executed_lines": [1, 8, 9, 10, 11, 12, 15, 16, 17, 18, 19, 20, 26, 28, 31, 32, 33, 34, 35, 36, 37, 38, 40, 60, 61, 68, 111, 240, 277, 422, 444, 504, 528, 556, 592, 637, 685, 718, 722, 727], "summary": {"covered_lines": 37, "num_statements": 37, "percent_covered": 100.0, "percent_covered_display": "100", "missing_lines": 0, "excluded_lines": 0}, "missing_lines": [], "excluded_lines": []}}, "classes": {"RAGResponse": {"executed_lines": [], "summary": {"covered_lines": 0, "num_statements": 1, "percent_covered": 0.0, "percent_covered_display": "0", "missing_lines": 1, "excluded_lines": 0}, "missing_lines": [42], "excluded_lines": []}, "AdvancedRAGAgent": {"executed_lines": [85, 86, 87, 88, 91, 92, 95, 96, 105, 106, 107, 109, 132, 134, 135, 138, 150, 151, 152, 153, 158, 169, 172, 175, 176, 177, 182, 187, 190, 213, 222, 224, 225, 227, 228, 229, 232, 242, 244, 248, 252, 255, 258, 261, 270, 271, 282, 284, 404, 405, 407, 411, 415, 418, 420, 424, 426, 427, 428, 429, 432, 433, 437, 439, 440, 442, 459, 468, 469, 471, 472, 474, 475, 476, 483, 486, 489, 490, 491, 493, 502, 516, 519, 520, 521, 522, 523, 526, 530, 533, 534, 535, 537, 538, 539, 540, 543, 544, 546, 547, 548, 549, 550, 554, 559, 561, 562, 565, 567, 568, 570, 573, 574, 575, 576, 578, 579, 584, 585, 587, 588, 639, 643, 646, 647, 649, 650, 652, 654, 655, 659, 662, 663, 664, 665, 667, 668, 669, 670, 672, 673, 675, 676, 678, 679, 680, 681, 687, 688, 695, 698, 706, 707, 710, 711, 712, 715, 716, 720, 729], "summary": {"covered_lines": 160, "num_statements": 207, "percent_covered": 77.29468599033817, "percent_covered_display": "77", "missing_lines": 47, "excluded_lines": 0}, "missing_lines": [249, 250, 273, 274, 275, 408, 412, 416, 460, 524, 552, 590, 594, 596, 597, 598, 601, 602, 603, 604, 607, 608, 609, 611, 612, 613, 614, 615, 616, 617, 618, 619, 620, 621, 623, 624, 626, 627, 628, 629, 631, 633, 635, 640, 683, 724, 725], "excluded_lines": []}, "": {"executed_lines": [1, 8, 9, 10, 11, 12, 15, 16, 17, 18, 19, 20, 26, 28, 31, 32, 33, 34, 35, 36, 37, 38, 40, 60, 61, 68, 111, 240, 277, 422, 444, 504, 528, 556, 592, 637, 685, 718, 722, 727], "summary": {"covered_lines": 37, "num_statements": 37, "percent_covered": 100.0, "percent_covered_display": "100", "missing_lines": 0, "excluded_lines": 0}, "missing_lines": [], "excluded_lines": []}}}, "agents\\asset_converter.py": {"executed_lines": [1, 5, 6, 7, 8, 9, 10, 11, 12, 13, 17, 20, 21, 26, 28, 29, 32, 37, 42, 48, 54, 60, 67, 68, 70, 71, 73, 74, 75, 77, 87, 91, 98, 107, 286, 385, 396, 397, 399, 407, 408, 410, 411, 416, 421, 433, 516, 545, 553, 769, 770, 771, 1021, 1022, 1023, 1299, 1300, 1301, 1568, 1569, 1570, 1749, 1750, 1751, 1841, 1843, 1844, 1845, 1846, 1848, 1849, 1852, 1857, 1858, 1859, 1860, 1863, 1867, 1871, 1881, 1921, 1963, 1966, 1969, 1970, 1971, 1973, 1975, 1976, 1977, 1978, 1979, 1980, 1982, 1984, 1985, 1988, 1991, 1992, 2000, 2001, 2003, 2004, 2006, 2008, 2010, 2011, 2012, 2013, 2015, 2020, 2021, 2023, 2026, 2028, 2030, 2034, 2036, 2037, 2040, 2041, 2044, 2045, 2046, 2047, 2048, 2049, 2050, 2051, 2052, 2056, 2059, 2062, 2064, 2068, 2072, 2076, 2079, 2084, 2085, 2086, 2087, 2088, 2090, 2092, 2097, 2098, 2100, 2101, 2105, 2106, 2107, 2112, 2128, 2130, 2142, 2143, 2145, 2146, 2147, 2148, 2150, 2360, 2461, 2497, 2500, 2509, 2510, 2513, 2514, 2515, 2516, 2518, 2520, 2522, 2523, 2525, 2527, 2529, 2532, 2534, 2535, 2537, 2539, 2541, 2542, 2543, 2544, 2546, 2572, 2589, 2591, 2607, 2608, 2609, 2612, 2614, 2615, 2618, 2619, 2620, 2624, 2625, 2626, 2627, 2628, 2629, 2634, 2635, 2636, 2637, 2643, 2674, 2675, 2676, 2677, 2678, 2679, 2683, 2684, 2686, 2688, 2699], "summary": {"covered_lines": 221, "num_statements": 1477, "percent_covered": 14.962762356127286, "percent_covered_display": "15", "missing_lines": 1256, "excluded_lines": 0}, "missing_lines": [79, 89, 93, 94, 95, 96, 100, 101, 102, 103, 104, 105, 110, 113, 114, 115, 117, 119, 120, 121, 122, 123, 124, 126, 128, 129, 132, 135, 136, 137, 138, 139, 140, 141, 142, 144, 145, 147, 148, 150, 152, 154, 155, 156, 157, 159, 160, 161, 162, 164, 165, 166, 167, 168, 170, 172, 174, 177, 178, 180, 181, 184, 185, 188, 189, 190, 191, 192, 193, 194, 195, 196, 197, 198, 200, 203, 206, 208, 210, 212, 214, 216, 218, 220, 221, 223, 225, 228, 229, 230, 231, 232, 233, 234, 235, 236, 237, 241, 242, 244, 245, 246, 247, 249, 250, 251, 252, 254, 256, 272, 274, 275, 276, 277, 283, 284, 288, 304, 305, 306, 309, 311, 312, 313, 315, 316, 317, 321, 322, 323, 324, 325, 326, 331, 332, 333, 334, 335, 336, 338, 340, 341, 342, 344, 345, 346, 347, 348, 349, 350, 351, 352, 354, 356, 357, 358, 360, 366, 367, 369, 371, 372, 373, 374, 375, 376, 377, 380, 381, 383, 417, 418, 419, 423, 424, 425, 435, 436, 438, 439, 445, 447, 448, 454, 455, 456, 457, 459, 460, 461, 463, 464, 465, 466, 467, 468, 469, 470, 475, 476, 477, 479, 480, 481, 482, 483, 484, 490, 491, 492, 494, 496, 508, 509, 510, 518, 520, 521, 522, 524, 525, 527, 528, 530, 531, 532, 534, 536, 537, 539, 541, 542, 543, 547, 548, 555, 556, 557, 558, 559, 566, 567, 570, 571, 572, 574, 591, 592, 593, 595, 596, 597, 599, 600, 601, 602, 603, 604, 606, 607, 608, 609, 610, 611, 612, 621, 622, 624, 625, 626, 631, 632, 634, 635, 636, 637, 639, 640, 641, 642, 644, 645, 646, 648, 649, 650, 651, 653, 654, 655, 656, 657, 658, 659, 660, 661, 662, 663, 664, 666, 667, 669, 670, 671, 672, 674, 675, 676, 677, 678, 679, 681, 682, 683, 684, 685, 686, 687, 688, 689, 690, 691, 692, 693, 694, 695, 697, 703, 705, 706, 707, 708, 709, 710, 711, 717, 718, 719, 720, 722, 723, 724, 726, 727, 728, 729, 731, 732, 734, 736, 746, 747, 753, 754, 760, 761, 762, 773, 774, 776, 777, 778, 779, 781, 782, 785, 786, 787, 790, 791, 792, 793, 796, 797, 800, 801, 802, 804, 814, 816, 817, 818, 819, 821, 822, 825, 826, 827, 829, 830, 831, 833, 834, 835, 838, 839, 841, 854, 856, 857, 858, 859, 861, 862, 865, 866, 867, 870, 871, 872, 875, 876, 877, 880, 881, 883, 895, 897, 898, 901, 903, 904, 906, 908, 910, 911, 912, 913, 914, 916, 918, 919, 920, 922, 923, 925, 926, 928, 929, 931, 935, 936, 938, 940, 942, 946, 950, 951, 952, 953, 955, 956, 957, 958, 960, 967, 968, 969, 971, 973, 974, 975, 976, 977, 978, 979, 981, 982, 983, 984, 985, 986, 987, 989, 990, 991, 992, 993, 994, 995, 998, 999, 1000, 1001, 1004, 1006, 1014, 1015, 1017, 1018, 1019, 1025, 1026, 1028, 1029, 1031, 1032, 1033, 1034, 1035, 1036, 1037, 1038, 1039, 1040, 1041, 1042, 1043, 1044, 1045, 1047, 1048, 1051, 1052, 1054, 1056, 1059, 1060, 1062, 1065, 1067, 1068, 1069, 1070, 1073, 1074, 1075, 1076, 1080, 1081, 1082, 1083, 1084, 1087, 1088, 1089, 1092, 1093, 1096, 1098, 1099, 1101, 1102, 1103, 1104, 1105, 1106, 1107, 1108, 1109, 1110, 1111, 1112, 1115, 1116, 1117, 1118, 1119, 1120, 1121, 1123, 1125, 1137, 1138, 1139, 1140, 1141, 1142, 1143, 1145, 1161, 1162, 1163, 1165, 1166, 1167, 1169, 1170, 1172, 1176, 1177, 1178, 1179, 1180, 1182, 1184, 1187, 1188, 1190, 1191, 1197, 1198, 1199, 1200, 1201, 1202, 1203, 1204, 1206, 1207, 1209, 1212, 1213, 1214, 1216, 1222, 1223, 1225, 1227, 1228, 1229, 1230, 1231, 1232, 1233, 1235, 1236, 1238, 1239, 1241, 1242, 1244, 1247, 1250, 1253, 1255, 1257, 1258, 1259, 1260, 1262, 1263, 1265, 1266, 1267, 1268, 1269, 1270, 1272, 1273, 1274, 1276, 1292, 1293, 1295, 1296, 1297, 1303, 1304, 1305, 1306, 1307, 1308, 1310, 1311, 1314, 1317, 1318, 1320, 1339, 1340, 1341, 1343, 1344, 1345, 1347, 1348, 1349, 1350, 1351, 1352, 1354, 1355, 1356, 1357, 1358, 1363, 1365, 1374, 1375, 1377, 1378, 1379, 1384, 1385, 1387, 1391, 1392, 1394, 1396, 1397, 1398, 1399, 1401, 1403, 1404, 1406, 1407, 1408, 1409, 1411, 1412, 1413, 1414, 1415, 1416, 1417, 1418, 1419, 1420, 1421, 1422, 1424, 1425, 1427, 1428, 1429, 1430, 1432, 1433, 1434, 1435, 1436, 1437, 1439, 1440, 1441, 1442, 1443, 1444, 1445, 1446, 1447, 1448, 1449, 1450, 1451, 1452, 1453, 1455, 1459, 1461, 1462, 1463, 1464, 1465, 1466, 1467, 1473, 1474, 1475, 1476, 1478, 1479, 1480, 1482, 1484, 1485, 1486, 1488, 1489, 1491, 1493, 1503, 1504, 1505, 1506, 1507, 1508, 1509, 1510, 1511, 1512, 1514, 1515, 1522, 1523, 1524, 1526, 1528, 1529, 1530, 1531, 1533, 1534, 1536, 1537, 1538, 1539, 1540, 1541, 1545, 1546, 1547, 1549, 1561, 1562, 1564, 1565, 1566, 1572, 1573, 1575, 1576, 1579, 1580, 1583, 1586, 1587, 1594, 1597, 1599, 1600, 1603, 1604, 1605, 1607, 1609, 1610, 1613, 1614, 1615, 1616, 1617, 1622, 1624, 1625, 1628, 1629, 1630, 1631, 1632, 1633, 1640, 1641, 1643, 1646, 1648, 1660, 1661, 1666, 1667, 1668, 1673, 1674, 1675, 1676, 1677, 1679, 1680, 1682, 1683, 1684, 1686, 1688, 1689, 1692, 1693, 1695, 1696, 1700, 1702, 1703, 1704, 1705, 1706, 1707, 1709, 1711, 1712, 1713, 1714, 1716, 1717, 1719, 1720, 1721, 1722, 1723, 1724, 1726, 1727, 1728, 1730, 1742, 1743, 1745, 1746, 1747, 1753, 1755, 1756, 1757, 1759, 1760, 1761, 1763, 1764, 1766, 1767, 1769, 1770, 1772, 1773, 1775, 1776, 1778, 1779, 1781, 1788, 1789, 1790, 1792, 1799, 1800, 1801, 1802, 1804, 1806, 1807, 1809, 1811, 1812, 1815, 1816, 1817, 1819, 1832, 1833, 1835, 1836, 1837, 1853, 1854, 1864, 1868, 1869, 1883, 1884, 1885, 1886, 1888, 1889, 1892, 1893, 1894, 1896, 1897, 1898, 1900, 1901, 1902, 1905, 1906, 1908, 1923, 1924, 1925, 1926, 1928, 1929, 1932, 1933, 1934, 1937, 1938, 1939, 1942, 1943, 1944, 1947, 1948, 1950, 1993, 1994, 1995, 1996, 1997, 1998, 2016, 2017, 2018, 2022, 2024, 2033, 2053, 2054, 2066, 2070, 2074, 2077, 2081, 2089, 2091, 2093, 2102, 2103, 2108, 2110, 2131, 2132, 2133, 2139, 2140, 2144, 2151, 2152, 2153, 2154, 2155, 2157, 2158, 2161, 2164, 2165, 2167, 2186, 2187, 2188, 2190, 2191, 2192, 2194, 2195, 2196, 2197, 2198, 2199, 2201, 2202, 2203, 2204, 2205, 2210, 2212, 2221, 2222, 2224, 2225, 2226, 2231, 2232, 2234, 2238, 2239, 2241, 2243, 2244, 2245, 2246, 2248, 2250, 2251, 2253, 2254, 2255, 2256, 2258, 2259, 2260, 2261, 2262, 2263, 2264, 2265, 2266, 2267, 2268, 2269, 2271, 2272, 2274, 2275, 2276, 2277, 2279, 2280, 2281, 2282, 2283, 2284, 2286, 2287, 2288, 2289, 2290, 2291, 2292, 2293, 2294, 2295, 2296, 2297, 2298, 2299, 2300, 2302, 2306, 2308, 2309, 2310, 2311, 2312, 2313, 2314, 2320, 2321, 2322, 2323, 2325, 2326, 2327, 2329, 2331, 2332, 2333, 2335, 2336, 2338, 2340, 2350, 2351, 2352, 2353, 2354, 2355, 2356, 2357, 2358, 2362, 2363, 2366, 2367, 2370, 2373, 2374, 2381, 2384, 2386, 2387, 2390, 2391, 2392, 2394, 2396, 2397, 2400, 2401, 2402, 2403, 2404, 2409, 2411, 2412, 2415, 2416, 2417, 2418, 2419, 2420, 2427, 2428, 2430, 2433, 2435, 2447, 2448, 2453, 2454, 2455, 2463, 2464, 2465, 2467, 2468, 2469, 2471, 2472, 2474, 2475, 2477, 2478, 2480, 2481, 2483, 2484, 2486, 2487, 2489, 2548, 2550, 2551, 2552, 2554, 2555, 2557, 2558, 2560, 2561, 2563, 2567, 2568, 2570, 2574, 2578, 2582, 2583, 2584, 2585, 2587, 2616, 2638, 2639, 2641, 2644, 2645, 2647, 2648, 2649, 2650, 2651, 2652, 2653, 2654, 2655, 2657, 2659, 2660, 2661, 2663, 2669, 2670, 2672, 2680, 2690, 2691, 2700, 2701, 2702, 2703, 2705, 2706, 2708, 2709, 2710, 2712, 2714, 2715, 2718, 2719, 2721, 2722, 2726, 2728, 2729, 2730], "excluded_lines": [], "functions": {"AssetConverterAgent.__init__": {"executed_lines": [29, 32, 37, 42, 48, 54, 60, 67, 68], "summary": {"covered_lines": 9, "num_statements": 9, "percent_covered": 100.0, "percent_covered_display": "100", "missing_lines": 0, "excluded_lines": 0}, "missing_lines": [], "excluded_lines": []}, "AssetConverterAgent.get_instance": {"executed_lines": [73, 74, 75], "summary": {"covered_lines": 3, "num_statements": 3, "percent_covered": 100.0, "percent_covered_display": "100", "missing_lines": 0, "excluded_lines": 0}, "missing_lines": [], "excluded_lines": []}, "AssetConverterAgent.get_tools": {"executed_lines": [], "summary": {"covered_lines": 0, "num_statements": 1, "percent_covered": 0.0, "percent_covered_display": "0", "missing_lines": 1, "excluded_lines": 0}, "missing_lines": [79], "excluded_lines": []}, "AssetConverterAgent._is_power_of_2": {"executed_lines": [2527], "summary": {"covered_lines": 1, "num_statements": 1, "percent_covered": 100.0, "percent_covered_display": "100", "missing_lines": 0, "excluded_lines": 0}, "missing_lines": [], "excluded_lines": []}, "AssetConverterAgent._next_power_of_2": {"executed_lines": [2541, 2542, 2543, 2544], "summary": {"covered_lines": 4, "num_statements": 4, "percent_covered": 100.0, "percent_covered_display": "100", "missing_lines": 0, "excluded_lines": 0}, "missing_lines": [], "excluded_lines": []}, "AssetConverterAgent._previous_power_of_2": {"executed_lines": [2143, 2145, 2146, 2147, 2148], "summary": {"covered_lines": 5, "num_statements": 6, "percent_covered": 83.33333333333333, "percent_covered_display": "83", "missing_lines": 1, "excluded_lines": 0}, "missing_lines": [2144], "excluded_lines": []}, "AssetConverterAgent._convert_single_texture": {"executed_lines": [1966, 1969, 1970, 1971, 1973, 1975, 1976, 1977, 1978, 1979, 1980, 1982, 1984, 1985, 1988, 1991, 1992, 2000, 2001, 2003, 2004, 2006, 2008, 2010, 2011, 2012, 2013, 2015, 2020, 2021, 2023, 2026, 2028, 2030, 2034, 2036, 2037, 2040, 2041, 2044, 2045, 2046, 2047, 2048, 2049, 2050, 2051, 2052, 2056, 2059, 2062, 2064, 2068, 2072, 2076, 2079, 2084, 2085, 2086, 2087, 2088, 2090, 2092, 2097, 2098, 2100, 2101, 2105, 2106, 2107, 2112, 2128, 2130], "summary": {"covered_lines": 73, "num_statements": 104, "percent_covered": 70.1923076923077, "percent_covered_display": "70", "missing_lines": 31, "excluded_lines": 0}, "missing_lines": [1993, 1994, 1995, 1996, 1997, 1998, 2016, 2017, 2018, 2022, 2024, 2033, 2053, 2054, 2066, 2070, 2074, 2077, 2081, 2089, 2091, 2093, 2102, 2103, 2108, 2110, 2131, 2132, 2133, 2139, 2140], "excluded_lines": []}, "AssetConverterAgent._generate_texture_pack_structure": {"executed_lines": [2591, 2607, 2608, 2609, 2612, 2614, 2615, 2618, 2619, 2620, 2624, 2625, 2626, 2627, 2628, 2629, 2634, 2635, 2636, 2637, 2643, 2674, 2675, 2676, 2677, 2678, 2679, 2683, 2684, 2686], "summary": {"covered_lines": 30, "num_statements": 54, "percent_covered": 55.55555555555556, "percent_covered_display": "56", "missing_lines": 24, "excluded_lines": 0}, "missing_lines": [2616, 2638, 2639, 2641, 2644, 2645, 2647, 2648, 2649, 2650, 2651, 2652, 2653, 2654, 2655, 2657, 2659, 2660, 2661, 2663, 2669, 2670, 2672, 2680], "excluded_lines": []}, "AssetConverterAgent.convert_textures": {"executed_lines": [396, 397, 399, 407, 408, 410, 411, 416, 421], "summary": {"covered_lines": 9, "num_statements": 15, "percent_covered": 60.0, "percent_covered_display": "60", "missing_lines": 6, "excluded_lines": 0}, "missing_lines": [417, 418, 419, 423, 424, 425], "excluded_lines": []}, "AssetConverterAgent._convert_single_audio": {"executed_lines": [], "summary": {"covered_lines": 0, "num_statements": 41, "percent_covered": 0.0, "percent_covered_display": "0", "missing_lines": 41, "excluded_lines": 0}, "missing_lines": [2362, 2363, 2366, 2367, 2370, 2373, 2374, 2381, 2384, 2386, 2387, 2390, 2391, 2392, 2394, 2396, 2397, 2400, 2401, 2402, 2403, 2404, 2409, 2411, 2412, 2415, 2416, 2417, 2418, 2419, 2420, 2427, 2428, 2430, 2433, 2435, 2447, 2448, 2453, 2454, 2455], "excluded_lines": []}, "AssetConverterAgent._generate_sound_structure": {"executed_lines": [], "summary": {"covered_lines": 0, "num_statements": 20, "percent_covered": 0.0, "percent_covered_display": "0", "missing_lines": 20, "excluded_lines": 0}, "missing_lines": [2700, 2701, 2702, 2703, 2705, 2706, 2708, 2709, 2710, 2712, 2714, 2715, 2718, 2719, 2721, 2722, 2726, 2728, 2729, 2730], "excluded_lines": []}, "AssetConverterAgent._generate_model_structure": {"executed_lines": [], "summary": {"covered_lines": 0, "num_statements": 2, "percent_covered": 0.0, "percent_covered_display": "0", "missing_lines": 2, "excluded_lines": 0}, "missing_lines": [2690, 2691], "excluded_lines": []}, "AssetConverterAgent._convert_single_model": {"executed_lines": [], "summary": {"covered_lines": 0, "num_statements": 124, "percent_covered": 0.0, "percent_covered_display": "0", "missing_lines": 124, "excluded_lines": 0}, "missing_lines": [2151, 2152, 2153, 2154, 2155, 2157, 2158, 2161, 2164, 2165, 2167, 2186, 2187, 2188, 2190, 2191, 2192, 2194, 2195, 2196, 2197, 2198, 2199, 2201, 2202, 2203, 2204, 2205, 2210, 2212, 2221, 2222, 2224, 2225, 2226, 2231, 2232, 2234, 2238, 2239, 2241, 2243, 2244, 2245, 2246, 2248, 2250, 2251, 2253, 2254, 2255, 2256, 2258, 2259, 2260, 2261, 2262, 2263, 2264, 2265, 2266, 2267, 2268, 2269, 2271, 2272, 2274, 2275, 2276, 2277, 2279, 2280, 2281, 2282, 2283, 2284, 2286, 2287, 2288, 2289, 2290, 2291, 2292, 2293, 2294, 2295, 2296, 2297, 2298, 2299, 2300, 2302, 2306, 2308, 2309, 2310, 2311, 2312, 2313, 2314, 2320, 2321, 2322, 2323, 2325, 2326, 2327, 2329, 2331, 2332, 2333, 2335, 2336, 2338, 2340, 2350, 2351, 2352, 2353, 2354, 2355, 2356, 2357, 2358], "excluded_lines": []}, "AssetConverterAgent.analyze_assets_tool": {"executed_lines": [], "summary": {"covered_lines": 0, "num_statements": 49, "percent_covered": 0.0, "percent_covered_display": "0", "missing_lines": 49, "excluded_lines": 0}, "missing_lines": [773, 774, 814, 854, 895, 898, 908, 914, 940, 956, 957, 958, 960, 967, 968, 969, 971, 973, 974, 975, 976, 977, 978, 979, 981, 982, 983, 984, 985, 986, 987, 989, 990, 991, 992, 993, 994, 995, 998, 999, 1000, 1001, 1004, 1006, 1014, 1015, 1017, 1018, 1019], "excluded_lines": []}, "AssetConverterAgent.analyze_assets_tool._analyze_texture": {"executed_lines": [], "summary": {"covered_lines": 0, "num_statements": 19, "percent_covered": 0.0, "percent_covered_display": "0", "missing_lines": 19, "excluded_lines": 0}, "missing_lines": [776, 777, 778, 779, 781, 782, 785, 786, 787, 790, 791, 792, 793, 796, 797, 800, 801, 802, 804], "excluded_lines": []}, "AssetConverterAgent.analyze_assets_tool._analyze_model": {"executed_lines": [], "summary": {"covered_lines": 0, "num_statements": 18, "percent_covered": 0.0, "percent_covered_display": "0", "missing_lines": 18, "excluded_lines": 0}, "missing_lines": [816, 817, 818, 819, 821, 822, 825, 826, 827, 829, 830, 831, 833, 834, 835, 838, 839, 841], "excluded_lines": []}, "AssetConverterAgent.analyze_assets_tool._analyze_audio": {"executed_lines": [], "summary": {"covered_lines": 0, "num_statements": 18, "percent_covered": 0.0, "percent_covered_display": "0", "missing_lines": 18, "excluded_lines": 0}, "missing_lines": [856, 857, 858, 859, 861, 862, 865, 866, 867, 870, 871, 872, 875, 876, 877, 880, 881, 883], "excluded_lines": []}, "AssetConverterAgent.analyze_assets_tool._is_power_of_2": {"executed_lines": [], "summary": {"covered_lines": 0, "num_statements": 1, "percent_covered": 0.0, "percent_covered_display": "0", "missing_lines": 1, "excluded_lines": 0}, "missing_lines": [897], "excluded_lines": []}, "AssetConverterAgent.analyze_assets_tool._get_recommended_resolution": {"executed_lines": [], "summary": {"covered_lines": 0, "num_statements": 4, "percent_covered": 0.0, "percent_covered_display": "0", "missing_lines": 4, "excluded_lines": 0}, "missing_lines": [901, 903, 904, 906], "excluded_lines": []}, "AssetConverterAgent.analyze_assets_tool._next_power_of_2": {"executed_lines": [], "summary": {"covered_lines": 0, "num_statements": 4, "percent_covered": 0.0, "percent_covered_display": "0", "missing_lines": 4, "excluded_lines": 0}, "missing_lines": [910, 911, 912, 913], "excluded_lines": []}, "AssetConverterAgent.analyze_assets_tool._generate_conversion_recommendations": {"executed_lines": [], "summary": {"covered_lines": 0, "num_statements": 14, "percent_covered": 0.0, "percent_covered_display": "0", "missing_lines": 14, "excluded_lines": 0}, "missing_lines": [916, 918, 919, 920, 922, 923, 925, 926, 928, 929, 931, 935, 936, 938], "excluded_lines": []}, "AssetConverterAgent.analyze_assets_tool._assess_conversion_complexity": {"executed_lines": [], "summary": {"covered_lines": 0, "num_statements": 7, "percent_covered": 0.0, "percent_covered_display": "0", "missing_lines": 7, "excluded_lines": 0}, "missing_lines": [942, 946, 950, 951, 952, 953, 955], "excluded_lines": []}, "AssetConverterAgent.convert_textures_tool": {"executed_lines": [], "summary": {"covered_lines": 0, "num_statements": 37, "percent_covered": 0.0, "percent_covered_display": "0", "missing_lines": 37, "excluded_lines": 0}, "missing_lines": [1025, 1026, 1029, 1035, 1042, 1143, 1236, 1238, 1239, 1241, 1242, 1244, 1247, 1250, 1253, 1255, 1257, 1258, 1259, 1260, 1262, 1263, 1265, 1266, 1267, 1268, 1269, 1270, 1272, 1273, 1274, 1276, 1292, 1293, 1295, 1296, 1297], "excluded_lines": []}, "AssetConverterAgent.convert_textures_tool._is_power_of_2": {"executed_lines": [], "summary": {"covered_lines": 0, "num_statements": 1, "percent_covered": 0.0, "percent_covered_display": "0", "missing_lines": 1, "excluded_lines": 0}, "missing_lines": [1028], "excluded_lines": []}, "AssetConverterAgent.convert_textures_tool._next_power_of_2": {"executed_lines": [], "summary": {"covered_lines": 0, "num_statements": 4, "percent_covered": 0.0, "percent_covered_display": "0", "missing_lines": 4, "excluded_lines": 0}, "missing_lines": [1031, 1032, 1033, 1034], "excluded_lines": []}, "AssetConverterAgent.convert_textures_tool._previous_power_of_2": {"executed_lines": [], "summary": {"covered_lines": 0, "num_statements": 6, "percent_covered": 0.0, "percent_covered_display": "0", "missing_lines": 6, "excluded_lines": 0}, "missing_lines": [1036, 1037, 1038, 1039, 1040, 1041], "excluded_lines": []}, "AssetConverterAgent.convert_textures_tool._convert_single_texture": {"executed_lines": [], "summary": {"covered_lines": 0, "num_statements": 61, "percent_covered": 0.0, "percent_covered_display": "0", "missing_lines": 61, "excluded_lines": 0}, "missing_lines": [1043, 1044, 1045, 1047, 1048, 1051, 1052, 1054, 1056, 1059, 1060, 1062, 1065, 1067, 1068, 1069, 1070, 1073, 1074, 1075, 1076, 1080, 1081, 1082, 1083, 1084, 1087, 1088, 1089, 1092, 1093, 1096, 1098, 1099, 1101, 1102, 1103, 1104, 1105, 1106, 1107, 1108, 1109, 1110, 1111, 1112, 1115, 1116, 1117, 1118, 1119, 1120, 1121, 1123, 1125, 1137, 1138, 1139, 1140, 1141, 1142], "excluded_lines": []}, "AssetConverterAgent.convert_textures_tool._generate_texture_pack_structure": {"executed_lines": [], "summary": {"covered_lines": 0, "num_statements": 47, "percent_covered": 0.0, "percent_covered_display": "0", "missing_lines": 47, "excluded_lines": 0}, "missing_lines": [1145, 1161, 1162, 1163, 1165, 1166, 1167, 1169, 1170, 1172, 1176, 1177, 1178, 1179, 1180, 1182, 1184, 1187, 1188, 1190, 1191, 1197, 1198, 1199, 1200, 1201, 1202, 1203, 1204, 1206, 1207, 1209, 1212, 1213, 1214, 1216, 1222, 1223, 1225, 1227, 1228, 1229, 1230, 1231, 1232, 1233, 1235], "excluded_lines": []}, "AssetConverterAgent.convert_models_tool": {"executed_lines": [], "summary": {"covered_lines": 0, "num_statements": 27, "percent_covered": 0.0, "percent_covered_display": "0", "missing_lines": 27, "excluded_lines": 0}, "missing_lines": [1303, 1512, 1522, 1523, 1524, 1526, 1528, 1529, 1530, 1531, 1533, 1534, 1536, 1537, 1538, 1539, 1540, 1541, 1545, 1546, 1547, 1549, 1561, 1562, 1564, 1565, 1566], "excluded_lines": []}, "AssetConverterAgent.convert_models_tool._convert_single_model": {"executed_lines": [], "summary": {"covered_lines": 0, "num_statements": 124, "percent_covered": 0.0, "percent_covered_display": "0", "missing_lines": 124, "excluded_lines": 0}, "missing_lines": [1304, 1305, 1306, 1307, 1308, 1310, 1311, 1314, 1317, 1318, 1320, 1339, 1340, 1341, 1343, 1344, 1345, 1347, 1348, 1349, 1350, 1351, 1352, 1354, 1355, 1356, 1357, 1358, 1363, 1365, 1374, 1375, 1377, 1378, 1379, 1384, 1385, 1387, 1391, 1392, 1394, 1396, 1397, 1398, 1399, 1401, 1403, 1404, 1406, 1407, 1408, 1409, 1411, 1412, 1413, 1414, 1415, 1416, 1417, 1418, 1419, 1420, 1421, 1422, 1424, 1425, 1427, 1428, 1429, 1430, 1432, 1433, 1434, 1435, 1436, 1437, 1439, 1440, 1441, 1442, 1443, 1444, 1445, 1446, 1447, 1448, 1449, 1450, 1451, 1452, 1453, 1455, 1459, 1461, 1462, 1463, 1464, 1465, 1466, 1467, 1473, 1474, 1475, 1476, 1478, 1479, 1480, 1482, 1484, 1485, 1486, 1488, 1489, 1491, 1493, 1503, 1504, 1505, 1506, 1507, 1508, 1509, 1510, 1511], "excluded_lines": []}, "AssetConverterAgent.convert_models_tool._generate_model_structure": {"executed_lines": [], "summary": {"covered_lines": 0, "num_statements": 2, "percent_covered": 0.0, "percent_covered_display": "0", "missing_lines": 2, "excluded_lines": 0}, "missing_lines": [1514, 1515], "excluded_lines": []}, "AssetConverterAgent.convert_audio_tool": {"executed_lines": [], "summary": {"covered_lines": 0, "num_statements": 28, "percent_covered": 0.0, "percent_covered_display": "0", "missing_lines": 28, "excluded_lines": 0}, "missing_lines": [1572, 1573, 1673, 1705, 1706, 1707, 1709, 1711, 1712, 1713, 1714, 1716, 1717, 1719, 1720, 1721, 1722, 1723, 1724, 1726, 1727, 1728, 1730, 1742, 1743, 1745, 1746, 1747], "excluded_lines": []}, "AssetConverterAgent.convert_audio_tool._convert_single_audio": {"executed_lines": [], "summary": {"covered_lines": 0, "num_statements": 41, "percent_covered": 0.0, "percent_covered_display": "0", "missing_lines": 41, "excluded_lines": 0}, "missing_lines": [1575, 1576, 1579, 1580, 1583, 1586, 1587, 1594, 1597, 1599, 1600, 1603, 1604, 1605, 1607, 1609, 1610, 1613, 1614, 1615, 1616, 1617, 1622, 1624, 1625, 1628, 1629, 1630, 1631, 1632, 1633, 1640, 1641, 1643, 1646, 1648, 1660, 1661, 1666, 1667, 1668], "excluded_lines": []}, "AssetConverterAgent.convert_audio_tool._generate_sound_structure": {"executed_lines": [], "summary": {"covered_lines": 0, "num_statements": 20, "percent_covered": 0.0, "percent_covered_display": "0", "missing_lines": 20, "excluded_lines": 0}, "missing_lines": [1674, 1675, 1676, 1677, 1679, 1680, 1682, 1683, 1684, 1686, 1688, 1689, 1692, 1693, 1695, 1696, 1700, 1702, 1703, 1704], "excluded_lines": []}, "AssetConverterAgent.validate_bedrock_assets_tool": {"executed_lines": [], "summary": {"covered_lines": 0, "num_statements": 24, "percent_covered": 0.0, "percent_covered_display": "0", "missing_lines": 24, "excluded_lines": 0}, "missing_lines": [1753, 1788, 1789, 1790, 1792, 1799, 1800, 1801, 1802, 1804, 1806, 1807, 1809, 1811, 1812, 1815, 1816, 1817, 1819, 1832, 1833, 1835, 1836, 1837], "excluded_lines": []}, "AssetConverterAgent.validate_bedrock_assets_tool._validate_single_asset": {"executed_lines": [], "summary": {"covered_lines": 0, "num_statements": 19, "percent_covered": 0.0, "percent_covered_display": "0", "missing_lines": 19, "excluded_lines": 0}, "missing_lines": [1755, 1756, 1757, 1759, 1760, 1761, 1763, 1764, 1766, 1767, 1769, 1770, 1772, 1773, 1775, 1776, 1778, 1779, 1781], "excluded_lines": []}, "AssetConverterAgent._analyze_texture": {"executed_lines": [1843, 1844, 1845, 1846, 1848, 1849, 1852, 1857, 1858, 1859, 1860, 1863, 1867, 1871], "summary": {"covered_lines": 14, "num_statements": 19, "percent_covered": 73.6842105263158, "percent_covered_display": "74", "missing_lines": 5, "excluded_lines": 0}, "missing_lines": [1853, 1854, 1864, 1868, 1869], "excluded_lines": []}, "AssetConverterAgent._analyze_model": {"executed_lines": [], "summary": {"covered_lines": 0, "num_statements": 18, "percent_covered": 0.0, "percent_covered_display": "0", "missing_lines": 18, "excluded_lines": 0}, "missing_lines": [1883, 1884, 1885, 1886, 1888, 1889, 1892, 1893, 1894, 1896, 1897, 1898, 1900, 1901, 1902, 1905, 1906, 1908], "excluded_lines": []}, "AssetConverterAgent._analyze_audio": {"executed_lines": [], "summary": {"covered_lines": 0, "num_statements": 18, "percent_covered": 0.0, "percent_covered_display": "0", "missing_lines": 18, "excluded_lines": 0}, "missing_lines": [1923, 1924, 1925, 1926, 1928, 1929, 1932, 1933, 1934, 1937, 1938, 1939, 1942, 1943, 1944, 1947, 1948, 1950], "excluded_lines": []}, "AssetConverterAgent._validate_single_asset": {"executed_lines": [], "summary": {"covered_lines": 0, "num_statements": 19, "percent_covered": 0.0, "percent_covered_display": "0", "missing_lines": 19, "excluded_lines": 0}, "missing_lines": [2463, 2464, 2465, 2467, 2468, 2469, 2471, 2472, 2474, 2475, 2477, 2478, 2480, 2481, 2483, 2484, 2486, 2487, 2489], "excluded_lines": []}, "AssetConverterAgent._generate_fallback_texture": {"executed_lines": [2500, 2509, 2510, 2513, 2514, 2515, 2516, 2518], "summary": {"covered_lines": 8, "num_statements": 8, "percent_covered": 100.0, "percent_covered_display": "100", "missing_lines": 0, "excluded_lines": 0}, "missing_lines": [], "excluded_lines": []}, "AssetConverterAgent.clear_cache": {"executed_lines": [2522, 2523], "summary": {"covered_lines": 2, "num_statements": 2, "percent_covered": 100.0, "percent_covered_display": "100", "missing_lines": 0, "excluded_lines": 0}, "missing_lines": [], "excluded_lines": []}, "AssetConverterAgent._get_recommended_resolution": {"executed_lines": [2532, 2534, 2535, 2537], "summary": {"covered_lines": 4, "num_statements": 4, "percent_covered": 100.0, "percent_covered_display": "100", "missing_lines": 0, "excluded_lines": 0}, "missing_lines": [], "excluded_lines": []}, "AssetConverterAgent._generate_conversion_recommendations": {"executed_lines": [], "summary": {"covered_lines": 0, "num_statements": 14, "percent_covered": 0.0, "percent_covered_display": "0", "missing_lines": 14, "excluded_lines": 0}, "missing_lines": [2548, 2550, 2551, 2552, 2554, 2555, 2557, 2558, 2560, 2561, 2563, 2567, 2568, 2570], "excluded_lines": []}, "AssetConverterAgent._assess_conversion_complexity": {"executed_lines": [], "summary": {"covered_lines": 0, "num_statements": 7, "percent_covered": 0.0, "percent_covered_display": "0", "missing_lines": 7, "excluded_lines": 0}, "missing_lines": [2574, 2578, 2582, 2583, 2584, 2585, 2587], "excluded_lines": []}, "": {"executed_lines": [1, 5, 6, 7, 8, 9, 10, 11, 12, 13, 17, 20, 21, 26, 28, 70, 71, 77, 87, 91, 98, 107, 286, 385, 433, 516, 545, 553, 769, 770, 771, 1021, 1022, 1023, 1299, 1300, 1301, 1568, 1569, 1570, 1749, 1750, 1751, 1841, 1881, 1921, 1963, 2142, 2150, 2360, 2461, 2497, 2520, 2525, 2529, 2539, 2546, 2572, 2589, 2688, 2699], "summary": {"covered_lines": 59, "num_statements": 59, "percent_covered": 100.0, "percent_covered_display": "100", "missing_lines": 0, "excluded_lines": 0}, "missing_lines": [], "excluded_lines": []}}, "classes": {"AssetConverterAgent": {"executed_lines": [29, 32, 37, 42, 48, 54, 60, 67, 68, 73, 74, 75, 396, 397, 399, 407, 408, 410, 411, 416, 421, 1843, 1844, 1845, 1846, 1848, 1849, 1852, 1857, 1858, 1859, 1860, 1863, 1867, 1871, 1966, 1969, 1970, 1971, 1973, 1975, 1976, 1977, 1978, 1979, 1980, 1982, 1984, 1985, 1988, 1991, 1992, 2000, 2001, 2003, 2004, 2006, 2008, 2010, 2011, 2012, 2013, 2015, 2020, 2021, 2023, 2026, 2028, 2030, 2034, 2036, 2037, 2040, 2041, 2044, 2045, 2046, 2047, 2048, 2049, 2050, 2051, 2052, 2056, 2059, 2062, 2064, 2068, 2072, 2076, 2079, 2084, 2085, 2086, 2087, 2088, 2090, 2092, 2097, 2098, 2100, 2101, 2105, 2106, 2107, 2112, 2128, 2130, 2143, 2145, 2146, 2147, 2148, 2500, 2509, 2510, 2513, 2514, 2515, 2516, 2518, 2522, 2523, 2527, 2532, 2534, 2535, 2537, 2541, 2542, 2543, 2544, 2591, 2607, 2608, 2609, 2612, 2614, 2615, 2618, 2619, 2620, 2624, 2625, 2626, 2627, 2628, 2629, 2634, 2635, 2636, 2637, 2643, 2674, 2675, 2676, 2677, 2678, 2679, 2683, 2684, 2686], "summary": {"covered_lines": 162, "num_statements": 1418, "percent_covered": 11.424541607898448, "percent_covered_display": "11", "missing_lines": 1256, "excluded_lines": 0}, "missing_lines": [79, 89, 93, 94, 95, 96, 100, 101, 102, 103, 104, 105, 110, 113, 114, 115, 117, 119, 120, 121, 122, 123, 124, 126, 128, 129, 132, 135, 136, 137, 138, 139, 140, 141, 142, 144, 145, 147, 148, 150, 152, 154, 155, 156, 157, 159, 160, 161, 162, 164, 165, 166, 167, 168, 170, 172, 174, 177, 178, 180, 181, 184, 185, 188, 189, 190, 191, 192, 193, 194, 195, 196, 197, 198, 200, 203, 206, 208, 210, 212, 214, 216, 218, 220, 221, 223, 225, 228, 229, 230, 231, 232, 233, 234, 235, 236, 237, 241, 242, 244, 245, 246, 247, 249, 250, 251, 252, 254, 256, 272, 274, 275, 276, 277, 283, 284, 288, 304, 305, 306, 309, 311, 312, 313, 315, 316, 317, 321, 322, 323, 324, 325, 326, 331, 332, 333, 334, 335, 336, 338, 340, 341, 342, 344, 345, 346, 347, 348, 349, 350, 351, 352, 354, 356, 357, 358, 360, 366, 367, 369, 371, 372, 373, 374, 375, 376, 377, 380, 381, 383, 417, 418, 419, 423, 424, 425, 435, 436, 438, 439, 445, 447, 448, 454, 455, 456, 457, 459, 460, 461, 463, 464, 465, 466, 467, 468, 469, 470, 475, 476, 477, 479, 480, 481, 482, 483, 484, 490, 491, 492, 494, 496, 508, 509, 510, 518, 520, 521, 522, 524, 525, 527, 528, 530, 531, 532, 534, 536, 537, 539, 541, 542, 543, 547, 548, 555, 556, 557, 558, 559, 566, 567, 570, 571, 572, 574, 591, 592, 593, 595, 596, 597, 599, 600, 601, 602, 603, 604, 606, 607, 608, 609, 610, 611, 612, 621, 622, 624, 625, 626, 631, 632, 634, 635, 636, 637, 639, 640, 641, 642, 644, 645, 646, 648, 649, 650, 651, 653, 654, 655, 656, 657, 658, 659, 660, 661, 662, 663, 664, 666, 667, 669, 670, 671, 672, 674, 675, 676, 677, 678, 679, 681, 682, 683, 684, 685, 686, 687, 688, 689, 690, 691, 692, 693, 694, 695, 697, 703, 705, 706, 707, 708, 709, 710, 711, 717, 718, 719, 720, 722, 723, 724, 726, 727, 728, 729, 731, 732, 734, 736, 746, 747, 753, 754, 760, 761, 762, 773, 774, 776, 777, 778, 779, 781, 782, 785, 786, 787, 790, 791, 792, 793, 796, 797, 800, 801, 802, 804, 814, 816, 817, 818, 819, 821, 822, 825, 826, 827, 829, 830, 831, 833, 834, 835, 838, 839, 841, 854, 856, 857, 858, 859, 861, 862, 865, 866, 867, 870, 871, 872, 875, 876, 877, 880, 881, 883, 895, 897, 898, 901, 903, 904, 906, 908, 910, 911, 912, 913, 914, 916, 918, 919, 920, 922, 923, 925, 926, 928, 929, 931, 935, 936, 938, 940, 942, 946, 950, 951, 952, 953, 955, 956, 957, 958, 960, 967, 968, 969, 971, 973, 974, 975, 976, 977, 978, 979, 981, 982, 983, 984, 985, 986, 987, 989, 990, 991, 992, 993, 994, 995, 998, 999, 1000, 1001, 1004, 1006, 1014, 1015, 1017, 1018, 1019, 1025, 1026, 1028, 1029, 1031, 1032, 1033, 1034, 1035, 1036, 1037, 1038, 1039, 1040, 1041, 1042, 1043, 1044, 1045, 1047, 1048, 1051, 1052, 1054, 1056, 1059, 1060, 1062, 1065, 1067, 1068, 1069, 1070, 1073, 1074, 1075, 1076, 1080, 1081, 1082, 1083, 1084, 1087, 1088, 1089, 1092, 1093, 1096, 1098, 1099, 1101, 1102, 1103, 1104, 1105, 1106, 1107, 1108, 1109, 1110, 1111, 1112, 1115, 1116, 1117, 1118, 1119, 1120, 1121, 1123, 1125, 1137, 1138, 1139, 1140, 1141, 1142, 1143, 1145, 1161, 1162, 1163, 1165, 1166, 1167, 1169, 1170, 1172, 1176, 1177, 1178, 1179, 1180, 1182, 1184, 1187, 1188, 1190, 1191, 1197, 1198, 1199, 1200, 1201, 1202, 1203, 1204, 1206, 1207, 1209, 1212, 1213, 1214, 1216, 1222, 1223, 1225, 1227, 1228, 1229, 1230, 1231, 1232, 1233, 1235, 1236, 1238, 1239, 1241, 1242, 1244, 1247, 1250, 1253, 1255, 1257, 1258, 1259, 1260, 1262, 1263, 1265, 1266, 1267, 1268, 1269, 1270, 1272, 1273, 1274, 1276, 1292, 1293, 1295, 1296, 1297, 1303, 1304, 1305, 1306, 1307, 1308, 1310, 1311, 1314, 1317, 1318, 1320, 1339, 1340, 1341, 1343, 1344, 1345, 1347, 1348, 1349, 1350, 1351, 1352, 1354, 1355, 1356, 1357, 1358, 1363, 1365, 1374, 1375, 1377, 1378, 1379, 1384, 1385, 1387, 1391, 1392, 1394, 1396, 1397, 1398, 1399, 1401, 1403, 1404, 1406, 1407, 1408, 1409, 1411, 1412, 1413, 1414, 1415, 1416, 1417, 1418, 1419, 1420, 1421, 1422, 1424, 1425, 1427, 1428, 1429, 1430, 1432, 1433, 1434, 1435, 1436, 1437, 1439, 1440, 1441, 1442, 1443, 1444, 1445, 1446, 1447, 1448, 1449, 1450, 1451, 1452, 1453, 1455, 1459, 1461, 1462, 1463, 1464, 1465, 1466, 1467, 1473, 1474, 1475, 1476, 1478, 1479, 1480, 1482, 1484, 1485, 1486, 1488, 1489, 1491, 1493, 1503, 1504, 1505, 1506, 1507, 1508, 1509, 1510, 1511, 1512, 1514, 1515, 1522, 1523, 1524, 1526, 1528, 1529, 1530, 1531, 1533, 1534, 1536, 1537, 1538, 1539, 1540, 1541, 1545, 1546, 1547, 1549, 1561, 1562, 1564, 1565, 1566, 1572, 1573, 1575, 1576, 1579, 1580, 1583, 1586, 1587, 1594, 1597, 1599, 1600, 1603, 1604, 1605, 1607, 1609, 1610, 1613, 1614, 1615, 1616, 1617, 1622, 1624, 1625, 1628, 1629, 1630, 1631, 1632, 1633, 1640, 1641, 1643, 1646, 1648, 1660, 1661, 1666, 1667, 1668, 1673, 1674, 1675, 1676, 1677, 1679, 1680, 1682, 1683, 1684, 1686, 1688, 1689, 1692, 1693, 1695, 1696, 1700, 1702, 1703, 1704, 1705, 1706, 1707, 1709, 1711, 1712, 1713, 1714, 1716, 1717, 1719, 1720, 1721, 1722, 1723, 1724, 1726, 1727, 1728, 1730, 1742, 1743, 1745, 1746, 1747, 1753, 1755, 1756, 1757, 1759, 1760, 1761, 1763, 1764, 1766, 1767, 1769, 1770, 1772, 1773, 1775, 1776, 1778, 1779, 1781, 1788, 1789, 1790, 1792, 1799, 1800, 1801, 1802, 1804, 1806, 1807, 1809, 1811, 1812, 1815, 1816, 1817, 1819, 1832, 1833, 1835, 1836, 1837, 1853, 1854, 1864, 1868, 1869, 1883, 1884, 1885, 1886, 1888, 1889, 1892, 1893, 1894, 1896, 1897, 1898, 1900, 1901, 1902, 1905, 1906, 1908, 1923, 1924, 1925, 1926, 1928, 1929, 1932, 1933, 1934, 1937, 1938, 1939, 1942, 1943, 1944, 1947, 1948, 1950, 1993, 1994, 1995, 1996, 1997, 1998, 2016, 2017, 2018, 2022, 2024, 2033, 2053, 2054, 2066, 2070, 2074, 2077, 2081, 2089, 2091, 2093, 2102, 2103, 2108, 2110, 2131, 2132, 2133, 2139, 2140, 2144, 2151, 2152, 2153, 2154, 2155, 2157, 2158, 2161, 2164, 2165, 2167, 2186, 2187, 2188, 2190, 2191, 2192, 2194, 2195, 2196, 2197, 2198, 2199, 2201, 2202, 2203, 2204, 2205, 2210, 2212, 2221, 2222, 2224, 2225, 2226, 2231, 2232, 2234, 2238, 2239, 2241, 2243, 2244, 2245, 2246, 2248, 2250, 2251, 2253, 2254, 2255, 2256, 2258, 2259, 2260, 2261, 2262, 2263, 2264, 2265, 2266, 2267, 2268, 2269, 2271, 2272, 2274, 2275, 2276, 2277, 2279, 2280, 2281, 2282, 2283, 2284, 2286, 2287, 2288, 2289, 2290, 2291, 2292, 2293, 2294, 2295, 2296, 2297, 2298, 2299, 2300, 2302, 2306, 2308, 2309, 2310, 2311, 2312, 2313, 2314, 2320, 2321, 2322, 2323, 2325, 2326, 2327, 2329, 2331, 2332, 2333, 2335, 2336, 2338, 2340, 2350, 2351, 2352, 2353, 2354, 2355, 2356, 2357, 2358, 2362, 2363, 2366, 2367, 2370, 2373, 2374, 2381, 2384, 2386, 2387, 2390, 2391, 2392, 2394, 2396, 2397, 2400, 2401, 2402, 2403, 2404, 2409, 2411, 2412, 2415, 2416, 2417, 2418, 2419, 2420, 2427, 2428, 2430, 2433, 2435, 2447, 2448, 2453, 2454, 2455, 2463, 2464, 2465, 2467, 2468, 2469, 2471, 2472, 2474, 2475, 2477, 2478, 2480, 2481, 2483, 2484, 2486, 2487, 2489, 2548, 2550, 2551, 2552, 2554, 2555, 2557, 2558, 2560, 2561, 2563, 2567, 2568, 2570, 2574, 2578, 2582, 2583, 2584, 2585, 2587, 2616, 2638, 2639, 2641, 2644, 2645, 2647, 2648, 2649, 2650, 2651, 2652, 2653, 2654, 2655, 2657, 2659, 2660, 2661, 2663, 2669, 2670, 2672, 2680, 2690, 2691, 2700, 2701, 2702, 2703, 2705, 2706, 2708, 2709, 2710, 2712, 2714, 2715, 2718, 2719, 2721, 2722, 2726, 2728, 2729, 2730], "excluded_lines": []}, "": {"executed_lines": [1, 5, 6, 7, 8, 9, 10, 11, 12, 13, 17, 20, 21, 26, 28, 70, 71, 77, 87, 91, 98, 107, 286, 385, 433, 516, 545, 553, 769, 770, 771, 1021, 1022, 1023, 1299, 1300, 1301, 1568, 1569, 1570, 1749, 1750, 1751, 1841, 1881, 1921, 1963, 2142, 2150, 2360, 2461, 2497, 2520, 2525, 2529, 2539, 2546, 2572, 2589, 2688, 2699], "summary": {"covered_lines": 59, "num_statements": 59, "percent_covered": 100.0, "percent_covered_display": "100", "missing_lines": 0, "excluded_lines": 0}, "missing_lines": [], "excluded_lines": []}}}, "agents\\bedrock_architect.py": {"executed_lines": [1, 7, 9, 10, 11, 13, 14, 20, 23, 24, 31, 33, 37, 38, 48, 66, 67, 68, 116, 117, 118, 165, 166, 167, 239, 240, 241, 256, 257, 258, 321, 334, 368, 369, 370, 374, 375, 376, 380, 381, 382, 386, 387, 388, 392, 393], "summary": {"covered_lines": 44, "num_statements": 206, "percent_covered": 21.359223300970875, "percent_covered_display": "21", "missing_lines": 162, "excluded_lines": 0}, "missing_lines": [35, 44, 45, 46, 54, 70, 71, 73, 74, 76, 77, 78, 79, 80, 82, 83, 84, 87, 95, 97, 108, 109, 111, 112, 113, 114, 120, 121, 122, 125, 133, 135, 136, 139, 141, 142, 154, 156, 158, 160, 161, 162, 163, 169, 170, 172, 173, 175, 176, 178, 180, 188, 190, 191, 192, 193, 194, 196, 199, 201, 231, 232, 234, 235, 236, 237, 243, 244, 245, 246, 247, 248, 249, 251, 252, 253, 254, 260, 261, 263, 270, 271, 274, 275, 276, 279, 280, 281, 283, 284, 285, 287, 288, 289, 291, 292, 293, 294, 296, 303, 304, 305, 307, 308, 310, 311, 313, 314, 316, 317, 318, 319, 323, 324, 326, 327, 328, 329, 330, 332, 336, 343, 344, 347, 348, 349, 352, 353, 354, 356, 357, 358, 360, 361, 362, 364, 372, 378, 384, 390, 397, 398, 399, 400, 403, 427, 428, 429, 430, 431, 432, 433, 434, 435, 438, 439, 447, 448, 449, 453, 454, 455], "excluded_lines": [], "functions": {"BedrockArchitectAgent.__init__": {"executed_lines": [], "summary": {"covered_lines": 0, "num_statements": 1, "percent_covered": 0.0, "percent_covered_display": "0", "missing_lines": 1, "excluded_lines": 0}, "missing_lines": [35], "excluded_lines": []}, "BedrockArchitectAgent.get_instance": {"executed_lines": [], "summary": {"covered_lines": 0, "num_statements": 3, "percent_covered": 0.0, "percent_covered_display": "0", "missing_lines": 3, "excluded_lines": 0}, "missing_lines": [44, 45, 46], "excluded_lines": []}, "BedrockArchitectAgent.get_tools": {"executed_lines": [], "summary": {"covered_lines": 0, "num_statements": 1, "percent_covered": 0.0, "percent_covered_display": "0", "missing_lines": 1, "excluded_lines": 0}, "missing_lines": [54], "excluded_lines": []}, "BedrockArchitectAgent.analyze_java_feature_tool": {"executed_lines": [], "summary": {"covered_lines": 0, "num_statements": 13, "percent_covered": 0.0, "percent_covered_display": "0", "missing_lines": 13, "excluded_lines": 0}, "missing_lines": [70, 71, 83, 84, 87, 95, 97, 108, 109, 111, 112, 113, 114], "excluded_lines": []}, "BedrockArchitectAgent.analyze_java_feature_tool._get_conversion_recommendation": {"executed_lines": [], "summary": {"covered_lines": 0, "num_statements": 8, "percent_covered": 0.0, "percent_covered_display": "0", "missing_lines": 8, "excluded_lines": 0}, "missing_lines": [73, 74, 76, 77, 78, 79, 80, 82], "excluded_lines": []}, "BedrockArchitectAgent.apply_smart_assumption_tool": {"executed_lines": [], "summary": {"covered_lines": 0, "num_statements": 17, "percent_covered": 0.0, "percent_covered_display": "0", "missing_lines": 17, "excluded_lines": 0}, "missing_lines": [120, 121, 122, 125, 133, 135, 136, 139, 141, 142, 154, 156, 158, 160, 161, 162, 163], "excluded_lines": []}, "BedrockArchitectAgent.create_conversion_plan_tool": {"executed_lines": [], "summary": {"covered_lines": 0, "num_statements": 23, "percent_covered": 0.0, "percent_covered_display": "0", "missing_lines": 23, "excluded_lines": 0}, "missing_lines": [169, 170, 172, 173, 175, 176, 178, 180, 188, 190, 191, 192, 193, 194, 196, 199, 201, 231, 232, 234, 235, 236, 237], "excluded_lines": []}, "BedrockArchitectAgent.get_assumption_conflicts_tool": {"executed_lines": [], "summary": {"covered_lines": 0, "num_statements": 11, "percent_covered": 0.0, "percent_covered_display": "0", "missing_lines": 11, "excluded_lines": 0}, "missing_lines": [243, 244, 245, 246, 247, 248, 249, 251, 252, 253, 254], "excluded_lines": []}, "BedrockArchitectAgent.validate_bedrock_compatibility_tool": {"executed_lines": [], "summary": {"covered_lines": 0, "num_statements": 19, "percent_covered": 0.0, "percent_covered_display": "0", "missing_lines": 19, "excluded_lines": 0}, "missing_lines": [260, 261, 292, 293, 294, 296, 303, 304, 305, 307, 308, 310, 311, 313, 314, 316, 317, 318, 319], "excluded_lines": []}, "BedrockArchitectAgent.validate_bedrock_compatibility_tool._validate_component_compatibility": {"executed_lines": [], "summary": {"covered_lines": 0, "num_statements": 16, "percent_covered": 0.0, "percent_covered_display": "0", "missing_lines": 16, "excluded_lines": 0}, "missing_lines": [263, 270, 271, 274, 275, 276, 279, 280, 281, 283, 284, 285, 287, 288, 289, 291], "excluded_lines": []}, "BedrockArchitectAgent._get_conversion_recommendation": {"executed_lines": [], "summary": {"covered_lines": 0, "num_statements": 8, "percent_covered": 0.0, "percent_covered_display": "0", "missing_lines": 8, "excluded_lines": 0}, "missing_lines": [323, 324, 326, 327, 328, 329, 330, 332], "excluded_lines": []}, "BedrockArchitectAgent._validate_component_compatibility": {"executed_lines": [], "summary": {"covered_lines": 0, "num_statements": 16, "percent_covered": 0.0, "percent_covered_display": "0", "missing_lines": 16, "excluded_lines": 0}, "missing_lines": [336, 343, 344, 347, 348, 349, 352, 353, 354, 356, 357, 358, 360, 361, 362, 364], "excluded_lines": []}, "BedrockArchitectAgent.generate_block_definitions_tool": {"executed_lines": [], "summary": {"covered_lines": 0, "num_statements": 1, "percent_covered": 0.0, "percent_covered_display": "0", "missing_lines": 1, "excluded_lines": 0}, "missing_lines": [372], "excluded_lines": []}, "BedrockArchitectAgent.generate_item_definitions_tool": {"executed_lines": [], "summary": {"covered_lines": 0, "num_statements": 1, "percent_covered": 0.0, "percent_covered_display": "0", "missing_lines": 1, "excluded_lines": 0}, "missing_lines": [378], "excluded_lines": []}, "BedrockArchitectAgent.generate_recipe_definitions_tool": {"executed_lines": [], "summary": {"covered_lines": 0, "num_statements": 1, "percent_covered": 0.0, "percent_covered_display": "0", "missing_lines": 1, "excluded_lines": 0}, "missing_lines": [384], "excluded_lines": []}, "BedrockArchitectAgent.generate_entity_definitions_tool": {"executed_lines": [], "summary": {"covered_lines": 0, "num_statements": 1, "percent_covered": 0.0, "percent_covered_display": "0", "missing_lines": 1, "excluded_lines": 0}, "missing_lines": [390], "excluded_lines": []}, "BedrockArchitectAgent._generate_placeholder_definition": {"executed_lines": [], "summary": {"covered_lines": 0, "num_statements": 22, "percent_covered": 0.0, "percent_covered_display": "0", "missing_lines": 22, "excluded_lines": 0}, "missing_lines": [397, 398, 399, 400, 403, 427, 428, 429, 430, 431, 432, 433, 434, 435, 438, 439, 447, 448, 449, 453, 454, 455], "excluded_lines": []}, "": {"executed_lines": [1, 7, 9, 10, 11, 13, 14, 20, 23, 24, 31, 33, 37, 38, 48, 66, 67, 68, 116, 117, 118, 165, 166, 167, 239, 240, 241, 256, 257, 258, 321, 334, 368, 369, 370, 374, 375, 376, 380, 381, 382, 386, 387, 388, 392, 393], "summary": {"covered_lines": 44, "num_statements": 44, "percent_covered": 100.0, "percent_covered_display": "100", "missing_lines": 0, "excluded_lines": 0}, "missing_lines": [], "excluded_lines": []}}, "classes": {"BedrockArchitectAgent": {"executed_lines": [], "summary": {"covered_lines": 0, "num_statements": 162, "percent_covered": 0.0, "percent_covered_display": "0", "missing_lines": 162, "excluded_lines": 0}, "missing_lines": [35, 44, 45, 46, 54, 70, 71, 73, 74, 76, 77, 78, 79, 80, 82, 83, 84, 87, 95, 97, 108, 109, 111, 112, 113, 114, 120, 121, 122, 125, 133, 135, 136, 139, 141, 142, 154, 156, 158, 160, 161, 162, 163, 169, 170, 172, 173, 175, 176, 178, 180, 188, 190, 191, 192, 193, 194, 196, 199, 201, 231, 232, 234, 235, 236, 237, 243, 244, 245, 246, 247, 248, 249, 251, 252, 253, 254, 260, 261, 263, 270, 271, 274, 275, 276, 279, 280, 281, 283, 284, 285, 287, 288, 289, 291, 292, 293, 294, 296, 303, 304, 305, 307, 308, 310, 311, 313, 314, 316, 317, 318, 319, 323, 324, 326, 327, 328, 329, 330, 332, 336, 343, 344, 347, 348, 349, 352, 353, 354, 356, 357, 358, 360, 361, 362, 364, 372, 378, 384, 390, 397, 398, 399, 400, 403, 427, 428, 429, 430, 431, 432, 433, 434, 435, 438, 439, 447, 448, 449, 453, 454, 455], "excluded_lines": []}, "": {"executed_lines": [1, 7, 9, 10, 11, 13, 14, 20, 23, 24, 31, 33, 37, 38, 48, 66, 67, 68, 116, 117, 118, 165, 166, 167, 239, 240, 241, 256, 257, 258, 321, 334, 368, 369, 370, 374, 375, 376, 380, 381, 382, 386, 387, 388, 392, 393], "summary": {"covered_lines": 44, "num_statements": 44, "percent_covered": 100.0, "percent_covered_display": "100", "missing_lines": 0, "excluded_lines": 0}, "missing_lines": [], "excluded_lines": []}}}, "agents\\bedrock_builder.py": {"executed_lines": [1, 6, 7, 8, 9, 10, 11, 12, 13, 14, 15, 16, 18, 19, 21, 24, 25, 30, 32, 33, 36, 37, 40, 43, 48, 54, 55, 61, 70, 84, 86, 94, 96, 97, 99, 100, 103, 104, 107, 108, 109, 110, 113, 114, 116, 117, 123, 124, 127, 128, 131, 132, 133, 134, 136, 138, 139, 140, 141, 142, 143, 145, 147, 148, 149, 151, 153, 155, 158, 166, 167, 169, 170, 171, 174, 175, 177, 185, 191, 192, 193, 195, 197, 200, 203, 211, 212, 214, 215, 216, 219, 220, 222, 229, 236, 237, 238, 241, 242, 244, 246, 248, 250, 252, 253, 256, 257, 259, 262, 263, 264, 265, 267, 269, 271, 274, 275, 276, 279, 280, 281, 283, 284, 285, 287, 288, 290, 291, 292, 295, 296, 300, 302, 303, 304, 306, 308, 310, 312, 314, 315, 316, 318, 319, 321, 328, 332, 336, 340, 344, 348, 349, 350, 355, 356, 357, 362, 363, 364, 369, 370, 371], "summary": {"covered_lines": 160, "num_statements": 180, "percent_covered": 88.88888888888889, "percent_covered_display": "89", "missing_lines": 20, "excluded_lines": 0}, "missing_lines": [57, 58, 59, 63, 119, 120, 297, 298, 323, 324, 325, 330, 334, 338, 342, 346, 353, 360, 367, 374], "excluded_lines": [], "functions": {"BedrockBuilderAgent.__init__": {"executed_lines": [33, 36, 37, 40, 43, 48], "summary": {"covered_lines": 6, "num_statements": 6, "percent_covered": 100.0, "percent_covered_display": "100", "missing_lines": 0, "excluded_lines": 0}, "missing_lines": [], "excluded_lines": []}, "BedrockBuilderAgent.get_instance": {"executed_lines": [], "summary": {"covered_lines": 0, "num_statements": 3, "percent_covered": 0.0, "percent_covered_display": "0", "missing_lines": 3, "excluded_lines": 0}, "missing_lines": [57, 58, 59], "excluded_lines": []}, "BedrockBuilderAgent.get_tools": {"executed_lines": [], "summary": {"covered_lines": 0, "num_statements": 1, "percent_covered": 0.0, "percent_covered_display": "0", "missing_lines": 1, "excluded_lines": 0}, "missing_lines": [63], "excluded_lines": []}, "BedrockBuilderAgent.build_block_addon_mvp": {"executed_lines": [84, 86, 94, 96, 97, 99, 100, 103, 104, 107, 108, 109, 110, 113, 114, 116, 117, 123, 124, 127, 128, 131, 132, 133, 134, 136, 138, 139, 140, 141, 142, 143, 145, 147, 148, 149, 151], "summary": {"covered_lines": 37, "num_statements": 39, "percent_covered": 94.87179487179488, "percent_covered_display": "95", "missing_lines": 2, "excluded_lines": 0}, "missing_lines": [119, 120], "excluded_lines": []}, "BedrockBuilderAgent._build_bp_mvp": {"executed_lines": [155, 158, 166, 167, 169, 170, 171, 174, 175, 177, 185, 191, 192, 193, 195], "summary": {"covered_lines": 15, "num_statements": 15, "percent_covered": 100.0, "percent_covered_display": "100", "missing_lines": 0, "excluded_lines": 0}, "missing_lines": [], "excluded_lines": []}, "BedrockBuilderAgent._build_rp_mvp": {"executed_lines": [200, 203, 211, 212, 214, 215, 216, 219, 220, 222, 229, 236, 237, 238, 241, 242, 244], "summary": {"covered_lines": 17, "num_statements": 17, "percent_covered": 100.0, "percent_covered_display": "100", "missing_lines": 0, "excluded_lines": 0}, "missing_lines": [], "excluded_lines": []}, "BedrockBuilderAgent._copy_texture_mvp": {"executed_lines": [248, 250, 252, 253, 256, 257, 259, 262, 263, 264, 265, 267, 269, 271, 274, 275, 276, 279, 280, 281, 283, 284, 285, 287, 288, 290, 291, 292, 295, 296, 300, 302, 303, 304, 306], "summary": {"covered_lines": 35, "num_statements": 37, "percent_covered": 94.5945945945946, "percent_covered_display": "95", "missing_lines": 2, "excluded_lines": 0}, "missing_lines": [297, 298], "excluded_lines": []}, "BedrockBuilderAgent._package_addon_mvp": {"executed_lines": [310, 312, 314, 315, 316, 318, 319, 321], "summary": {"covered_lines": 8, "num_statements": 11, "percent_covered": 72.72727272727273, "percent_covered_display": "73", "missing_lines": 3, "excluded_lines": 0}, "missing_lines": [323, 324, 325], "excluded_lines": []}, "BedrockBuilderAgent._create_bp_manifest": {"executed_lines": [], "summary": {"covered_lines": 0, "num_statements": 1, "percent_covered": 0.0, "percent_covered_display": "0", "missing_lines": 1, "excluded_lines": 0}, "missing_lines": [330], "excluded_lines": []}, "BedrockBuilderAgent._create_bp_blocks": {"executed_lines": [], "summary": {"covered_lines": 0, "num_statements": 1, "percent_covered": 0.0, "percent_covered_display": "0", "missing_lines": 1, "excluded_lines": 0}, "missing_lines": [334], "excluded_lines": []}, "BedrockBuilderAgent._create_rp_manifest": {"executed_lines": [], "summary": {"covered_lines": 0, "num_statements": 1, "percent_covered": 0.0, "percent_covered_display": "0", "missing_lines": 1, "excluded_lines": 0}, "missing_lines": [338], "excluded_lines": []}, "BedrockBuilderAgent._create_rp_blocks": {"executed_lines": [], "summary": {"covered_lines": 0, "num_statements": 1, "percent_covered": 0.0, "percent_covered_display": "0", "missing_lines": 1, "excluded_lines": 0}, "missing_lines": [342], "excluded_lines": []}, "BedrockBuilderAgent._copy_textures": {"executed_lines": [], "summary": {"covered_lines": 0, "num_statements": 1, "percent_covered": 0.0, "percent_covered_display": "0", "missing_lines": 1, "excluded_lines": 0}, "missing_lines": [346], "excluded_lines": []}, "BedrockBuilderAgent.build_bedrock_structure_tool": {"executed_lines": [], "summary": {"covered_lines": 0, "num_statements": 1, "percent_covered": 0.0, "percent_covered_display": "0", "missing_lines": 1, "excluded_lines": 0}, "missing_lines": [353], "excluded_lines": []}, "BedrockBuilderAgent.generate_block_definitions_tool": {"executed_lines": [], "summary": {"covered_lines": 0, "num_statements": 1, "percent_covered": 0.0, "percent_covered_display": "0", "missing_lines": 1, "excluded_lines": 0}, "missing_lines": [360], "excluded_lines": []}, "BedrockBuilderAgent.convert_assets_tool": {"executed_lines": [], "summary": {"covered_lines": 0, "num_statements": 1, "percent_covered": 0.0, "percent_covered_display": "0", "missing_lines": 1, "excluded_lines": 0}, "missing_lines": [367], "excluded_lines": []}, "BedrockBuilderAgent.package_addon_tool": {"executed_lines": [], "summary": {"covered_lines": 0, "num_statements": 1, "percent_covered": 0.0, "percent_covered_display": "0", "missing_lines": 1, "excluded_lines": 0}, "missing_lines": [374], "excluded_lines": []}, "": {"executed_lines": [1, 6, 7, 8, 9, 10, 11, 12, 13, 14, 15, 16, 18, 19, 21, 24, 25, 30, 32, 54, 55, 61, 70, 153, 197, 246, 308, 328, 332, 336, 340, 344, 348, 349, 350, 355, 356, 357, 362, 363, 364, 369, 370, 371], "summary": {"covered_lines": 42, "num_statements": 42, "percent_covered": 100.0, "percent_covered_display": "100", "missing_lines": 0, "excluded_lines": 0}, "missing_lines": [], "excluded_lines": []}}, "classes": {"BedrockBuilderAgent": {"executed_lines": [33, 36, 37, 40, 43, 48, 84, 86, 94, 96, 97, 99, 100, 103, 104, 107, 108, 109, 110, 113, 114, 116, 117, 123, 124, 127, 128, 131, 132, 133, 134, 136, 138, 139, 140, 141, 142, 143, 145, 147, 148, 149, 151, 155, 158, 166, 167, 169, 170, 171, 174, 175, 177, 185, 191, 192, 193, 195, 200, 203, 211, 212, 214, 215, 216, 219, 220, 222, 229, 236, 237, 238, 241, 242, 244, 248, 250, 252, 253, 256, 257, 259, 262, 263, 264, 265, 267, 269, 271, 274, 275, 276, 279, 280, 281, 283, 284, 285, 287, 288, 290, 291, 292, 295, 296, 300, 302, 303, 304, 306, 310, 312, 314, 315, 316, 318, 319, 321], "summary": {"covered_lines": 118, "num_statements": 138, "percent_covered": 85.5072463768116, "percent_covered_display": "86", "missing_lines": 20, "excluded_lines": 0}, "missing_lines": [57, 58, 59, 63, 119, 120, 297, 298, 323, 324, 325, 330, 334, 338, 342, 346, 353, 360, 367, 374], "excluded_lines": []}, "": {"executed_lines": [1, 6, 7, 8, 9, 10, 11, 12, 13, 14, 15, 16, 18, 19, 21, 24, 25, 30, 32, 54, 55, 61, 70, 153, 197, 246, 308, 328, 332, 336, 340, 344, 348, 349, 350, 355, 356, 357, 362, 363, 364, 369, 370, 371], "summary": {"covered_lines": 42, "num_statements": 42, "percent_covered": 100.0, "percent_covered_display": "100", "missing_lines": 0, "excluded_lines": 0}, "missing_lines": [], "excluded_lines": []}}}, "agents\\bedrock_manifest_generator.py": {"executed_lines": [1, 6, 7, 8, 9, 10, 11, 12, 13, 15, 18, 19, 20, 23, 24, 25, 26, 27, 28, 31, 32, 33, 34, 35, 36, 37, 38, 39, 40, 43, 44, 49, 50, 51, 54, 116, 126, 129, 130, 131, 134, 135, 138, 141, 146, 151, 152, 155, 156, 158, 159, 161, 164, 173, 174, 181, 193, 194, 196, 198, 201, 210, 211, 217, 229, 230, 232, 234, 236, 237, 240, 241, 243, 246, 250, 251, 254, 256, 258, 259, 260, 263, 264, 266, 268, 269, 272, 273, 275, 281, 284, 285, 289, 290, 292, 294, 295, 296, 301, 316, 317, 320, 321, 322, 325, 326, 327, 329, 330, 332, 343, 344, 345, 346, 347, 349, 350, 354, 358, 359], "summary": {"covered_lines": 118, "num_statements": 127, "percent_covered": 92.91338582677166, "percent_covered_display": "93", "missing_lines": 9, "excluded_lines": 0}, "missing_lines": [244, 247, 252, 277, 278, 279, 297, 298, 299], "excluded_lines": [], "functions": {"BedrockManifestGenerator.__init__": {"executed_lines": [50, 51, 54], "summary": {"covered_lines": 3, "num_statements": 3, "percent_covered": 100.0, "percent_covered_display": "100", "missing_lines": 0, "excluded_lines": 0}, "missing_lines": [], "excluded_lines": []}, "BedrockManifestGenerator.generate_manifests": {"executed_lines": [126, 129, 130, 131, 134, 135, 138, 141, 146, 151, 152, 155, 156, 158, 159], "summary": {"covered_lines": 15, "num_statements": 15, "percent_covered": 100.0, "percent_covered_display": "100", "missing_lines": 0, "excluded_lines": 0}, "missing_lines": [], "excluded_lines": []}, "BedrockManifestGenerator._create_behavior_manifest": {"executed_lines": [164, 173, 174, 181, 193, 194, 196], "summary": {"covered_lines": 7, "num_statements": 7, "percent_covered": 100.0, "percent_covered_display": "100", "missing_lines": 0, "excluded_lines": 0}, "missing_lines": [], "excluded_lines": []}, "BedrockManifestGenerator._create_resource_manifest": {"executed_lines": [201, 210, 211, 217, 229, 230, 232], "summary": {"covered_lines": 7, "num_statements": 7, "percent_covered": 100.0, "percent_covered_display": "100", "missing_lines": 0, "excluded_lines": 0}, "missing_lines": [], "excluded_lines": []}, "BedrockManifestGenerator._determine_capabilities": {"executed_lines": [236, 237, 240, 241, 243, 246, 250, 251, 254], "summary": {"covered_lines": 9, "num_statements": 12, "percent_covered": 75.0, "percent_covered_display": "75", "missing_lines": 3, "excluded_lines": 0}, "missing_lines": [244, 247, 252], "excluded_lines": []}, "BedrockManifestGenerator._parse_version": {"executed_lines": [258, 259, 260, 263, 264, 266, 268, 269, 272, 273, 275], "summary": {"covered_lines": 11, "num_statements": 14, "percent_covered": 78.57142857142857, "percent_covered_display": "79", "missing_lines": 3, "excluded_lines": 0}, "missing_lines": [277
[...]
 44, 45, 46, 47, 48, 50, 52, 53, 54, 56, 58, 60, 62, 63, 66, 72, 73, 78, 80, 82, 83, 84, 85, 87, 89, 90, 99, 114, 116, 118, 119, 121, 122, 125, 128, 130, 167, 168, 171, 212, 222, 232, 242, 246, 251, 258, 375, 376, 379, 380, 383, 384, 385, 386, 387, 388, 389, 390, 391, 392, 393, 394, 395, 396, 398, 399, 402, 411, 414, 415, 416, 424, 426, 428, 430, 434, 438, 440, 442, 445, 447, 456, 457, 466, 495, 508, 510, 511, 512, 514, 515, 516, 520, 524, 526, 528, 530, 533, 543, 546, 555, 556, 557, 558, 559, 560, 565, 566, 567, 568, 569, 570, 592], "summary": {"covered_lines": 137, "num_statements": 292, "percent_covered": 46.917808219178085, "percent_covered_display": "47", "missing_lines": 155, "excluded_lines": 0}, "missing_lines": [67, 68, 69, 74, 75, 76, 91, 92, 103, 104, 106, 107, 108, 110, 111, 132, 133, 134, 137, 138, 139, 140, 141, 142, 144, 145, 148, 149, 150, 151, 152, 153, 155, 156, 160, 161, 164, 172, 173, 174, 177, 187, 188, 189, 190, 191, 192, 195, 198, 199, 205, 207, 208, 210, 214, 224, 234, 244, 248, 255, 270, 272, 275, 276, 279, 282, 284, 285, 288, 289, 290, 291, 292, 293, 294, 297, 299, 301, 303, 304, 305, 306, 307, 308, 309, 313, 323, 324, 333, 334, 335, 337, 339, 341, 343, 345, 346, 348, 350, 352, 354, 356, 362, 363, 365, 366, 367, 368, 369, 370, 421, 422, 432, 436, 468, 469, 470, 471, 472, 473, 474, 477, 485, 486, 497, 498, 506, 513, 518, 522, 561, 562, 571, 572, 575, 576, 577, 578, 579, 580, 581, 584, 596, 598, 601, 603, 604, 606, 607, 609, 625, 626, 628, 629, 630], "excluded_lines": [], "functions": {"RateLimiter.__init__": {"executed_lines": [45, 46, 47, 48], "summary": {"covered_lines": 4, "num_statements": 4, "percent_covered": 100.0, "percent_covered_display": "100", "missing_lines": 0, "excluded_lines": 0}, "missing_lines": [], "excluded_lines": []}, "RateLimiter._clean_old_requests": {"executed_lines": [52, 53, 54], "summary": {"covered_lines": 3, "num_statements": 3, "percent_covered": 100.0, "percent_covered_display": "100", "missing_lines": 0, "excluded_lines": 0}, "missing_lines": [], "excluded_lines": []}, "RateLimiter._get_current_token_usage": {"executed_lines": [58], "summary": {"covered_lines": 1, "num_statements": 1, "percent_covered": 100.0, "percent_covered_display": "100", "missing_lines": 0, "excluded_lines": 0}, "missing_lines": [], "excluded_lines": []}, "RateLimiter._should_rate_limit": {"executed_lines": [62, 63, 66, 72, 73, 78], "summary": {"covered_lines": 6, "num_statements": 12, "percent_covered": 50.0, "percent_covered_display": "50", "missing_lines": 6, "excluded_lines": 0}, "missing_lines": [67, 68, 69, 74, 75, 76], "excluded_lines": []}, "RateLimiter.record_request": {"executed_lines": [82, 83, 84, 85], "summary": {"covered_lines": 4, "num_statements": 4, "percent_covered": 100.0, "percent_covered_display": "100", "missing_lines": 0, "excluded_lines": 0}, "missing_lines": [], "excluded_lines": []}, "RateLimiter.wait_if_needed": {"executed_lines": [89, 90], "summary": {"covered_lines": 2, "num_statements": 4, "percent_covered": 50.0, "percent_covered_display": "50", "missing_lines": 2, "excluded_lines": 0}, "missing_lines": [91, 92], "excluded_lines": []}, "with_rate_limiting": {"executed_lines": [], "summary": {"covered_lines": 0, "num_statements": 2, "percent_covered": 0.0, "percent_covered_display": "0", "missing_lines": 2, "excluded_lines": 0}, "missing_lines": [103, 111], "excluded_lines": []}, "with_rate_limiting.decorator": {"executed_lines": [], "summary": {"covered_lines": 0, "num_statements": 4, "percent_covered": 0.0, "percent_covered_display": "0", "missing_lines": 4, "excluded_lines": 0}, "missing_lines": [104, 106, 107, 110], "excluded_lines": []}, "with_rate_limiting.decorator.wrapper": {"executed_lines": [], "summary": {"covered_lines": 0, "num_statements": 1, "percent_covered": 0.0, "percent_covered_display": "0", "missing_lines": 1, "excluded_lines": 0}, "missing_lines": [108], "excluded_lines": []}, "_execute_with_retry": {"executed_lines": [116, 118, 119, 121, 122, 125, 128, 130], "summary": {"covered_lines": 8, "num_statements": 30, "percent_covered": 26.666666666666668, "percent_covered_display": "27", "missing_lines": 22, "excluded_lines": 0}, "missing_lines": [132, 133, 134, 137, 138, 139, 140, 141, 142, 144, 145, 148, 149, 150, 151, 152, 153, 155, 156, 160, 161, 164], "excluded_lines": []}, "RateLimitedChatOpenAI.__init__": {"executed_lines": [], "summary": {"covered_lines": 0, "num_statements": 17, "percent_covered": 0.0, "percent_covered_display": "0", "missing_lines": 17, "excluded_lines": 0}, "missing_lines": [172, 173, 174, 177, 187, 188, 189, 190, 191, 192, 195, 198, 199, 205, 207, 208, 210], "excluded_lines": []}, "RateLimitedChatOpenAI.invoke": {"executed_lines": [], "summary": {"covered_lines": 0, "num_statements": 1, "percent_covered": 0.0, "percent_covered_display": "0", "missing_lines": 1, "excluded_lines": 0}, "missing_lines": [214], "excluded_lines": []}, "RateLimitedChatOpenAI.generate": {"executed_lines": [], "summary": {"covered_lines": 0, "num_statements": 1, "percent_covered": 0.0, "percent_covered_display": "0", "missing_lines": 1, "excluded_lines": 0}, "missing_lines": [224], "excluded_lines": []}, "RateLimitedChatOpenAI.predict": {"executed_lines": [], "summary": {"covered_lines": 0, "num_statements": 1, "percent_covered": 0.0, "percent_covered_display": "0", "missing_lines": 1, "excluded_lines": 0}, "missing_lines": [234], "excluded_lines": []}, "RateLimitedChatOpenAI.__call__": {"executed_lines": [], "summary": {"covered_lines": 0, "num_statements": 1, "percent_covered": 0.0, "percent_covered_display": "0", "missing_lines": 1, "excluded_lines": 0}, "missing_lines": [244], "excluded_lines": []}, "RateLimitedChatOpenAI.__getattr__": {"executed_lines": [], "summary": {"covered_lines": 0, "num_statements": 1, "percent_covered": 0.0, "percent_covered_display": "0", "missing_lines": 1, "excluded_lines": 0}, "missing_lines": [248], "excluded_lines": []}, "create_rate_limited_llm": {"executed_lines": [], "summary": {"covered_lines": 0, "num_statements": 1, "percent_covered": 0.0, "percent_covered_display": "0", "missing_lines": 1, "excluded_lines": 0}, "missing_lines": [255], "excluded_lines": []}, "create_ollama_llm": {"executed_lines": [], "summary": {"covered_lines": 0, "num_statements": 25, "percent_covered": 0.0, "percent_covered_display": "0", "missing_lines": 25, "excluded_lines": 0}, "missing_lines": [270, 272, 275, 276, 279, 282, 284, 285, 288, 289, 299, 337, 341, 345, 348, 352, 356, 362, 363, 365, 366, 367, 368, 369, 370], "excluded_lines": []}, "create_ollama_llm.LiteLLMOllamaWrapper.__init__": {"executed_lines": [], "summary": {"covered_lines": 0, "num_statements": 6, "percent_covered": 0.0, "percent_covered_display": "0", "missing_lines": 6, "excluded_lines": 0}, "missing_lines": [290, 291, 292, 293, 294, 297], "excluded_lines": []}, "create_ollama_llm.LiteLLMOllamaWrapper.invoke": {"executed_lines": [], "summary": {"covered_lines": 0, "num_statements": 14, "percent_covered": 0.0, "percent_covered_display": "0", "missing_lines": 14, "excluded_lines": 0}, "missing_lines": [301, 303, 304, 305, 306, 307, 308, 309, 313, 323, 324, 333, 334, 335], "excluded_lines": []}, "create_ollama_llm.LiteLLMOllamaWrapper.generate": {"executed_lines": [], "summary": {"covered_lines": 0, "num_statements": 1, "percent_covered": 0.0, "percent_covered_display": "0", "missing_lines": 1, "excluded_lines": 0}, "missing_lines": [339], "excluded_lines": []}, "create_ollama_llm.LiteLLMOllamaWrapper.predict": {"executed_lines": [], "summary": {"covered_lines": 0, "num_statements": 1, "percent_covered": 0.0, "percent_covered_display": "0", "missing_lines": 1, "excluded_lines": 0}, "missing_lines": [343], "excluded_lines": []}, "create_ollama_llm.LiteLLMOllamaWrapper.__call__": {"executed_lines": [], "summary": {"covered_lines": 0, "num_statements": 1, "percent_covered": 0.0, "percent_covered_display": "0", "missing_lines": 1, "excluded_lines": 0}, "missing_lines": [346], "excluded_lines": []}, "create_ollama_llm.LiteLLMOllamaWrapper.enable_crew_mode": {"executed_lines": [], "summary": {"covered_lines": 0, "num_statements": 1, "percent_covered": 0.0, "percent_covered_display": "0", "missing_lines": 1, "excluded_lines": 0}, "missing_lines": [350], "excluded_lines": []}, "create_ollama_llm.LiteLLMOllamaWrapper.disable_crew_mode": {"executed_lines": [], "summary": {"covered_lines": 0, "num_statements": 1, "percent_covered": 0.0, "percent_covered_display": "0", "missing_lines": 1, "excluded_lines": 0}, "missing_lines": [354], "excluded_lines": []}, "RateLimitedZAI.__init__": {"executed_lines": [380, 383, 384, 385, 386, 387, 388, 389, 390, 391, 392, 393, 394, 395, 396, 398, 399, 402, 411, 414, 415, 416, 424], "summary": {"covered_lines": 23, "num_statements": 25, "percent_covered": 92.0, "percent_covered_display": "92", "missing_lines": 2, "excluded_lines": 0}, "missing_lines": [421, 422], "excluded_lines": []}, "RateLimitedZAI.invoke": {"executed_lines": [428], "summary": {"covered_lines": 1, "num_statements": 1, "percent_covered": 100.0, "percent_covered_display": "100", "missing_lines": 0, "excluded_lines": 0}, "missing_lines": [], "excluded_lines": []}, "RateLimitedZAI.generate": {"executed_lines": [], "summary": {"covered_lines": 0, "num_statements": 1, "percent_covered": 0.0, "percent_covered_display": "0", "missing_lines": 1, "excluded_lines": 0}, "missing_lines": [432], "excluded_lines": []}, "RateLimitedZAI.predict": {"executed_lines": [], "summary": {"covered_lines": 0, "num_statements": 1, "percent_covered": 0.0, "percent_covered_display": "0", "missing_lines": 1, "excluded_lines": 0}, "missing_lines": [436], "excluded_lines": []}, "RateLimitedZAI._execute_with_rate_limit": {"executed_lines": [440], "summary": {"covered_lines": 1, "num_statements": 1, "percent_covered": 100.0, "percent_covered_display": "100", "missing_lines": 0, "excluded_lines": 0}, "missing_lines": [], "excluded_lines": []}, "RateLimitedZAI._invoke_internal": {"executed_lines": [445, 447, 456, 457], "summary": {"covered_lines": 4, "num_statements": 4, "percent_covered": 100.0, "percent_covered_display": "100", "missing_lines": 0, "excluded_lines": 0}, "missing_lines": [], "excluded_lines": []}, "RateLimitedZAI._generate_internal": {"executed_lines": [], "summary": {"covered_lines": 0, "num_statements": 10, "percent_covered": 0.0, "percent_covered_display": "0", "missing_lines": 10, "excluded_lines": 0}, "missing_lines": [468, 469, 470, 471, 472, 473, 474, 477, 485, 486], "excluded_lines": []}, "RateLimitedZAI._predict_internal": {"executed_lines": [], "summary": {"covered_lines": 0, "num_statements": 3, "percent_covered": 0.0, "percent_covered_display": "0", "missing_lines": 3, "excluded_lines": 0}, "missing_lines": [497, 498, 506], "excluded_lines": []}, "RateLimitedZAI._convert_to_messages": {"executed_lines": [510, 511, 512, 514, 515, 516], "summary": {"covered_lines": 6, "num_statements": 8, "percent_covered": 75.0, "percent_covered_display": "75", "missing_lines": 2, "excluded_lines": 0}, "missing_lines": [513, 518], "excluded_lines": []}, "RateLimitedZAI.__call__": {"executed_lines": [], "summary": {"covered_lines": 0, "num_statements": 1, "percent_covered": 0.0, "percent_covered_display": "0", "missing_lines": 1, "excluded_lines": 0}, "missing_lines": [522], "excluded_lines": []}, "RateLimitedZAI.enable_crew_mode": {"executed_lines": [526], "summary": {"covered_lines": 1, "num_statements": 1, "percent_covered": 100.0, "percent_covered_display": "100", "missing_lines": 0, "excluded_lines": 0}, "missing_lines": [], "excluded_lines": []}, "RateLimitedZAI.disable_crew_mode": {"executed_lines": [530], "summary": {"covered_lines": 1, "num_statements": 1, "percent_covered": 100.0, "percent_covered_display": "100", "missing_lines": 0, "excluded_lines": 0}, "missing_lines": [], "excluded_lines": []}, "create_z_ai_llm": {"executed_lines": [543], "summary": {"covered_lines": 1, "num_statements": 1, "percent_covered": 100.0, "percent_covered_display": "100", "missing_lines": 0, "excluded_lines": 0}, "missing_lines": [], "excluded_lines": []}, "get_llm_backend": {"executed_lines": [555, 556, 557, 558, 559, 560, 565, 566, 567, 568, 569, 570], "summary": {"covered_lines": 12, "num_statements": 24, "percent_covered": 50.0, "percent_covered_display": "50", "missing_lines": 12, "excluded_lines": 0}, "missing_lines": [561, 562, 571, 572, 575, 576, 577, 578, 579, 580, 581, 584], "excluded_lines": []}, "get_fallback_llm": {"executed_lines": [], "summary": {"covered_lines": 0, "num_statements": 13, "percent_covered": 0.0, "percent_covered_display": "0", "missing_lines": 13, "excluded_lines": 0}, "missing_lines": [596, 598, 601, 603, 604, 606, 607, 609, 625, 626, 628, 629, 630], "excluded_lines": []}, "": {"executed_lines": [1, 5, 6, 7, 8, 9, 10, 11, 13, 16, 17, 18, 19, 20, 21, 22, 23, 24, 27, 28, 29, 30, 31, 32, 33, 34, 35, 36, 39, 40, 44, 50, 56, 60, 80, 87, 99, 114, 167, 168, 171, 212, 222, 232, 242, 246, 251, 258, 375, 376, 379, 426, 430, 434, 438, 442, 466, 495, 508, 520, 524, 528, 533, 546, 592], "summary": {"covered_lines": 59, "num_statements": 59, "percent_covered": 100.0, "percent_covered_display": "100", "missing_lines": 0, "excluded_lines": 0}, "missing_lines": [], "excluded_lines": []}}, "classes": {"RateLimitConfig": {"executed_lines": [], "summary": {"covered_lines": 0, "num_statements": 0, "percent_covered": 100.0, "percent_covered_display": "100", "missing_lines": 0, "excluded_lines": 0}, "missing_lines": [], "excluded_lines": []}, "ZAIConfig": {"executed_lines": [], "summary": {"covered_lines": 0, "num_statements": 0, "percent_covered": 100.0, "percent_covered_display": "100", "missing_lines": 0, "excluded_lines": 0}, "missing_lines": [], "excluded_lines": []}, "RateLimiter": {"executed_lines": [45, 46, 47, 48, 52, 53, 54, 58, 62, 63, 66, 72, 73, 78, 82, 83, 84, 85, 89, 90], "summary": {"covered_lines": 20, "num_statements": 28, "percent_covered": 71.42857142857143, "percent_covered_display": "71", "missing_lines": 8, "excluded_lines": 0}, "missing_lines": [67, 68, 69, 74, 75, 76, 91, 92], "excluded_lines": []}, "RateLimitedChatOpenAI": {"executed_lines": [], "summary": {"covered_lines": 0, "num_statements": 22, "percent_covered": 0.0, "percent_covered_display": "0", "missing_lines": 22, "excluded_lines": 0}, "missing_lines": [172, 173, 174, 177, 187, 188, 189, 190, 191, 192, 195, 198, 199, 205, 207, 208, 210, 214, 224, 234, 244, 248], "excluded_lines": []}, "create_ollama_llm.LiteLLMOllamaWrapper": {"executed_lines": [], "summary": {"covered_lines": 0, "num_statements": 25, "percent_covered": 0.0, "percent_covered_display": "0", "missing_lines": 25, "excluded_lines": 0}, "missing_lines": [290, 291, 292, 293, 294, 297, 301, 303, 304, 305, 306, 307, 308, 309, 313, 323, 324, 333, 334, 335, 339, 343, 346, 350, 354], "excluded_lines": []}, "RateLimitedZAI": {"executed_lines": [380, 383, 384, 385, 386, 387, 388, 389, 390, 391, 392, 393, 394, 395, 396, 398, 399, 402, 411, 414, 415, 416, 424, 428, 440, 445, 447, 456, 457, 510, 511, 512, 514, 515, 516, 526, 530], "summary": {"covered_lines": 37, "num_statements": 57, "percent_covered": 64.91228070175438, "percent_covered_display": "65", "missing_lines": 20, "excluded_lines": 0}, "missing_lines": [421, 422, 432, 436, 468, 469, 470, 471, 472, 473, 474, 477, 485, 486, 497, 498, 506, 513, 518, 522], "excluded_lines": []}, "": {"executed_lines": [1, 5, 6, 7, 8, 9, 10, 11, 13, 16, 17, 18, 19, 20, 21, 22, 23, 24, 27, 28, 29, 30, 31, 32, 33, 34, 35, 36, 39, 40, 44, 50, 56, 60, 80, 87, 99, 114, 116, 118, 119, 121, 122, 125, 128, 130, 167, 168, 171, 212, 222, 232, 242, 246, 251, 258, 375, 376, 379, 426, 430, 434, 438, 442, 466, 495, 508, 520, 524, 528, 533, 543, 546, 555, 556, 557, 558, 559, 560, 565, 566, 567, 568, 569, 570, 592], "summary": {"covered_lines": 80, "num_statements": 160, "percent_covered": 50.0, "percent_covered_display": "50", "missing_lines": 80, "excluded_lines": 0}, "missing_lines": [103, 104, 106, 107, 108, 110, 111, 132, 133, 134, 137, 138, 139, 140, 141, 142, 144, 145, 148, 149, 150, 151, 152, 153, 155, 156, 160, 161, 164, 255, 270, 272, 275, 276, 279, 282, 284, 285, 288, 289, 299, 337, 341, 345, 348, 352, 356, 362, 363, 365, 366, 367, 368, 369, 370, 561, 562, 571, 572, 575, 576, 577, 578, 579, 580, 581, 584, 596, 598, 601, 603, 604, 606, 607, 609, 625, 626, 628, 629, 630], "excluded_lines": []}}}, "utils\\vector_db_client.py": {"executed_lines": [1, 2, 3, 4, 5, 6, 8, 10, 11, 12, 13, 15, 16, 17, 18, 20, 92, 136, 145, 176], "summary": {"covered_lines": 19, "num_statements": 87, "percent_covered": 21.839080459770116, "percent_covered_display": "22", "missing_lines": 68, "excluded_lines": 2}, "missing_lines": [36, 37, 39, 40, 42, 43, 44, 46, 47, 49, 50, 54, 63, 65, 66, 69, 70, 71, 74, 76, 80, 81, 82, 85, 86, 87, 90, 107, 108, 109, 110, 112, 113, 114, 115, 117, 121, 122, 124, 125, 127, 128, 129, 130, 131, 132, 133, 134, 138, 142, 148, 149, 151, 152, 154, 155, 157, 158, 160, 163, 164, 165, 167, 168, 169, 170, 172, 174], "excluded_lines": [176, 184], "functions": {"VectorDBClient.__init__": {"executed_lines": [12, 13, 15, 16, 17, 18], "summary": {"covered_lines": 6, "num_statements": 6, "percent_covered": 100.0, "percent_covered_display": "100", "missing_lines": 0, "excluded_lines": 0}, "missing_lines": [], "excluded_lines": []}, "VectorDBClient.index_document": {"executed_lines": [], "summary": {"covered_lines": 0, "num_statements": 27, "percent_covered": 0.0, "percent_covered_display": "0", "missing_lines": 27, "excluded_lines": 0}, "missing_lines": [36, 37, 39, 40, 42, 43, 44, 46, 47, 49, 50, 54, 63, 65, 66, 69, 70, 71, 74, 76, 80, 81, 82, 85, 86, 87, 90], "excluded_lines": []}, "VectorDBClient.search_documents": {"executed_lines": [], "summary": {"covered_lines": 0, "num_statements": 21, "percent_covered": 0.0, "percent_covered_display": "0", "missing_lines": 21, "excluded_lines": 0}, "missing_lines": [107, 108, 109, 110, 112, 113, 114, 115, 117, 121, 122, 124, 125, 127, 128, 129, 130, 131, 132, 133, 134], "excluded_lines": []}, "VectorDBClient.close": {"executed_lines": [], "summary": {"covered_lines": 0, "num_statements": 2, "percent_covered": 0.0, "percent_covered_display": "0", "missing_lines": 2, "excluded_lines": 0}, "missing_lines": [138, 142], "excluded_lines": []}, "main": {"executed_lines": [], "summary": {"covered_lines": 0, "num_statements": 18, "percent_covered": 0.0, "percent_covered_display": "0", "missing_lines": 18, "excluded_lines": 0}, "missing_lines": [148, 149, 151, 152, 154, 155, 157, 158, 160, 163, 164, 165, 167, 168, 169, 170, 172, 174], "excluded_lines": []}, "": {"executed_lines": [1, 2, 3, 4, 5, 6, 8, 10, 11, 20, 92, 136, 145, 176], "summary": {"covered_lines": 13, "num_statements": 13, "percent_covered": 100.0, "percent_covered_display": "100", "missing_lines": 0, "excluded_lines": 2}, "missing_lines": [], "excluded_lines": [176, 184]}}, "classes": {"VectorDBClient": {"executed_lines": [12, 13, 15, 16, 17, 18], "summary": {"covered_lines": 6, "num_statements": 56, "percent_covered": 10.714285714285714, "percent_covered_display": "11", "missing_lines": 50, "excluded_lines": 0}, "missing_lines": [36, 37, 39, 40, 42, 43, 44, 46, 47, 49, 50, 54, 63, 65, 66, 69, 70, 71, 74, 76, 80, 81, 82, 85, 86, 87, 90, 107, 108, 109, 110, 112, 113, 114, 115, 117, 121, 122, 124, 125, 127, 128, 129, 130, 131, 132, 133, 134, 138, 142], "excluded_lines": []}, "": {"executed_lines": [1, 2, 3, 4, 5, 6, 8, 10, 11, 20, 92, 136, 145, 176], "summary": {"covered_lines": 13, "num_statements": 31, "percent_covered": 41.935483870967744, "percent_covered_display": "42", "missing_lines": 18, "excluded_lines": 2}, "missing_lines": [148, 149, 151, 152, 154, 155, 157, 158, 160, 163, 164, 165, 167, 168, 169, 170, 172, 174], "excluded_lines": [176, 184]}}}}, "totals": {"covered_lines": 5183, "num_statements": 15223, "percent_covered": 34.047165473296985, "percent_covered_display": "34", "missing_lines": 10040, "excluded_lines": 413}}